[ 2016-04-09T11:40:12+08:00 ] ::1 /notebook_php/index.php/Login/index
INFO: [ app_init ] --START--
INFO: Run Behavior\BuildLiteBehavior [ RunTime:0.000000s ]
INFO: [ app_init ] --END-- [ RunTime:0.000000s ]
INFO: [ app_begin ] --START--
INFO: Run Behavior\ReadHtmlCacheBehavior [ RunTime:0.001000s ]
INFO: [ app_begin ] --END-- [ RunTime:0.002000s ]

[ 2016-04-09T11:40:12+08:00 ] ::1 /notebook_php/index.php/Login/index
INFO: [ app_init ] --START--
INFO: Run Behavior\BuildLiteBehavior [ RunTime:0.000000s ]
INFO: [ app_init ] --END-- [ RunTime:0.001000s ]
INFO: [ app_begin ] --START--
INFO: Run Behavior\ReadHtmlCacheBehavior [ RunTime:0.001000s ]
INFO: [ app_begin ] --END-- [ RunTime:0.001000s ]

[ 2016-04-09T11:40:13+08:00 ] ::1 /notebook_php/index.php/Login/index
INFO: [ app_init ] --START--
INFO: Run Behavior\BuildLiteBehavior [ RunTime:0.001000s ]
INFO: [ app_init ] --END-- [ RunTime:0.001000s ]
INFO: [ app_begin ] --START--
INFO: Run Behavior\ReadHtmlCacheBehavior [ RunTime:0.001000s ]
INFO: [ app_begin ] --END-- [ RunTime:0.001000s ]

[ 2016-04-09T11:40:13+08:00 ] ::1 /notebook_php/index.php/Login/index
INFO: [ app_init ] --START--
INFO: Run Behavior\BuildLiteBehavior [ RunTime:0.000000s ]
INFO: [ app_init ] --END-- [ RunTime:0.001000s ]
INFO: [ app_begin ] --START--
INFO: Run Behavior\ReadHtmlCacheBehavior [ RunTime:0.001000s ]
INFO: [ app_begin ] --END-- [ RunTime:0.001000s ]

[ 2016-04-09T11:40:13+08:00 ] ::1 /notebook_php/index.php/Login/index
INFO: [ app_init ] --START--
INFO: Run Behavior\BuildLiteBehavior [ RunTime:0.000000s ]
INFO: [ app_init ] --END-- [ RunTime:0.001000s ]
INFO: [ app_begin ] --START--
INFO: Run Behavior\ReadHtmlCacheBehavior [ RunTime:0.001000s ]
INFO: [ app_begin ] --END-- [ RunTime:0.001000s ]

[ 2016-04-09T11:40:13+08:00 ] ::1 /notebook_php/index.php/Login/index
INFO: [ app_init ] --START--
INFO: Run Behavior\BuildLiteBehavior [ RunTime:0.000000s ]
INFO: [ app_init ] --END-- [ RunTime:0.002000s ]
INFO: [ app_begin ] --START--
INFO: Run Behavior\ReadHtmlCacheBehavior [ RunTime:0.001000s ]
INFO: [ app_begin ] --END-- [ RunTime:0.001000s ]

[ 2016-04-09T11:40:14+08:00 ] ::1 /notebook_php/index.php/Login/index
INFO: [ app_init ] --START--
INFO: Run Behavior\BuildLiteBehavior [ RunTime:0.000000s ]
INFO: [ app_init ] --END-- [ RunTime:0.000000s ]
INFO: [ app_begin ] --START--
INFO: Run Behavior\ReadHtmlCacheBehavior [ RunTime:0.001000s ]
INFO: [ app_begin ] --END-- [ RunTime:0.001000s ]

[ 2016-04-09T12:10:08+08:00 ] ::1 /notebook_php/index.php/Login/index
INFO: [ app_init ] --START--
INFO: Run Behavior\BuildLiteBehavior [ RunTime:0.000000s ]
INFO: [ app_init ] --END-- [ RunTime:0.001000s ]
INFO: [ app_begin ] --START--
INFO: Run Behavior\ReadHtmlCacheBehavior [ RunTime:0.001000s ]
INFO: [ app_begin ] --END-- [ RunTime:0.001000s ]
INFO: [ view_parse ] --START--
INFO: [ template_filter ] --START--
INFO: Run Behavior\ContentReplaceBehavior [ RunTime:0.000000s ]
INFO: [ template_filter ] --END-- [ RunTime:0.001000s ]
INFO: Run Behavior\ParseTemplateBehavior [ RunTime:0.035002s ]
INFO: [ view_parse ] --END-- [ RunTime:0.035002s ]
INFO: [ view_filter ] --START--
INFO: Run Behavior\WriteHtmlCacheBehavior [ RunTime:0.015001s ]
INFO: [ view_filter ] --END-- [ RunTime:0.015001s ]
INFO: [ app_end ] --START--
INFO: Run Behavior\ShowPageTraceBehavior [ RunTime:0.004000s ]
INFO: [ app_end ] --END-- [ RunTime:0.005000s ]

[ 2016-04-09T12:49:18+08:00 ] ::1 /notebook_php/index.php/Login/index
INFO: [ app_init ] --START--
INFO: Run Behavior\BuildLiteBehavior [ RunTime:0.000000s ]
INFO: [ app_init ] --END-- [ RunTime:0.002000s ]
INFO: [ app_begin ] --START--
INFO: Run Behavior\ReadHtmlCacheBehavior [ RunTime:0.001000s ]
INFO: [ app_begin ] --END-- [ RunTime:0.001000s ]
INFO: [ view_parse ] --START--
INFO: [ template_filter ] --START--
INFO: Run Behavior\ContentReplaceBehavior [ RunTime:0.001000s ]
INFO: [ template_filter ] --END-- [ RunTime:0.001000s ]
INFO: Run Behavior\ParseTemplateBehavior [ RunTime:0.014001s ]
INFO: [ view_parse ] --END-- [ RunTime:0.014001s ]
INFO: [ view_filter ] --START--
INFO: Run Behavior\WriteHtmlCacheBehavior [ RunTime:0.001000s ]
INFO: [ view_filter ] --END-- [ RunTime:0.001000s ]
INFO: [ app_end ] --START--
INFO: Run Behavior\ShowPageTraceBehavior [ RunTime:0.001000s ]
INFO: [ app_end ] --END-- [ RunTime:0.002000s ]

[ 2016-04-09T12:49:21+08:00 ] ::1 /notebook_php/index.php/Login/doLogin
INFO: [ app_init ] --START--
INFO: Run Behavior\BuildLiteBehavior [ RunTime:0.000000s ]
INFO: [ app_init ] --END-- [ RunTime:0.001000s ]
INFO: [ app_begin ] --START--
INFO: Run Behavior\ReadHtmlCacheBehavior [ RunTime:0.000000s ]
INFO: [ app_begin ] --END-- [ RunTime:0.002000s ]
ERR: 1146:Table 'jsjkxyjs.jsjkxyjs_passport' doesn't exist
 [ SQL语句 ] : SHOW COLUMNS FROM `jsjkxyjs_passport`
ERR: 1146:Table 'jsjkxyjs.jsjkxyjs_passport' doesn't exist
 [ SQL语句 ] : SHOW COLUMNS FROM `jsjkxyjs_passport`

[ 2016-04-09T12:52:37+08:00 ] ::1 /notebook_php/index.php/Login/doLogin
INFO: [ app_init ] --START--
INFO: Run Behavior\BuildLiteBehavior [ RunTime:0.000000s ]
INFO: [ app_init ] --END-- [ RunTime:0.001000s ]
INFO: [ app_begin ] --START--
INFO: Run Behavior\ReadHtmlCacheBehavior [ RunTime:0.001000s ]
INFO: [ app_begin ] --END-- [ RunTime:0.001000s ]
ERR: 1146:Table 'jsjkxyjs.jsjkxyjs_passport' doesn't exist
 [ SQL语句 ] : SHOW COLUMNS FROM `jsjkxyjs_passport`
ERR: 1146:Table 'jsjkxyjs.jsjkxyjs_passport' doesn't exist
 [ SQL语句 ] : SHOW COLUMNS FROM `jsjkxyjs_passport`

[ 2016-04-09T12:53:17+08:00 ] ::1 /notebook_php/index.php/Login/doLogin
INFO: [ app_init ] --START--
INFO: Run Behavior\BuildLiteBehavior [ RunTime:0.000000s ]
INFO: [ app_init ] --END-- [ RunTime:0.000000s ]
INFO: [ app_begin ] --START--
INFO: Run Behavior\ReadHtmlCacheBehavior [ RunTime:0.002000s ]
INFO: [ app_begin ] --END-- [ RunTime:0.002000s ]
ERR: 1146:Table 'jsjkxyjs.jsjkxyjs_passport' doesn't exist
 [ SQL语句 ] : SHOW COLUMNS FROM `jsjkxyjs_passport`
ERR: 1146:Table 'jsjkxyjs.jsjkxyjs_passport' doesn't exist
 [ SQL语句 ] : SHOW COLUMNS FROM `jsjkxyjs_passport`

[ 2016-04-09T12:54:02+08:00 ] ::1 /notebook_php/index.php/Login/doLogin
INFO: [ app_init ] --START--
INFO: Run Behavior\BuildLiteBehavior [ RunTime:0.000000s ]
INFO: [ app_init ] --END-- [ RunTime:0.001001s ]
INFO: [ app_begin ] --START--
INFO: Run Behavior\ReadHtmlCacheBehavior [ RunTime:0.001000s ]
INFO: [ app_begin ] --END-- [ RunTime:0.001000s ]
ERR: 1146:Table 'jsjkxyjs.jsjkxyjs_passport' doesn't exist
 [ SQL语句 ] : SHOW COLUMNS FROM `jsjkxyjs_passport`
ERR: 1146:Table 'jsjkxyjs.jsjkxyjs_passport' doesn't exist
 [ SQL语句 ] : SHOW COLUMNS FROM `jsjkxyjs_passport`

[ 2016-04-09T12:56:40+08:00 ] ::1 /notebook_php/index.php/Login/doLogin
INFO: [ app_init ] --START--
INFO: Run Behavior\BuildLiteBehavior [ RunTime:0.000000s ]
INFO: [ app_init ] --END-- [ RunTime:0.001000s ]
INFO: [ app_begin ] --START--
INFO: Run Behavior\ReadHtmlCacheBehavior [ RunTime:0.001000s ]
INFO: [ app_begin ] --END-- [ RunTime:0.002000s ]
ERR: 1146:Table 'jsjkxyjs.jsjkxyjs_passport' doesn't exist
 [ SQL语句 ] : SHOW COLUMNS FROM `jsjkxyjs_passport`
ERR: 1146:Table 'jsjkxyjs.jsjkxyjs_passport' doesn't exist
 [ SQL语句 ] : SHOW COLUMNS FROM `jsjkxyjs_passport`

[ 2016-04-09T12:57:11+08:00 ] ::1 /notebook_php/index.php/Login/doLogin
INFO: [ app_init ] --START--
INFO: Run Behavior\BuildLiteBehavior [ RunTime:0.000000s ]
INFO: [ app_init ] --END-- [ RunTime:0.001000s ]
INFO: [ app_begin ] --START--
INFO: Run Behavior\ReadHtmlCacheBehavior [ RunTime:0.001000s ]
INFO: [ app_begin ] --END-- [ RunTime:0.001000s ]

[ 2016-04-09T12:57:31+08:00 ] ::1 /notebook_php/index.php/Login/doLogin
INFO: [ app_init ] --START--
INFO: Run Behavior\BuildLiteBehavior [ RunTime:0.000000s ]
INFO: [ app_init ] --END-- [ RunTime:0.001000s ]
INFO: [ app_begin ] --START--
INFO: Run Behavior\ReadHtmlCacheBehavior [ RunTime:0.001000s ]
INFO: [ app_begin ] --END-- [ RunTime:0.002000s ]
ERR: 1146:Table 'jsjkxyjs.jsjkxyjs_passport' doesn't exist
 [ SQL语句 ] : SHOW COLUMNS FROM `jsjkxyjs_passport`
ERR: 1146:Table 'jsjkxyjs.jsjkxyjs_passport' doesn't exist
 [ SQL语句 ] : SHOW COLUMNS FROM `jsjkxyjs_passport`

[ 2016-04-09T12:58:37+08:00 ] ::1 /notebook_php/index.php/Login/doLogin
INFO: [ app_init ] --START--
INFO: Run Behavior\BuildLiteBehavior [ RunTime:0.000000s ]
INFO: [ app_init ] --END-- [ RunTime:0.001000s ]
INFO: [ app_begin ] --START--
INFO: Run Behavior\ReadHtmlCacheBehavior [ RunTime:0.000000s ]
INFO: [ app_begin ] --END-- [ RunTime:0.001000s ]
ERR: 1146:Table 'jsjkxyjs.jsjkxyjs_passport' doesn't exist
 [ SQL语句 ] : SHOW COLUMNS FROM `jsjkxyjs_passport`
ERR: 1146:Table 'jsjkxyjs.jsjkxyjs_passport' doesn't exist
 [ SQL语句 ] : SHOW COLUMNS FROM `jsjkxyjs_passport`

[ 2016-04-09T12:59:14+08:00 ] ::1 /notebook_php/index.php/Login/doLogin
INFO: [ app_init ] --START--
INFO: Run Behavior\BuildLiteBehavior [ RunTime:0.000000s ]
INFO: [ app_init ] --END-- [ RunTime:0.001000s ]
INFO: [ app_begin ] --START--
INFO: Run Behavior\ReadHtmlCacheBehavior [ RunTime:0.001000s ]
INFO: [ app_begin ] --END-- [ RunTime:0.001000s ]
ERR: 1146:Table 'jsjkxyjs.jsjkxyjs_account' doesn't exist
 [ SQL语句 ] : SHOW COLUMNS FROM `jsjkxyjs_account`
ERR: 1146:Table 'jsjkxyjs.jsjkxyjs_account' doesn't exist
 [ SQL语句 ] : SHOW COLUMNS FROM `jsjkxyjs_account`

[ 2016-04-09T13:03:39+08:00 ] ::1 /notebook_php/index.php/Login/doLogin
INFO: [ app_init ] --START--
INFO: Run Behavior\BuildLiteBehavior [ RunTime:0.000000s ]
INFO: [ app_init ] --END-- [ RunTime:0.001000s ]
INFO: [ app_begin ] --START--
INFO: Run Behavior\ReadHtmlCacheBehavior [ RunTime:0.001000s ]
INFO: [ app_begin ] --END-- [ RunTime:0.001000s ]
ERR: 1146:Table 'jsjkxyjs.jsjkxyjs_account' doesn't exist
 [ SQL语句 ] : SHOW COLUMNS FROM `jsjkxyjs_account`
ERR: 1146:Table 'jsjkxyjs.jsjkxyjs_account' doesn't exist
 [ SQL语句 ] : SHOW COLUMNS FROM `jsjkxyjs_account`

[ 2016-04-09T13:05:28+08:00 ] ::1 /notebook_php/index.php/Login/doLogin
INFO: [ app_init ] --START--
INFO: Run Behavior\BuildLiteBehavior [ RunTime:0.000000s ]
INFO: [ app_init ] --END-- [ RunTime:0.001000s ]
INFO: [ app_begin ] --START--
INFO: Run Behavior\ReadHtmlCacheBehavior [ RunTime:0.001001s ]
INFO: [ app_begin ] --END-- [ RunTime:0.002001s ]
SQL: SHOW COLUMNS FROM `jsjkxyjs_account` [ RunTime:0.0040s ]

[ 2016-04-09T13:06:17+08:00 ] ::1 /notebook_php/index.php/Login/doLogin
INFO: [ app_init ] --START--
INFO: Run Behavior\BuildLiteBehavior [ RunTime:0.000000s ]
INFO: [ app_init ] --END-- [ RunTime:0.001000s ]
INFO: [ app_begin ] --START--
INFO: Run Behavior\ReadHtmlCacheBehavior [ RunTime:0.001000s ]
INFO: [ app_begin ] --END-- [ RunTime:0.002000s ]
SQL: SHOW COLUMNS FROM `jsjkxyjs_account` [ RunTime:0.0040s ]

[ 2016-04-09T13:06:47+08:00 ] ::1 /notebook_php/index.php/Login/doLogin
INFO: [ app_init ] --START--
INFO: Run Behavior\BuildLiteBehavior [ RunTime:0.000000s ]
INFO: [ app_init ] --END-- [ RunTime:0.001000s ]
INFO: [ app_begin ] --START--
INFO: Run Behavior\ReadHtmlCacheBehavior [ RunTime:0.001000s ]
INFO: [ app_begin ] --END-- [ RunTime:0.002000s ]
SQL: SHOW COLUMNS FROM `jsjkxyjs_account` [ RunTime:0.0030s ]

[ 2016-04-09T13:07:14+08:00 ] ::1 /notebook_php/index.php/Login/doLogin
INFO: [ app_init ] --START--
INFO: Run Behavior\BuildLiteBehavior [ RunTime:0.000000s ]
INFO: [ app_init ] --END-- [ RunTime:0.001000s ]
INFO: [ app_begin ] --START--
INFO: Run Behavior\ReadHtmlCacheBehavior [ RunTime:0.002000s ]
INFO: [ app_begin ] --END-- [ RunTime:0.003000s ]
ERR: 1146:La table 'jsjkxyjs.jsjkxyjs_passport' n'existe pas
 [ SQL语句 ] : SHOW COLUMNS FROM `jsjkxyjs_passport`
ERR: 1146:La table 'jsjkxyjs.jsjkxyjs_passport' n'existe pas
 [ SQL语句 ] : SHOW COLUMNS FROM `jsjkxyjs_passport`

[ 2016-04-09T13:07:32+08:00 ] ::1 /notebook_php/index.php/Login/doLogin
INFO: [ app_init ] --START--
INFO: Run Behavior\BuildLiteBehavior [ RunTime:0.000000s ]
INFO: [ app_init ] --END-- [ RunTime:0.001000s ]
INFO: [ app_begin ] --START--
INFO: Run Behavior\ReadHtmlCacheBehavior [ RunTime:0.001000s ]
INFO: [ app_begin ] --END-- [ RunTime:0.002000s ]
SQL: SHOW COLUMNS FROM `jsjkxyjs_account` [ RunTime:0.0040s ]

[ 2016-04-09T13:08:03+08:00 ] ::1 /notebook_php/index.php/Login/doLogin
INFO: [ app_init ] --START--
INFO: Run Behavior\BuildLiteBehavior [ RunTime:0.000000s ]
INFO: [ app_init ] --END-- [ RunTime:0.001000s ]
INFO: [ app_begin ] --START--
INFO: Run Behavior\ReadHtmlCacheBehavior [ RunTime:0.001000s ]
INFO: [ app_begin ] --END-- [ RunTime:0.002000s ]
ERR: 1146:La table 'jsjkxyjs.jsjkxyjs_passport' n'existe pas
 [ SQL语句 ] : SHOW COLUMNS FROM `jsjkxyjs_passport`
ERR: 1146:La table 'jsjkxyjs.jsjkxyjs_passport' n'existe pas
 [ SQL语句 ] : SHOW COLUMNS FROM `jsjkxyjs_passport`

[ 2016-04-09T13:08:23+08:00 ] ::1 /notebook_php/index.php/Login/doLogin
INFO: [ app_init ] --START--
INFO: Run Behavior\BuildLiteBehavior [ RunTime:0.001000s ]
INFO: [ app_init ] --END-- [ RunTime:0.001000s ]
INFO: [ app_begin ] --START--
INFO: Run Behavior\ReadHtmlCacheBehavior [ RunTime:0.001000s ]
INFO: [ app_begin ] --END-- [ RunTime:0.002000s ]

[ 2016-04-09T13:08:36+08:00 ] ::1 /notebook_php/index.php/Login/doLogin
INFO: [ app_init ] --START--
INFO: Run Behavior\BuildLiteBehavior [ RunTime:0.000000s ]
INFO: [ app_init ] --END-- [ RunTime:0.001000s ]
INFO: [ app_begin ] --START--
INFO: Run Behavior\ReadHtmlCacheBehavior [ RunTime:0.001000s ]
INFO: [ app_begin ] --END-- [ RunTime:0.001000s ]

[ 2016-04-09T13:08:46+08:00 ] ::1 /notebook_php/index.php/Login/doLogin
INFO: [ app_init ] --START--
INFO: Run Behavior\BuildLiteBehavior [ RunTime:0.000000s ]
INFO: [ app_init ] --END-- [ RunTime:0.001000s ]
INFO: [ app_begin ] --START--
INFO: Run Behavior\ReadHtmlCacheBehavior [ RunTime:0.001000s ]
INFO: [ app_begin ] --END-- [ RunTime:0.001000s ]
SQL: SHOW COLUMNS FROM `jsjkxyjs_account` [ RunTime:0.0030s ]

[ 2016-04-09T13:11:04+08:00 ] ::1 /notebook_php/index.php/Login/doLogin
INFO: [ app_init ] --START--
INFO: Run Behavior\BuildLiteBehavior [ RunTime:0.000000s ]
INFO: [ app_init ] --END-- [ RunTime:0.001000s ]
INFO: [ app_begin ] --START--
INFO: Run Behavior\ReadHtmlCacheBehavior [ RunTime:0.001000s ]
INFO: [ app_begin ] --END-- [ RunTime:0.001000s ]
SQL: SHOW COLUMNS FROM `jsjkxyjs_user` [ RunTime:0.0040s ]

[ 2016-04-09T13:12:20+08:00 ] ::1 /notebook_php/index.php/Login/doLogin
INFO: [ app_init ] --START--
INFO: Run Behavior\BuildLiteBehavior [ RunTime:0.000000s ]
INFO: [ app_init ] --END-- [ RunTime:0.001001s ]
INFO: [ app_begin ] --START--
INFO: Run Behavior\ReadHtmlCacheBehavior [ RunTime:0.001000s ]
INFO: [ app_begin ] --END-- [ RunTime:0.001000s ]
SQL: SHOW COLUMNS FROM `jsjkxyjs_user` [ RunTime:0.0050s ]

[ 2016-04-09T13:12:30+08:00 ] ::1 /notebook_php/index.php/Login/doLogin
INFO: [ app_init ] --START--
INFO: Run Behavior\BuildLiteBehavior [ RunTime:0.000000s ]
INFO: [ app_init ] --END-- [ RunTime:0.001000s ]
INFO: [ app_begin ] --START--
INFO: Run Behavior\ReadHtmlCacheBehavior [ RunTime:0.001000s ]
INFO: [ app_begin ] --END-- [ RunTime:0.002000s ]
SQL: SHOW COLUMNS FROM `jsjkxyjs_user` [ RunTime:0.0040s ]

[ 2016-04-09T13:12:45+08:00 ] ::1 /notebook_php/index.php/Login/doLogin
INFO: [ app_init ] --START--
INFO: Run Behavior\BuildLiteBehavior [ RunTime:0.000000s ]
INFO: [ app_init ] --END-- [ RunTime:0.001000s ]
INFO: [ app_begin ] --START--
INFO: Run Behavior\ReadHtmlCacheBehavior [ RunTime:0.001000s ]
INFO: [ app_begin ] --END-- [ RunTime:0.001000s ]
SQL: SHOW COLUMNS FROM `jsjkxyjs_user` [ RunTime:0.0030s ]

[ 2016-04-09T13:14:24+08:00 ] ::1 /notebook_php/index.php/Login/doLogin
INFO: [ app_init ] --START--
INFO: Run Behavior\BuildLiteBehavior [ RunTime:0.000000s ]
INFO: [ app_init ] --END-- [ RunTime:0.001000s ]
INFO: [ app_begin ] --START--
INFO: Run Behavior\ReadHtmlCacheBehavior [ RunTime:0.001000s ]
INFO: [ app_begin ] --END-- [ RunTime:0.002000s ]
SQL: SHOW COLUMNS FROM `jsjkxyjs_user` [ RunTime:0.0050s ]

[ 2016-04-09T13:14:41+08:00 ] ::1 /notebook_php/index.php/Login/doLogin
INFO: [ app_init ] --START--
INFO: Run Behavior\BuildLiteBehavior [ RunTime:0.000000s ]
INFO: [ app_init ] --END-- [ RunTime:0.001000s ]
INFO: [ app_begin ] --START--
INFO: Run Behavior\ReadHtmlCacheBehavior [ RunTime:0.001000s ]
INFO: [ app_begin ] --END-- [ RunTime:0.003000s ]
SQL: SHOW COLUMNS FROM `jsjkxyjs_user` [ RunTime:0.0050s ]

[ 2016-04-09T13:14:56+08:00 ] ::1 /notebook_php/index.php/Login/doLogin
INFO: [ app_init ] --START--
INFO: Run Behavior\BuildLiteBehavior [ RunTime:0.000000s ]
INFO: [ app_init ] --END-- [ RunTime:0.000000s ]
INFO: [ app_begin ] --START--
INFO: Run Behavior\ReadHtmlCacheBehavior [ RunTime:0.001000s ]
INFO: [ app_begin ] --END-- [ RunTime:0.002000s ]
SQL: SHOW COLUMNS FROM `jsjkxyjs_user` [ RunTime:0.0040s ]

[ 2016-04-09T13:15:22+08:00 ] ::1 /notebook_php/index.php/Login/doLogin
INFO: [ app_init ] --START--
INFO: Run Behavior\BuildLiteBehavior [ RunTime:0.000000s ]
INFO: [ app_init ] --END-- [ RunTime:0.001001s ]
INFO: [ app_begin ] --START--
INFO: Run Behavior\ReadHtmlCacheBehavior [ RunTime:0.001000s ]
INFO: [ app_begin ] --END-- [ RunTime:0.002000s ]
SQL: SHOW COLUMNS FROM `jsjkxyjs_user` [ RunTime:0.0040s ]

[ 2016-04-09T13:16:01+08:00 ] ::1 /notebook_php/index.php/Login/doLogin
INFO: [ app_init ] --START--
INFO: Run Behavior\BuildLiteBehavior [ RunTime:0.000000s ]
INFO: [ app_init ] --END-- [ RunTime:0.001000s ]
INFO: [ app_begin ] --START--
INFO: Run Behavior\ReadHtmlCacheBehavior [ RunTime:0.001000s ]
INFO: [ app_begin ] --END-- [ RunTime:0.001000s ]
SQL: SHOW COLUMNS FROM `jsjkxyjs_account` [ RunTime:0.0040s ]

[ 2016-04-09T13:16:14+08:00 ] ::1 /notebook_php/index.php/Login/doLogin
INFO: [ app_init ] --START--
INFO: Run Behavior\BuildLiteBehavior [ RunTime:0.000000s ]
INFO: [ app_init ] --END-- [ RunTime:0.001000s ]
INFO: [ app_begin ] --START--
INFO: Run Behavior\ReadHtmlCacheBehavior [ RunTime:0.002001s ]
INFO: [ app_begin ] --END-- [ RunTime:0.002001s ]
SQL: SHOW COLUMNS FROM `jsjkxyjs_account` [ RunTime:0.0040s ]

[ 2016-04-09T13:16:49+08:00 ] ::1 /notebook_php/index.php/Login/doLogin
INFO: [ app_init ] --START--
INFO: Run Behavior\BuildLiteBehavior [ RunTime:0.000000s ]
INFO: [ app_init ] --END-- [ RunTime:0.001000s ]
INFO: [ app_begin ] --START--
INFO: Run Behavior\ReadHtmlCacheBehavior [ RunTime:0.001000s ]
INFO: [ app_begin ] --END-- [ RunTime:0.001000s ]
SQL: SHOW COLUMNS FROM `jsjkxyjs_account` [ RunTime:0.0040s ]

[ 2016-04-09T13:17:01+08:00 ] ::1 /notebook_php/index.php/Login/doLogin
INFO: [ app_init ] --START--
INFO: Run Behavior\BuildLiteBehavior [ RunTime:0.000000s ]
INFO: [ app_init ] --END-- [ RunTime:0.001000s ]
INFO: [ app_begin ] --START--
INFO: Run Behavior\ReadHtmlCacheBehavior [ RunTime:0.001000s ]
INFO: [ app_begin ] --END-- [ RunTime:0.001000s ]
SQL: SHOW COLUMNS FROM `jsjkxyjs_account` [ RunTime:0.0030s ]

[ 2016-04-09T13:18:08+08:00 ] ::1 /notebook_php/index.php/Login/doLogin
INFO: [ app_init ] --START--
INFO: Run Behavior\BuildLiteBehavior [ RunTime:0.000000s ]
INFO: [ app_init ] --END-- [ RunTime:0.002000s ]
INFO: [ app_begin ] --START--
INFO: Run Behavior\ReadHtmlCacheBehavior [ RunTime:0.002000s ]
INFO: [ app_begin ] --END-- [ RunTime:0.002000s ]
SQL: SHOW COLUMNS FROM `jsjkxyjs_account` [ RunTime:0.0040s ]
SQL: SELECT COUNT(*) AS tp_count FROM `jsjkxyjs_account` WHERE `username` = 'admin' LIMIT 1   [ RunTime:0.0010s ]
SQL: SHOW COLUMNS FROM `jsjkxyjs_account` [ RunTime:0.0030s ]
ERR: Think\Model:getUserByUsername方法不存在！

[ 2016-04-09T13:19:36+08:00 ] ::1 /notebook_php/index.php/Login/doLogin
INFO: [ app_init ] --START--
INFO: Run Behavior\BuildLiteBehavior [ RunTime:0.000000s ]
INFO: [ app_init ] --END-- [ RunTime:0.001000s ]
INFO: [ app_begin ] --START--
INFO: Run Behavior\ReadHtmlCacheBehavior [ RunTime:0.001000s ]
INFO: [ app_begin ] --END-- [ RunTime:0.002000s ]
SQL: SHOW COLUMNS FROM `jsjkxyjs_account` [ RunTime:0.0040s ]
SQL: SELECT COUNT(*) AS tp_count FROM `jsjkxyjs_account` WHERE `username` = 'admin' LIMIT 1   [ RunTime:0.0010s ]
SQL: SHOW COLUMNS FROM `jsjkxyjs_account` [ RunTime:0.0040s ]
ERR: Think\Model:getUserByUsername方法不存在！

[ 2016-04-09T13:20:03+08:00 ] ::1 /notebook_php/index.php/Login/doLogin
INFO: [ app_init ] --START--
INFO: Run Behavior\BuildLiteBehavior [ RunTime:0.000000s ]
INFO: [ app_init ] --END-- [ RunTime:0.001000s ]
INFO: [ app_begin ] --START--
INFO: Run Behavior\ReadHtmlCacheBehavior [ RunTime:0.001000s ]
INFO: [ app_begin ] --END-- [ RunTime:0.002000s ]
SQL: SHOW COLUMNS FROM `jsjkxyjs_account` [ RunTime:0.0040s ]
SQL: SELECT COUNT(*) AS tp_count FROM `jsjkxyjs_account` WHERE `username` = 'admin' LIMIT 1   [ RunTime:0.0010s ]
SQL: SHOW COLUMNS FROM `jsjkxyjs_user` [ RunTime:0.0030s ]
ERR: Think\Model:getUserByUsername方法不存在！

[ 2016-04-09T13:20:26+08:00 ] ::1 /notebook_php/index.php/Login/doLogin
INFO: [ app_init ] --START--
INFO: Run Behavior\BuildLiteBehavior [ RunTime:0.000000s ]
INFO: [ app_init ] --END-- [ RunTime:0.001000s ]
INFO: [ app_begin ] --START--
INFO: Run Behavior\ReadHtmlCacheBehavior [ RunTime:0.001000s ]
INFO: [ app_begin ] --END-- [ RunTime:0.001000s ]
SQL: SHOW COLUMNS FROM `jsjkxyjs_account` [ RunTime:0.0040s ]
SQL: SELECT COUNT(*) AS tp_count FROM `jsjkxyjs_account` WHERE `username` = 'admin' LIMIT 1   [ RunTime:0.0000s ]
SQL: SHOW COLUMNS FROM `jsjkxyjs_user` [ RunTime:0.0030s ]
ERR: Think\Model:getUserByUsername方法不存在！

[ 2016-04-09T13:21:11+08:00 ] ::1 /notebook_php/index.php/Login/doLogin
INFO: [ app_init ] --START--
INFO: Run Behavior\BuildLiteBehavior [ RunTime:0.000000s ]
INFO: [ app_init ] --END-- [ RunTime:0.001000s ]
INFO: [ app_begin ] --START--
INFO: Run Behavior\ReadHtmlCacheBehavior [ RunTime:0.001000s ]
INFO: [ app_begin ] --END-- [ RunTime:0.001000s ]
SQL: SHOW COLUMNS FROM `jsjkxyjs_account` [ RunTime:0.0040s ]
SQL: SELECT COUNT(*) AS tp_count FROM `jsjkxyjs_account` WHERE `username` = 'admin' LIMIT 1   [ RunTime:0.0010s ]
SQL: SHOW COLUMNS FROM `jsjkxyjs_user` [ RunTime:0.0030s ]
ERR: Think\Model:getUserByUsername方法不存在！

[ 2016-04-09T13:21:17+08:00 ] ::1 /notebook_php/index.php/Login/doLogin
INFO: [ app_init ] --START--
INFO: Run Behavior\BuildLiteBehavior [ RunTime:0.000000s ]
INFO: [ app_init ] --END-- [ RunTime:0.001000s ]
INFO: [ app_begin ] --START--
INFO: Run Behavior\ReadHtmlCacheBehavior [ RunTime:0.001000s ]
INFO: [ app_begin ] --END-- [ RunTime:0.002000s ]
SQL: SHOW COLUMNS FROM `jsjkxyjs_account` [ RunTime:0.0040s ]
SQL: SELECT COUNT(*) AS tp_count FROM `jsjkxyjs_account` WHERE `username` = 'admin' LIMIT 1   [ RunTime:0.0010s ]
SQL: SHOW COLUMNS FROM `jsjkxyjs_user` [ RunTime:0.0030s ]
ERR: Think\Model:getUserByUsername方法不存在！

[ 2016-04-09T13:21:54+08:00 ] ::1 /notebook_php/index.php/Login/doLogin
INFO: [ app_init ] --START--
INFO: Run Behavior\BuildLiteBehavior [ RunTime:0.001000s ]
INFO: [ app_init ] --END-- [ RunTime:0.001000s ]
INFO: [ app_begin ] --START--
INFO: Run Behavior\ReadHtmlCacheBehavior [ RunTime:0.002000s ]
INFO: [ app_begin ] --END-- [ RunTime:0.003000s ]
SQL: SHOW COLUMNS FROM `jsjkxyjs_account` [ RunTime:0.0040s ]
SQL: SELECT COUNT(*) AS tp_count FROM `jsjkxyjs_account` WHERE `username` = 'admin' LIMIT 1   [ RunTime:0.0010s ]
SQL: SHOW COLUMNS FROM `jsjkxyjs_user` [ RunTime:0.0030s ]
ERR: Think\Model:getUserByUsername方法不存在！

[ 2016-04-09T13:22:02+08:00 ] ::1 /notebook_php/index.php/Login/doLogin
INFO: [ app_init ] --START--
INFO: Run Behavior\BuildLiteBehavior [ RunTime:0.000000s ]
INFO: [ app_init ] --END-- [ RunTime:0.001000s ]
INFO: [ app_begin ] --START--
INFO: Run Behavior\ReadHtmlCacheBehavior [ RunTime:0.001000s ]
INFO: [ app_begin ] --END-- [ RunTime:0.001000s ]
SQL: SHOW COLUMNS FROM `jsjkxyjs_account` [ RunTime:0.0040s ]
SQL: SELECT COUNT(*) AS tp_count FROM `jsjkxyjs_account` WHERE `username` = 'admin' LIMIT 1   [ RunTime:0.0010s ]
SQL: SHOW COLUMNS FROM `jsjkxyjs_user` [ RunTime:0.0040s ]
ERR: Think\Model:getUserByUsername方法不存在！

[ 2016-04-09T13:27:26+08:00 ] ::1 /notebook_php/index.php/Login/doLogin
ERR: Think\Model:getUserByUsername方法不存在！

[ 2016-04-09T13:27:56+08:00 ] ::1 /notebook_php/index.php/Login/doLogin
ERR: Think\Model:getUserByUsername方法不存在！

[ 2016-04-09T13:32:03+08:00 ] ::1 /notebook_php/index.php/Login/doLogin
ERR: Think\Model:getUserByUsername方法不存在！

[ 2016-04-09T13:32:05+08:00 ] ::1 /notebook_php/index.php/Login/doLogin
ERR: Think\Model:getUserByUsername方法不存在！

[ 2016-04-09T13:32:18+08:00 ] ::1 /notebook_php/index.php/Login/doLogin
ERR: Think\Model:getUserByUsername方法不存在！

[ 2016-04-09T13:32:48+08:00 ] ::1 /notebook_php/index.php/Login/doLogin
ERR: Think\Model:getUserByUsername方法不存在！

[ 2016-04-09T13:32:52+08:00 ] ::1 /notebook_php/index.php/Login/doLogin
ERR: Think\Model:getUserByUsername方法不存在！

[ 2016-04-09T13:34:43+08:00 ] ::1 /notebook_php/index.php/Login/doLogin
ERR: 1054:Champ 'admin' inconnu dans where clause
 [ SQL语句 ] : SELECT * FROM `jsjkxyjs_account` WHERE ( admin ) LIMIT 1  

[ 2016-04-09T13:34:52+08:00 ] ::1 /notebook_php/index.php/Login/doLogin
ERR: 1054:Champ 'admin' inconnu dans where clause
 [ SQL语句 ] : SELECT * FROM `jsjkxyjs_account` WHERE ( admin ) LIMIT 1  

[ 2016-04-09T13:34:58+08:00 ] ::1 /notebook_php/index.php/Login/doLogin
ERR: 1054:Champ 'admin' inconnu dans where clause
 [ SQL语句 ] : SELECT * FROM `jsjkxyjs_account` WHERE ( admin ) LIMIT 1  

[ 2016-04-09T13:38:49+08:00 ] ::1 /notebook_php/index.php/Login/doLogin
ERR: 1054:Champ 'admin' inconnu dans where clause
 [ SQL语句 ] : SELECT * FROM `jsjkxyjs_account` WHERE ( admin ) LIMIT 1  

[ 2016-04-09T13:40:30+08:00 ] ::1 /notebook_php/index.php/Login/doLogin
ERR: 1054:Champ 'admin' inconnu dans where clause
 [ SQL语句 ] : SELECT * FROM `jsjkxyjs_account` WHERE ( admin ) LIMIT 1  

[ 2016-04-09T13:40:32+08:00 ] ::1 /notebook_php/index.php/Login/doLogin
ERR: 1054:Champ 'admin' inconnu dans where clause
 [ SQL语句 ] : SELECT * FROM `jsjkxyjs_account` WHERE ( admin ) LIMIT 1  

[ 2016-04-09T13:43:46+08:00 ] ::1 /notebook_php/index.php/Login/doLogin
ERR: 1054:Champ 'admin' inconnu dans where clause
 [ SQL语句 ] : SELECT * FROM `jsjkxyjs_account` WHERE ( admin ) LIMIT 1  

[ 2016-04-09T13:44:42+08:00 ] ::1 /notebook_php/index.php/Login/doLogin
ERR: 1054:Champ 'admin' inconnu dans where clause
 [ SQL语句 ] : SELECT * FROM `jsjkxyjs_account` WHERE ( admin ) LIMIT 1  

[ 2016-04-09T15:36:04+08:00 ] ::1 /notebook_php/index.php/Index/$%7Bpath%7D/nrmus/etc/css/forms_1366.css
ERR: 非法操作:${path}

[ 2016-04-09T17:37:34+08:00 ] ::1 /notebook_php/index.php/Index/$%7Bpath%7D/nrmus/etc/css/forms_1366.css
ERR: 非法操作:${path}

[ 2016-04-09T17:44:51+08:00 ] ::1 /notebook_php/index.php
ERR: 模板不存在:./Apps/Home/View/Index/index.html

