[ 2016-05-04T21:04:12+08:00 ] ::1 /notebook_php/
INFO: [ app_init ] --START--
INFO: Run Behavior\BuildLiteBehavior [ RunTime:0.000000s ]
INFO: [ app_init ] --END-- [ RunTime:0.046003s ]
INFO: [ app_begin ] --START--
INFO: Run Behavior\ReadHtmlCacheBehavior [ RunTime:0.015001s ]
INFO: [ app_begin ] --END-- [ RunTime:0.016001s ]

[ 2016-05-04T21:04:12+08:00 ] ::1 /notebook_php/index.php/Login/index.htm
INFO: [ app_init ] --START--
INFO: Run Behavior\BuildLiteBehavior [ RunTime:0.000000s ]
INFO: [ app_init ] --END-- [ RunTime:0.001000s ]
INFO: [ app_begin ] --START--
INFO: Run Behavior\ReadHtmlCacheBehavior [ RunTime:0.001000s ]
INFO: [ app_begin ] --END-- [ RunTime:0.001000s ]
INFO: [ view_parse ] --START--
INFO: [ template_filter ] --START--
INFO: Run Behavior\ContentReplaceBehavior [ RunTime:0.012001s ]
INFO: [ template_filter ] --END-- [ RunTime:0.013001s ]
INFO: Run Behavior\ParseTemplateBehavior [ RunTime:0.047003s ]
INFO: [ view_parse ] --END-- [ RunTime:0.047003s ]
INFO: [ view_filter ] --START--
INFO: Run Behavior\WriteHtmlCacheBehavior [ RunTime:0.007001s ]
INFO: [ view_filter ] --END-- [ RunTime:0.008001s ]
INFO: [ app_end ] --START--
INFO: Run Behavior\ShowPageTraceBehavior [ RunTime:0.014000s ]
INFO: [ app_end ] --END-- [ RunTime:0.014000s ]

[ 2016-05-04T21:04:15+08:00 ] ::1 /notebook_php/index.php/Login/doLogin
INFO: [ app_init ] --START--
INFO: Run Behavior\BuildLiteBehavior [ RunTime:0.000000s ]
INFO: [ app_init ] --END-- [ RunTime:0.001000s ]
INFO: [ app_begin ] --START--
INFO: Run Behavior\ReadHtmlCacheBehavior [ RunTime:0.000000s ]
INFO: [ app_begin ] --END-- [ RunTime:0.002000s ]
SQL: SHOW COLUMNS FROM `notebook_users` [ RunTime:0.0660s ]
SQL: SELECT COUNT(*) AS tp_count FROM `notebook_users` WHERE `username` = 'admin' LIMIT 1   [ RunTime:0.0140s ]
SQL: SELECT * FROM `notebook_users` WHERE `username` = 'admin' LIMIT 1   [ RunTime:0.0010s ]
NOTIC: [8] Undefined index: status E:\wamp\www\notebook_php\Apps\Home\Model\PassportModel.class.php 第 36 行.
INFO: [ view_parse ] --START--
INFO: [ template_filter ] --START--
INFO: Run Behavior\ContentReplaceBehavior [ RunTime:0.000000s ]
INFO: [ template_filter ] --END-- [ RunTime:0.000000s ]
INFO: Run Behavior\ParseTemplateBehavior [ RunTime:0.020001s ]
INFO: [ view_parse ] --END-- [ RunTime:0.020001s ]
INFO: [ view_filter ] --START--
INFO: Run Behavior\WriteHtmlCacheBehavior [ RunTime:0.002000s ]
INFO: [ view_filter ] --END-- [ RunTime:0.003001s ]

[ 2016-05-04T21:21:02+08:00 ] ::1 /notebook_php/index.php/Login/index.htm
INFO: [ app_init ] --START--
INFO: Run Behavior\BuildLiteBehavior [ RunTime:0.000000s ]
INFO: [ app_init ] --END-- [ RunTime:0.001000s ]
INFO: [ app_begin ] --START--
INFO: Run Behavior\ReadHtmlCacheBehavior [ RunTime:0.001000s ]
INFO: [ app_begin ] --END-- [ RunTime:0.002000s ]
INFO: [ view_parse ] --START--
INFO: [ template_filter ] --START--
INFO: Run Behavior\ContentReplaceBehavior [ RunTime:0.000000s ]
INFO: [ template_filter ] --END-- [ RunTime:0.000000s ]
INFO: Run Behavior\ParseTemplateBehavior [ RunTime:0.019001s ]
INFO: [ view_parse ] --END-- [ RunTime:0.019001s ]
INFO: [ view_filter ] --START--
INFO: Run Behavior\WriteHtmlCacheBehavior [ RunTime:0.001000s ]
INFO: [ view_filter ] --END-- [ RunTime:0.001000s ]
INFO: [ app_end ] --START--
INFO: Run Behavior\ShowPageTraceBehavior [ RunTime:0.001000s ]
INFO: [ app_end ] --END-- [ RunTime:0.002000s ]

[ 2016-05-04T21:21:04+08:00 ] ::1 /notebook_php/index.php/Login/doLogin
INFO: [ app_init ] --START--
INFO: Run Behavior\BuildLiteBehavior [ RunTime:0.000000s ]
INFO: [ app_init ] --END-- [ RunTime:0.001000s ]
INFO: [ app_begin ] --START--
INFO: Run Behavior\ReadHtmlCacheBehavior [ RunTime:0.001000s ]
INFO: [ app_begin ] --END-- [ RunTime:0.002000s ]
SQL: SHOW COLUMNS FROM `notebook_users` [ RunTime:0.0040s ]
SQL: SELECT COUNT(*) AS tp_count FROM `notebook_users` WHERE `username` = 'admin' LIMIT 1   [ RunTime:0.0010s ]
SQL: SELECT * FROM `notebook_users` WHERE `username` = 'admin' LIMIT 1   [ RunTime:0.0010s ]
SQL: UPDATE `notebook_users` SET `lastloginIP`='0' WHERE ( id = 1 ) [ RunTime:0.0060s ]
SQL: UPDATE `notebook_users` SET `lastloginTime`='1462368064' WHERE ( id = 1 ) [ RunTime:0.0020s ]

[ 2016-05-04T21:21:05+08:00 ] ::1 /notebook_php/index.php/Index/index.htm
INFO: [ app_init ] --START--
INFO: Run Behavior\BuildLiteBehavior [ RunTime:0.000000s ]
INFO: [ app_init ] --END-- [ RunTime:0.001001s ]
INFO: [ app_begin ] --START--
INFO: Run Behavior\ReadHtmlCacheBehavior [ RunTime:0.001000s ]
INFO: [ app_begin ] --END-- [ RunTime:0.001000s ]
SQL: SHOW COLUMNS FROM `notebook_book` [ RunTime:0.0040s ]
SQL: SELECT b.id,b.title,b.addtime,u.username FROM notebook_book b right join notebook_users as u on b.uid = u.id  WHERE b.hidden = 0 AND b.private = 0 ORDER BY b.addtime desc LIMIT 5   [ RunTime:0.0260s ]
NOTIC: [8] Undefined offset: 5 E:\wamp\www\notebook_php\Apps\Common\Common\function.php 第 46 行.
INFO: [ view_parse ] --START--
INFO: [ template_filter ] --START--
INFO: Run Behavior\ContentReplaceBehavior [ RunTime:0.000000s ]
INFO: [ template_filter ] --END-- [ RunTime:0.001000s ]
INFO: Run Behavior\ParseTemplateBehavior [ RunTime:0.100006s ]
INFO: [ view_parse ] --END-- [ RunTime:0.100006s ]
INFO: [ view_filter ] --START--
INFO: Run Behavior\WriteHtmlCacheBehavior [ RunTime:0.001000s ]
INFO: [ view_filter ] --END-- [ RunTime:0.001000s ]
INFO: [ app_end ] --START--
INFO: Run Behavior\ShowPageTraceBehavior [ RunTime:0.001000s ]
INFO: [ app_end ] --END-- [ RunTime:0.001000s ]

[ 2016-05-04T21:21:07+08:00 ] ::1 /notebook_php/index.php/Find/index.htm
INFO: [ app_init ] --START--
INFO: Run Behavior\BuildLiteBehavior [ RunTime:0.000000s ]
INFO: [ app_init ] --END-- [ RunTime:0.001000s ]
INFO: [ app_begin ] --START--
INFO: Run Behavior\ReadHtmlCacheBehavior [ RunTime:0.001000s ]
INFO: [ app_begin ] --END-- [ RunTime:0.001000s ]
SQL: SHOW COLUMNS FROM `notebook_book` [ RunTime:0.0040s ]
SQL: SELECT COUNT(*) AS tp_count FROM `notebook_book` WHERE `private` = 0 AND `hidden` = 0 LIMIT 1   [ RunTime:0.0010s ]
SQL: SELECT b.id,b.title,b.mood,b.weather,b.addtime,b.content,b.views,u.username,ui.image FROM notebook_book b right join notebook_users as u on u.id = b.uid right join notebook_usersinfo as ui on u.id=ui.uid  WHERE b.hidden = 0 AND b.private = 0 ORDER BY b.addtime desc LIMIT 0,6   [ RunTime:0.0190s ]
NOTIC: [8] Undefined offset: 6 E:\wamp\www\notebook_php\Apps\Common\Common\function.php 第 64 行.
INFO: [ view_parse ] --START--
INFO: [ template_filter ] --START--
INFO: Run Behavior\ContentReplaceBehavior [ RunTime:0.000000s ]
INFO: [ template_filter ] --END-- [ RunTime:0.001000s ]
INFO: Run Behavior\ParseTemplateBehavior [ RunTime:0.073004s ]
INFO: [ view_parse ] --END-- [ RunTime:0.073004s ]
INFO: [ view_filter ] --START--
INFO: Run Behavior\WriteHtmlCacheBehavior [ RunTime:0.000000s ]
INFO: [ view_filter ] --END-- [ RunTime:0.000000s ]
INFO: [ app_end ] --START--
INFO: Run Behavior\ShowPageTraceBehavior [ RunTime:0.004001s ]
INFO: [ app_end ] --END-- [ RunTime:0.004001s ]

[ 2016-05-04T21:21:48+08:00 ] ::1 /notebook_php/index.php/Find/index.htm
INFO: [ app_init ] --START--
INFO: Run Behavior\BuildLiteBehavior [ RunTime:0.001000s ]
INFO: [ app_init ] --END-- [ RunTime:0.002000s ]
INFO: [ app_begin ] --START--
INFO: Run Behavior\ReadHtmlCacheBehavior [ RunTime:0.001000s ]
INFO: [ app_begin ] --END-- [ RunTime:0.002000s ]
SQL: SHOW COLUMNS FROM `notebook_book` [ RunTime:0.0040s ]
SQL: SELECT COUNT(*) AS tp_count FROM `notebook_book` WHERE `private` = 0 AND `hidden` = 0 LIMIT 1   [ RunTime:0.0010s ]
SQL: SELECT b.id,b.title,b.mood,b.weather,b.addtime,b.content,b.views,u.username,ui.image FROM notebook_book b right join notebook_users as u on u.id = b.uid right join notebook_usersinfo as ui on u.id=ui.uid  WHERE b.hidden = 0 AND b.private = 0 ORDER BY b.addtime desc LIMIT 0,6   [ RunTime:0.0040s ]
NOTIC: [8] Undefined offset: 6 E:\wamp\www\notebook_php\Apps\Common\Common\function.php 第 64 行.
INFO: [ view_parse ] --START--
INFO: [ template_filter ] --START--
INFO: Run Behavior\ContentReplaceBehavior [ RunTime:0.000000s ]
INFO: [ template_filter ] --END-- [ RunTime:0.000000s ]
INFO: Run Behavior\ParseTemplateBehavior [ RunTime:0.028001s ]
INFO: [ view_parse ] --END-- [ RunTime:0.029001s ]
INFO: [ view_filter ] --START--
INFO: Run Behavior\WriteHtmlCacheBehavior [ RunTime:0.000000s ]
INFO: [ view_filter ] --END-- [ RunTime:0.001000s ]
INFO: [ app_end ] --START--
INFO: Run Behavior\ShowPageTraceBehavior [ RunTime:0.001000s ]
INFO: [ app_end ] --END-- [ RunTime:0.002000s ]

[ 2016-05-04T21:21:49+08:00 ] ::1 /notebook_php/index.php/Find/index.htm
INFO: [ app_init ] --START--
INFO: Run Behavior\BuildLiteBehavior [ RunTime:0.000000s ]
INFO: [ app_init ] --END-- [ RunTime:0.001000s ]
INFO: [ app_begin ] --START--
INFO: Run Behavior\ReadHtmlCacheBehavior [ RunTime:0.001000s ]
INFO: [ app_begin ] --END-- [ RunTime:0.001000s ]
SQL: SHOW COLUMNS FROM `notebook_book` [ RunTime:0.0030s ]
SQL: SELECT COUNT(*) AS tp_count FROM `notebook_book` WHERE `private` = 0 AND `hidden` = 0 LIMIT 1   [ RunTime:0.0000s ]
SQL: SELECT b.id,b.title,b.mood,b.weather,b.addtime,b.content,b.views,u.username,ui.image FROM notebook_book b right join notebook_users as u on u.id = b.uid right join notebook_usersinfo as ui on u.id=ui.uid  WHERE b.hidden = 0 AND b.private = 0 ORDER BY b.addtime desc LIMIT 0,6   [ RunTime:0.0030s ]
NOTIC: [8] Undefined offset: 6 E:\wamp\www\notebook_php\Apps\Common\Common\function.php 第 64 行.
INFO: [ view_parse ] --START--
INFO: [ template_filter ] --START--
INFO: Run Behavior\ContentReplaceBehavior [ RunTime:0.000000s ]
INFO: [ template_filter ] --END-- [ RunTime:0.001000s ]
INFO: Run Behavior\ParseTemplateBehavior [ RunTime:0.029001s ]
INFO: [ view_parse ] --END-- [ RunTime:0.029001s ]
INFO: [ view_filter ] --START--
INFO: Run Behavior\WriteHtmlCacheBehavior [ RunTime:0.000000s ]
INFO: [ view_filter ] --END-- [ RunTime:0.000000s ]
INFO: [ app_end ] --START--
INFO: Run Behavior\ShowPageTraceBehavior [ RunTime:0.001000s ]
INFO: [ app_end ] --END-- [ RunTime:0.001000s ]

[ 2016-05-04T21:21:51+08:00 ] ::1 /notebook_php/index.php/List/index/id/40.htm
INFO: [ app_init ] --START--
INFO: Run Behavior\BuildLiteBehavior [ RunTime:0.000000s ]
INFO: [ app_init ] --END-- [ RunTime:0.001000s ]
INFO: [ app_begin ] --START--
INFO: Run Behavior\ReadHtmlCacheBehavior [ RunTime:0.001000s ]
INFO: [ app_begin ] --END-- [ RunTime:0.001000s ]
SQL: SHOW COLUMNS FROM `notebook_book` [ RunTime:0.0040s ]
SQL: SELECT * FROM `notebook_book` WHERE `id` = 40 LIMIT 1   [ RunTime:0.0010s ]
SQL: UPDATE `notebook_book` SET `views`='4' WHERE `id` = 40 [ RunTime:0.0040s ]
SQL: SELECT b.id,b.title,b.content,b.mood,b.weather,b.addtime,b.views,u.username,ui.image FROM notebook_book b right join notebook_users as u on u.id = b.uid right join notebook_usersinfo as ui on u.id = ui.uid  WHERE b.hidden = 0 AND b.id = '40' LIMIT 1   [ RunTime:0.0010s ]
NOTIC: [8] Undefined offset: 1 E:\wamp\www\notebook_php\Apps\Common\Common\function.php 第 64 行.
INFO: [ view_parse ] --START--
INFO: [ template_filter ] --START--
INFO: Run Behavior\ContentReplaceBehavior [ RunTime:0.000000s ]
INFO: [ template_filter ] --END-- [ RunTime:0.001000s ]
INFO: Run Behavior\ParseTemplateBehavior [ RunTime:0.036002s ]
INFO: [ view_parse ] --END-- [ RunTime:0.036002s ]
INFO: [ view_filter ] --START--
INFO: Run Behavior\WriteHtmlCacheBehavior [ RunTime:0.001000s ]
INFO: [ view_filter ] --END-- [ RunTime:0.001000s ]
INFO: [ app_end ] --START--
INFO: Run Behavior\ShowPageTraceBehavior [ RunTime:0.000000s ]
INFO: [ app_end ] --END-- [ RunTime:0.001000s ]

[ 2016-05-04T21:21:53+08:00 ] ::1 /notebook_php/index.php/Find/index.htm
INFO: [ app_init ] --START--
INFO: Run Behavior\BuildLiteBehavior [ RunTime:0.000000s ]
INFO: [ app_init ] --END-- [ RunTime:0.001000s ]
INFO: [ app_begin ] --START--
INFO: Run Behavior\ReadHtmlCacheBehavior [ RunTime:0.001001s ]
INFO: [ app_begin ] --END-- [ RunTime:0.001001s ]
SQL: SHOW COLUMNS FROM `notebook_book` [ RunTime:0.0040s ]
SQL: SELECT COUNT(*) AS tp_count FROM `notebook_book` WHERE `private` = 0 AND `hidden` = 0 LIMIT 1   [ RunTime:0.0010s ]
SQL: SELECT b.id,b.title,b.mood,b.weather,b.addtime,b.content,b.views,u.username,ui.image FROM notebook_book b right join notebook_users as u on u.id = b.uid right join notebook_usersinfo as ui on u.id=ui.uid  WHERE b.hidden = 0 AND b.private = 0 ORDER BY b.addtime desc LIMIT 0,6   [ RunTime:0.0050s ]
NOTIC: [8] Undefined offset: 6 E:\wamp\www\notebook_php\Apps\Common\Common\function.php 第 64 行.
INFO: [ view_parse ] --START--
INFO: [ template_filter ] --START--
INFO: Run Behavior\ContentReplaceBehavior [ RunTime:0.000000s ]
INFO: [ template_filter ] --END-- [ RunTime:0.001000s ]
INFO: Run Behavior\ParseTemplateBehavior [ RunTime:0.030002s ]
INFO: [ view_parse ] --END-- [ RunTime:0.030002s ]
INFO: [ view_filter ] --START--
INFO: Run Behavior\WriteHtmlCacheBehavior [ RunTime:0.000000s ]
INFO: [ view_filter ] --END-- [ RunTime:0.000000s ]
INFO: [ app_end ] --START--
INFO: Run Behavior\ShowPageTraceBehavior [ RunTime:0.001000s ]
INFO: [ app_end ] --END-- [ RunTime:0.001000s ]

[ 2016-05-04T21:21:55+08:00 ] ::1 /notebook_php/index.php/Find/index/p/3.htm
INFO: [ app_init ] --START--
INFO: Run Behavior\BuildLiteBehavior [ RunTime:0.000000s ]
INFO: [ app_init ] --END-- [ RunTime:0.001000s ]
INFO: [ app_begin ] --START--
INFO: Run Behavior\ReadHtmlCacheBehavior [ RunTime:0.001000s ]
INFO: [ app_begin ] --END-- [ RunTime:0.001000s ]
SQL: SHOW COLUMNS FROM `notebook_book` [ RunTime:0.0030s ]
SQL: SELECT COUNT(*) AS tp_count FROM `notebook_book` WHERE `private` = 0 AND `hidden` = 0 LIMIT 1   [ RunTime:0.0000s ]
SQL: SELECT b.id,b.title,b.mood,b.weather,b.addtime,b.content,b.views,u.username,ui.image FROM notebook_book b right join notebook_users as u on u.id = b.uid right join notebook_usersinfo as ui on u.id=ui.uid  WHERE b.hidden = 0 AND b.private = 0 ORDER BY b.addtime desc LIMIT 12,6   [ RunTime:0.0050s ]
NOTIC: [8] Undefined offset: 0 E:\wamp\www\notebook_php\Apps\Common\Common\function.php 第 64 行.
INFO: [ view_parse ] --START--
INFO: [ template_filter ] --START--
INFO: Run Behavior\ContentReplaceBehavior [ RunTime:0.000000s ]
INFO: [ template_filter ] --END-- [ RunTime:0.000000s ]
INFO: Run Behavior\ParseTemplateBehavior [ RunTime:0.022001s ]
INFO: [ view_parse ] --END-- [ RunTime:0.022001s ]
INFO: [ view_filter ] --START--
INFO: Run Behavior\WriteHtmlCacheBehavior [ RunTime:0.000000s ]
INFO: [ view_filter ] --END-- [ RunTime:0.000000s ]
INFO: [ app_end ] --START--
INFO: Run Behavior\ShowPageTraceBehavior [ RunTime:0.001000s ]
INFO: [ app_end ] --END-- [ RunTime:0.001000s ]

[ 2016-05-04T21:21:57+08:00 ] ::1 /notebook_php/index.php/Find/index/p/2.htm
INFO: [ app_init ] --START--
INFO: Run Behavior\BuildLiteBehavior [ RunTime:0.000000s ]
INFO: [ app_init ] --END-- [ RunTime:0.001000s ]
INFO: [ app_begin ] --START--
INFO: Run Behavior\ReadHtmlCacheBehavior [ RunTime:0.001000s ]
INFO: [ app_begin ] --END-- [ RunTime:0.001000s ]
SQL: SHOW COLUMNS FROM `notebook_book` [ RunTime:0.0040s ]
SQL: SELECT COUNT(*) AS tp_count FROM `notebook_book` WHERE `private` = 0 AND `hidden` = 0 LIMIT 1   [ RunTime:0.0010s ]
SQL: SELECT b.id,b.title,b.mood,b.weather,b.addtime,b.content,b.views,u.username,ui.image FROM notebook_book b right join notebook_users as u on u.id = b.uid right join notebook_usersinfo as ui on u.id=ui.uid  WHERE b.hidden = 0 AND b.private = 0 ORDER BY b.addtime desc LIMIT 6,6   [ RunTime:0.0040s ]
NOTIC: [8] Undefined offset: 5 E:\wamp\www\notebook_php\Apps\Common\Common\function.php 第 64 行.
INFO: [ view_parse ] --START--
INFO: [ template_filter ] --START--
INFO: Run Behavior\ContentReplaceBehavior [ RunTime:0.000000s ]
INFO: [ template_filter ] --END-- [ RunTime:0.000000s ]
INFO: Run Behavior\ParseTemplateBehavior [ RunTime:0.028002s ]
INFO: [ view_parse ] --END-- [ RunTime:0.028002s ]
INFO: [ view_filter ] --START--
INFO: Run Behavior\WriteHtmlCacheBehavior [ RunTime:0.001000s ]
INFO: [ view_filter ] --END-- [ RunTime:0.001000s ]
INFO: [ app_end ] --START--
INFO: Run Behavior\ShowPageTraceBehavior [ RunTime:0.000000s ]
INFO: [ app_end ] --END-- [ RunTime:0.004000s ]

[ 2016-05-04T21:22:08+08:00 ] ::1 /notebook_php/index.php/Find/index/p/1.htm
INFO: [ app_init ] --START--
INFO: Run Behavior\BuildLiteBehavior [ RunTime:0.000000s ]
INFO: [ app_init ] --END-- [ RunTime:0.000000s ]
INFO: [ app_begin ] --START--
INFO: Run Behavior\ReadHtmlCacheBehavior [ RunTime:0.001000s ]
INFO: [ app_begin ] --END-- [ RunTime:0.001000s ]
SQL: SHOW COLUMNS FROM `notebook_book` [ RunTime:0.0040s ]
SQL: SELECT COUNT(*) AS tp_count FROM `notebook_book` WHERE `private` = 0 AND `hidden` = 0 LIMIT 1   [ RunTime:0.0010s ]
SQL: SELECT b.id,b.title,b.mood,b.weather,b.addtime,b.content,b.views,u.username,ui.image FROM notebook_book b right join notebook_users as u on u.id = b.uid right join notebook_usersinfo as ui on u.id=ui.uid  WHERE b.hidden = 0 AND b.private = 0 ORDER BY b.addtime desc LIMIT 0,6   [ RunTime:0.0040s ]
NOTIC: [8] Undefined offset: 6 E:\wamp\www\notebook_php\Apps\Common\Common\function.php 第 64 行.
INFO: [ view_parse ] --START--
INFO: [ template_filter ] --START--
INFO: Run Behavior\ContentReplaceBehavior [ RunTime:0.000000s ]
INFO: [ template_filter ] --END-- [ RunTime:0.001000s ]
INFO: Run Behavior\ParseTemplateBehavior [ RunTime:0.029001s ]
INFO: [ view_parse ] --END-- [ RunTime:0.029001s ]
INFO: [ view_filter ] --START--
INFO: Run Behavior\WriteHtmlCacheBehavior [ RunTime:0.000000s ]
INFO: [ view_filter ] --END-- [ RunTime:0.001000s ]
INFO: [ app_end ] --START--
INFO: Run Behavior\ShowPageTraceBehavior [ RunTime:0.001000s ]
INFO: [ app_end ] --END-- [ RunTime:0.001000s ]

[ 2016-05-04T21:22:12+08:00 ] ::1 /notebook_php/index.php/Find/index/p/2.htm
INFO: [ app_init ] --START--
INFO: Run Behavior\BuildLiteBehavior [ RunTime:0.000000s ]
INFO: [ app_init ] --END-- [ RunTime:0.001000s ]
INFO: [ app_begin ] --START--
INFO: Run Behavior\ReadHtmlCacheBehavior [ RunTime:0.001000s ]
INFO: [ app_begin ] --END-- [ RunTime:0.001000s ]
SQL: SHOW COLUMNS FROM `notebook_book` [ RunTime:0.0040s ]
SQL: SELECT COUNT(*) AS tp_count FROM `notebook_book` WHERE `private` = 0 AND `hidden` = 0 LIMIT 1   [ RunTime:0.0010s ]
SQL: SELECT b.id,b.title,b.mood,b.weather,b.addtime,b.content,b.views,u.username,ui.image FROM notebook_book b right join notebook_users as u on u.id = b.uid right join notebook_usersinfo as ui on u.id=ui.uid  WHERE b.hidden = 0 AND b.private = 0 ORDER BY b.addtime desc LIMIT 6,6   [ RunTime:0.0040s ]
NOTIC: [8] Undefined offset: 5 E:\wamp\www\notebook_php\Apps\Common\Common\function.php 第 64 行.
INFO: [ view_parse ] --START--
INFO: [ template_filter ] --START--
INFO: Run Behavior\ContentReplaceBehavior [ RunTime:0.000000s ]
INFO: [ template_filter ] --END-- [ RunTime:0.001000s ]
INFO: Run Behavior\ParseTemplateBehavior [ RunTime:0.029002s ]
INFO: [ view_parse ] --END-- [ RunTime:0.029002s ]
INFO: [ view_filter ] --START--
INFO: Run Behavior\WriteHtmlCacheBehavior [ RunTime:0.000000s ]
INFO: [ view_filter ] --END-- [ RunTime:0.002000s ]
INFO: [ app_end ] --START--
INFO: Run Behavior\ShowPageTraceBehavior [ RunTime:0.000000s ]
INFO: [ app_end ] --END-- [ RunTime:0.002000s ]

[ 2016-05-04T21:23:43+08:00 ] ::1 /notebook_php/index.php/Find/index/p/2.htm
INFO: [ app_init ] --START--
INFO: Run Behavior\BuildLiteBehavior [ RunTime:0.000000s ]
INFO: [ app_init ] --END-- [ RunTime:0.001000s ]
INFO: [ app_begin ] --START--
INFO: Run Behavior\ReadHtmlCacheBehavior [ RunTime:0.001000s ]
INFO: [ app_begin ] --END-- [ RunTime:0.001000s ]
SQL: SHOW COLUMNS FROM `notebook_book` [ RunTime:0.0040s ]
SQL: SELECT COUNT(*) AS tp_count FROM `notebook_book` WHERE `private` = 0 AND `hidden` = 0 LIMIT 1   [ RunTime:0.0010s ]
SQL: SELECT b.id,b.title,b.mood,b.weather,b.addtime,b.content,b.views,u.username,ui.image FROM notebook_book b right join notebook_users as u on u.id = b.uid right join notebook_usersinfo as ui on u.id=ui.uid  WHERE b.hidden = 0 AND b.private = 0 ORDER BY b.addtime desc LIMIT 6,6   [ RunTime:0.0050s ]
NOTIC: [8] Undefined offset: 6 E:\wamp\www\notebook_php\Apps\Common\Common\function.php 第 64 行.
INFO: [ view_parse ] --START--
INFO: [ template_filter ] --START--
INFO: Run Behavior\ContentReplaceBehavior [ RunTime:0.000000s ]
INFO: [ template_filter ] --END-- [ RunTime:0.000000s ]
INFO: Run Behavior\ParseTemplateBehavior [ RunTime:0.030002s ]
INFO: [ view_parse ] --END-- [ RunTime:0.030002s ]
INFO: [ view_filter ] --START--
INFO: Run Behavior\WriteHtmlCacheBehavior [ RunTime:0.000000s ]
INFO: [ view_filter ] --END-- [ RunTime:0.001000s ]
INFO: [ app_end ] --START--
INFO: Run Behavior\ShowPageTraceBehavior [ RunTime:0.001000s ]
INFO: [ app_end ] --END-- [ RunTime:0.001000s ]

[ 2016-05-04T21:23:46+08:00 ] ::1 /notebook_php/index.php/Find/index/p/3.htm
INFO: [ app_init ] --START--
INFO: Run Behavior\BuildLiteBehavior [ RunTime:0.000000s ]
INFO: [ app_init ] --END-- [ RunTime:0.001000s ]
INFO: [ app_begin ] --START--
INFO: Run Behavior\ReadHtmlCacheBehavior [ RunTime:0.002000s ]
INFO: [ app_begin ] --END-- [ RunTime:0.002000s ]
SQL: SHOW COLUMNS FROM `notebook_book` [ RunTime:0.0030s ]
SQL: SELECT COUNT(*) AS tp_count FROM `notebook_book` WHERE `private` = 0 AND `hidden` = 0 LIMIT 1   [ RunTime:0.0000s ]
SQL: SELECT b.id,b.title,b.mood,b.weather,b.addtime,b.content,b.views,u.username,ui.image FROM notebook_book b right join notebook_users as u on u.id = b.uid right join notebook_usersinfo as ui on u.id=ui.uid  WHERE b.hidden = 0 AND b.private = 0 ORDER BY b.addtime desc LIMIT 12,6   [ RunTime:0.0040s ]
NOTIC: [8] Undefined offset: 5 E:\wamp\www\notebook_php\Apps\Common\Common\function.php 第 64 行.
INFO: [ view_parse ] --START--
INFO: [ template_filter ] --START--
INFO: Run Behavior\ContentReplaceBehavior [ RunTime:0.000000s ]
INFO: [ template_filter ] --END-- [ RunTime:0.000000s ]
INFO: Run Behavior\ParseTemplateBehavior [ RunTime:0.031002s ]
INFO: [ view_parse ] --END-- [ RunTime:0.032002s ]
INFO: [ view_filter ] --START--
INFO: Run Behavior\WriteHtmlCacheBehavior [ RunTime:0.000000s ]
INFO: [ view_filter ] --END-- [ RunTime:0.001000s ]
INFO: [ app_end ] --START--
INFO: Run Behavior\ShowPageTraceBehavior [ RunTime:0.001000s ]
INFO: [ app_end ] --END-- [ RunTime:0.001000s ]

[ 2016-05-04T21:23:52+08:00 ] ::1 /notebook_php/index.php/Find/index/p/2.htm
INFO: [ app_init ] --START--
INFO: Run Behavior\BuildLiteBehavior [ RunTime:0.000000s ]
INFO: [ app_init ] --END-- [ RunTime:0.000000s ]
INFO: [ app_begin ] --START--
INFO: Run Behavior\ReadHtmlCacheBehavior [ RunTime:0.001000s ]
INFO: [ app_begin ] --END-- [ RunTime:0.002000s ]
SQL: SHOW COLUMNS FROM `notebook_book` [ RunTime:0.0650s ]
SQL: SELECT COUNT(*) AS tp_count FROM `notebook_book` WHERE `private` = 0 AND `hidden` = 0 LIMIT 1   [ RunTime:0.0010s ]
SQL: SELECT b.id,b.title,b.mood,b.weather,b.addtime,b.content,b.views,u.username,ui.image FROM notebook_book b right join notebook_users as u on u.id = b.uid right join notebook_usersinfo as ui on u.id=ui.uid  WHERE b.hidden = 0 AND b.private = 0 ORDER BY b.addtime desc LIMIT 6,6   [ RunTime:0.0040s ]
NOTIC: [8] Undefined offset: 6 E:\wamp\www\notebook_php\Apps\Common\Common\function.php 第 64 行.
INFO: [ view_parse ] --START--
INFO: [ template_filter ] --START--
INFO: Run Behavior\ContentReplaceBehavior [ RunTime:0.000000s ]
INFO: [ template_filter ] --END-- [ RunTime:0.001000s ]
INFO: Run Behavior\ParseTemplateBehavior [ RunTime:0.031002s ]
INFO: [ view_parse ] --END-- [ RunTime:0.031002s ]
INFO: [ view_filter ] --START--
INFO: Run Behavior\WriteHtmlCacheBehavior [ RunTime:0.001000s ]
INFO: [ view_filter ] --END-- [ RunTime:0.001000s ]
INFO: [ app_end ] --START--
INFO: Run Behavior\ShowPageTraceBehavior [ RunTime:0.001000s ]
INFO: [ app_end ] --END-- [ RunTime:0.002000s ]

[ 2016-05-04T21:23:57+08:00 ] ::1 /notebook_php/index.php/Find/index/p/1.htm
INFO: [ app_init ] --START--
INFO: Run Behavior\BuildLiteBehavior [ RunTime:0.000000s ]
INFO: [ app_init ] --END-- [ RunTime:0.001000s ]
INFO: [ app_begin ] --START--
INFO: Run Behavior\ReadHtmlCacheBehavior [ RunTime:0.000000s ]
INFO: [ app_begin ] --END-- [ RunTime:0.002000s ]
SQL: SHOW COLUMNS FROM `notebook_book` [ RunTime:0.0040s ]
SQL: SELECT COUNT(*) AS tp_count FROM `notebook_book` WHERE `private` = 0 AND `hidden` = 0 LIMIT 1   [ RunTime:0.0010s ]
SQL: SELECT b.id,b.title,b.mood,b.weather,b.addtime,b.content,b.views,u.username,ui.image FROM notebook_book b right join notebook_users as u on u.id = b.uid right join notebook_usersinfo as ui on u.id=ui.uid  WHERE b.hidden = 0 AND b.private = 0 ORDER BY b.addtime desc LIMIT 0,6   [ RunTime:0.0040s ]
NOTIC: [8] Undefined offset: 6 E:\wamp\www\notebook_php\Apps\Common\Common\function.php 第 64 行.
INFO: [ view_parse ] --START--
INFO: [ template_filter ] --START--
INFO: Run Behavior\ContentReplaceBehavior [ RunTime:0.000000s ]
INFO: [ template_filter ] --END-- [ RunTime:0.001000s ]
INFO: Run Behavior\ParseTemplateBehavior [ RunTime:0.030001s ]
INFO: [ view_parse ] --END-- [ RunTime:0.030001s ]
INFO: [ view_filter ] --START--
INFO: Run Behavior\WriteHtmlCacheBehavior [ RunTime:0.001000s ]
INFO: [ view_filter ] --END-- [ RunTime:0.001000s ]
INFO: [ app_end ] --START--
INFO: Run Behavior\ShowPageTraceBehavior [ RunTime:0.001000s ]
INFO: [ app_end ] --END-- [ RunTime:0.001000s ]

[ 2016-05-04T21:24:47+08:00 ] ::1 /notebook_php/index.php/Find/index/p/2.htm
INFO: [ app_init ] --START--
INFO: Run Behavior\BuildLiteBehavior [ RunTime:0.000000s ]
INFO: [ app_init ] --END-- [ RunTime:0.001000s ]
INFO: [ app_begin ] --START--
INFO: Run Behavior\ReadHtmlCacheBehavior [ RunTime:0.001001s ]
INFO: [ app_begin ] --END-- [ RunTime:0.001001s ]
SQL: SHOW COLUMNS FROM `notebook_book` [ RunTime:0.0040s ]
SQL: SELECT COUNT(*) AS tp_count FROM `notebook_book` WHERE `private` = 0 AND `hidden` = 0 LIMIT 1   [ RunTime:0.0000s ]
SQL: SELECT b.id,b.title,b.mood,b.weather,b.addtime,b.content,b.views,u.username,ui.image FROM notebook_book b right join notebook_users as u on u.id = b.uid right join notebook_usersinfo as ui on u.id=ui.uid  WHERE b.hidden = 0 AND b.private = 0 ORDER BY b.addtime desc LIMIT 6,6   [ RunTime:0.0040s ]
NOTIC: [8] Undefined offset: 6 E:\wamp\www\notebook_php\Apps\Common\Common\function.php 第 64 行.
INFO: [ view_parse ] --START--
INFO: [ template_filter ] --START--
INFO: Run Behavior\ContentReplaceBehavior [ RunTime:0.000000s ]
INFO: [ template_filter ] --END-- [ RunTime:0.001000s ]
INFO: Run Behavior\ParseTemplateBehavior [ RunTime:0.030001s ]
INFO: [ view_parse ] --END-- [ RunTime:0.030001s ]
INFO: [ view_filter ] --START--
INFO: Run Behavior\WriteHtmlCacheBehavior [ RunTime:0.001000s ]
INFO: [ view_filter ] --END-- [ RunTime:0.001000s ]
INFO: [ app_end ] --START--
INFO: Run Behavior\ShowPageTraceBehavior [ RunTime:0.001001s ]
INFO: [ app_end ] --END-- [ RunTime:0.002001s ]

[ 2016-05-04T21:24:50+08:00 ] ::1 /notebook_php/index.php/Find/index/p/3.htm
INFO: [ app_init ] --START--
INFO: Run Behavior\BuildLiteBehavior [ RunTime:0.000000s ]
INFO: [ app_init ] --END-- [ RunTime:0.000000s ]
INFO: [ app_begin ] --START--
INFO: Run Behavior\ReadHtmlCacheBehavior [ RunTime:0.000000s ]
INFO: [ app_begin ] --END-- [ RunTime:0.001000s ]
SQL: SHOW COLUMNS FROM `notebook_book` [ RunTime:0.0040s ]
SQL: SELECT COUNT(*) AS tp_count FROM `notebook_book` WHERE `private` = 0 AND `hidden` = 0 LIMIT 1   [ RunTime:0.0010s ]
SQL: SELECT b.id,b.title,b.mood,b.weather,b.addtime,b.content,b.views,u.username,ui.image FROM notebook_book b right join notebook_users as u on u.id = b.uid right join notebook_usersinfo as ui on u.id=ui.uid  WHERE b.hidden = 0 AND b.private = 0 ORDER BY b.addtime desc LIMIT 12,6   [ RunTime:0.0050s ]
NOTIC: [8] Undefined offset: 5 E:\wamp\www\notebook_php\Apps\Common\Common\function.php 第 64 行.
INFO: [ view_parse ] --START--
INFO: [ template_filter ] --START--
INFO: Run Behavior\ContentReplaceBehavior [ RunTime:0.000000s ]
INFO: [ template_filter ] --END-- [ RunTime:0.000000s ]
INFO: Run Behavior\ParseTemplateBehavior [ RunTime:0.031002s ]
INFO: [ view_parse ] --END-- [ RunTime:0.031002s ]
INFO: [ view_filter ] --START--
INFO: Run Behavior\WriteHtmlCacheBehavior [ RunTime:0.000000s ]
INFO: [ view_filter ] --END-- [ RunTime:0.000000s ]
INFO: [ app_end ] --START--
INFO: Run Behavior\ShowPageTraceBehavior [ RunTime:0.001000s ]
INFO: [ app_end ] --END-- [ RunTime:0.001000s ]

[ 2016-05-04T21:24:53+08:00 ] ::1 /notebook_php/index.php/Find/index/p/4.htm
INFO: [ app_init ] --START--
INFO: Run Behavior\BuildLiteBehavior [ RunTime:0.001000s ]
INFO: [ app_init ] --END-- [ RunTime:0.001000s ]
INFO: [ app_begin ] --START--
INFO: Run Behavior\ReadHtmlCacheBehavior [ RunTime:0.001001s ]
INFO: [ app_begin ] --END-- [ RunTime:0.002001s ]
SQL: SHOW COLUMNS FROM `notebook_book` [ RunTime:0.0030s ]
SQL: SELECT COUNT(*) AS tp_count FROM `notebook_book` WHERE `private` = 0 AND `hidden` = 0 LIMIT 1   [ RunTime:0.0000s ]
SQL: SELECT b.id,b.title,b.mood,b.weather,b.addtime,b.content,b.views,u.username,ui.image FROM notebook_book b right join notebook_users as u on u.id = b.uid right join notebook_usersinfo as ui on u.id=ui.uid  WHERE b.hidden = 0 AND b.private = 0 ORDER BY b.addtime desc LIMIT 18,6   [ RunTime:0.0050s ]
NOTIC: [8] Undefined offset: 0 E:\wamp\www\notebook_php\Apps\Common\Common\function.php 第 64 行.
INFO: [ view_parse ] --START--
INFO: [ template_filter ] --START--
INFO: Run Behavior\ContentReplaceBehavior [ RunTime:0.001000s ]
INFO: [ template_filter ] --END-- [ RunTime:0.001000s ]
INFO: Run Behavior\ParseTemplateBehavior [ RunTime:0.023002s ]
INFO: [ view_parse ] --END-- [ RunTime:0.023002s ]
INFO: [ view_filter ] --START--
INFO: Run Behavior\WriteHtmlCacheBehavior [ RunTime:0.001000s ]
INFO: [ view_filter ] --END-- [ RunTime:0.001000s ]
INFO: [ app_end ] --START--
INFO: Run Behavior\ShowPageTraceBehavior [ RunTime:0.001000s ]
INFO: [ app_end ] --END-- [ RunTime:0.001000s ]

[ 2016-05-04T21:24:55+08:00 ] ::1 /notebook_php/index.php/Find/index/p/3.htm
INFO: [ app_init ] --START--
INFO: Run Behavior\BuildLiteBehavior [ RunTime:0.000000s ]
INFO: [ app_init ] --END-- [ RunTime:0.001000s ]
INFO: [ app_begin ] --START--
INFO: Run Behavior\ReadHtmlCacheBehavior [ RunTime:0.001001s ]
INFO: [ app_begin ] --END-- [ RunTime:0.002001s ]
SQL: SHOW COLUMNS FROM `notebook_book` [ RunTime:0.0040s ]
SQL: SELECT COUNT(*) AS tp_count FROM `notebook_book` WHERE `private` = 0 AND `hidden` = 0 LIMIT 1   [ RunTime:0.0000s ]
SQL: SELECT b.id,b.title,b.mood,b.weather,b.addtime,b.content,b.views,u.username,ui.image FROM notebook_book b right join notebook_users as u on u.id = b.uid right join notebook_usersinfo as ui on u.id=ui.uid  WHERE b.hidden = 0 AND b.private = 0 ORDER BY b.addtime desc LIMIT 12,6   [ RunTime:0.0040s ]
NOTIC: [8] Undefined offset: 5 E:\wamp\www\notebook_php\Apps\Common\Common\function.php 第 64 行.
INFO: [ view_parse ] --START--
INFO: [ template_filter ] --START--
INFO: Run Behavior\ContentReplaceBehavior [ RunTime:0.000000s ]
INFO: [ template_filter ] --END-- [ RunTime:0.001000s ]
INFO: Run Behavior\ParseTemplateBehavior [ RunTime:0.030002s ]
INFO: [ view_parse ] --END-- [ RunTime:0.030002s ]
INFO: [ view_filter ] --START--
INFO: Run Behavior\WriteHtmlCacheBehavior [ RunTime:0.001000s ]
INFO: [ view_filter ] --END-- [ RunTime:0.001000s ]
INFO: [ app_end ] --START--
INFO: Run Behavior\ShowPageTraceBehavior [ RunTime:0.000000s ]
INFO: [ app_end ] --END-- [ RunTime:0.002000s ]

[ 2016-05-04T21:25:40+08:00 ] ::1 /notebook_php/index.php/Find/index/p/1.htm
INFO: [ app_init ] --START--
INFO: Run Behavior\BuildLiteBehavior [ RunTime:0.000000s ]
INFO: [ app_init ] --END-- [ RunTime:0.000000s ]
INFO: [ app_begin ] --START--
INFO: Run Behavior\ReadHtmlCacheBehavior [ RunTime:0.001000s ]
INFO: [ app_begin ] --END-- [ RunTime:0.002000s ]
SQL: SHOW COLUMNS FROM `notebook_book` [ RunTime:0.0030s ]
SQL: SELECT COUNT(*) AS tp_count FROM `notebook_book` WHERE `private` = 0 AND `hidden` = 0 LIMIT 1   [ RunTime:0.0000s ]
SQL: SELECT b.id,b.title,b.mood,b.weather,b.addtime,b.content,b.views,u.username,ui.image FROM notebook_book b right join notebook_users as u on u.id = b.uid right join notebook_usersinfo as ui on u.id=ui.uid  WHERE b.hidden = 0 AND b.private = 0 ORDER BY b.addtime desc LIMIT 0,6   [ RunTime:0.0040s ]
NOTIC: [8] Undefined offset: 6 E:\wamp\www\notebook_php\Apps\Common\Common\function.php 第 64 行.
INFO: [ view_parse ] --START--
INFO: [ template_filter ] --START--
INFO: Run Behavior\ContentReplaceBehavior [ RunTime:0.000000s ]
INFO: [ template_filter ] --END-- [ RunTime:0.000000s ]
INFO: Run Behavior\ParseTemplateBehavior [ RunTime:0.032002s ]
INFO: [ view_parse ] --END-- [ RunTime:0.032002s ]
INFO: [ view_filter ] --START--
INFO: Run Behavior\WriteHtmlCacheBehavior [ RunTime:0.001000s ]
INFO: [ view_filter ] --END-- [ RunTime:0.001000s ]
INFO: [ app_end ] --START--
INFO: Run Behavior\ShowPageTraceBehavior [ RunTime:0.001000s ]
INFO: [ app_end ] --END-- [ RunTime:0.002000s ]

[ 2016-05-04T21:25:42+08:00 ] ::1 /notebook_php/index.php/Find/index/p/2.htm
INFO: [ app_init ] --START--
INFO: Run Behavior\BuildLiteBehavior [ RunTime:0.000000s ]
INFO: [ app_init ] --END-- [ RunTime:0.001000s ]
INFO: [ app_begin ] --START--
INFO: Run Behavior\ReadHtmlCacheBehavior [ RunTime:0.001000s ]
INFO: [ app_begin ] --END-- [ RunTime:0.001000s ]
SQL: SHOW COLUMNS FROM `notebook_book` [ RunTime:0.0040s ]
SQL: SELECT COUNT(*) AS tp_count FROM `notebook_book` WHERE `private` = 0 AND `hidden` = 0 LIMIT 1   [ RunTime:0.0010s ]
SQL: SELECT b.id,b.title,b.mood,b.weather,b.addtime,b.content,b.views,u.username,ui.image FROM notebook_book b right join notebook_users as u on u.id = b.uid right join notebook_usersinfo as ui on u.id=ui.uid  WHERE b.hidden = 0 AND b.private = 0 ORDER BY b.addtime desc LIMIT 6,6   [ RunTime:0.0040s ]
NOTIC: [8] Undefined offset: 6 E:\wamp\www\notebook_php\Apps\Common\Common\function.php 第 64 行.
INFO: [ view_parse ] --START--
INFO: [ template_filter ] --START--
INFO: Run Behavior\ContentReplaceBehavior [ RunTime:0.000000s ]
INFO: [ template_filter ] --END-- [ RunTime:0.001000s ]
INFO: Run Behavior\ParseTemplateBehavior [ RunTime:0.031002s ]
INFO: [ view_parse ] --END-- [ RunTime:0.031002s ]
INFO: [ view_filter ] --START--
INFO: Run Behavior\WriteHtmlCacheBehavior [ RunTime:0.001000s ]
INFO: [ view_filter ] --END-- [ RunTime:0.001000s ]
INFO: [ app_end ] --START--
INFO: Run Behavior\ShowPageTraceBehavior [ RunTime:0.001000s ]
INFO: [ app_end ] --END-- [ RunTime:0.001000s ]

[ 2016-05-04T21:25:45+08:00 ] ::1 /notebook_php/index.php/Find/index/p/3.htm
INFO: [ app_init ] --START--
INFO: Run Behavior\BuildLiteBehavior [ RunTime:0.000000s ]
INFO: [ app_init ] --END-- [ RunTime:0.001000s ]
INFO: [ app_begin ] --START--
INFO: Run Behavior\ReadHtmlCacheBehavior [ RunTime:0.001000s ]
INFO: [ app_begin ] --END-- [ RunTime:0.001000s ]
SQL: SHOW COLUMNS FROM `notebook_book` [ RunTime:0.0040s ]
SQL: SELECT COUNT(*) AS tp_count FROM `notebook_book` WHERE `private` = 0 AND `hidden` = 0 LIMIT 1   [ RunTime:0.0010s ]
SQL: SELECT b.id,b.title,b.mood,b.weather,b.addtime,b.content,b.views,u.username,ui.image FROM notebook_book b right join notebook_users as u on u.id = b.uid right join notebook_usersinfo as ui on u.id=ui.uid  WHERE b.hidden = 0 AND b.private = 0 ORDER BY b.addtime desc LIMIT 12,6   [ RunTime:0.0050s ]
NOTIC: [8] Undefined offset: 5 E:\wamp\www\notebook_php\Apps\Common\Common\function.php 第 64 行.
INFO: [ view_parse ] --START--
INFO: [ template_filter ] --START--
INFO: Run Behavior\ContentReplaceBehavior [ RunTime:0.000000s ]
INFO: [ template_filter ] --END-- [ RunTime:0.000000s ]
INFO: Run Behavior\ParseTemplateBehavior [ RunTime:0.029002s ]
INFO: [ view_parse ] --END-- [ RunTime:0.030002s ]
INFO: [ view_filter ] --START--
INFO: Run Behavior\WriteHtmlCacheBehavior [ RunTime:0.001000s ]
INFO: [ view_filter ] --END-- [ RunTime:0.001000s ]
INFO: [ app_end ] --START--
INFO: Run Behavior\ShowPageTraceBehavior [ RunTime:0.001000s ]
INFO: [ app_end ] --END-- [ RunTime:0.002000s ]

[ 2016-05-04T21:26:32+08:00 ] ::1 /notebook_php/index.php/Find/index/p/4.htm
INFO: [ app_init ] --START--
INFO: Run Behavior\BuildLiteBehavior [ RunTime:0.000000s ]
INFO: [ app_init ] --END-- [ RunTime:0.001000s ]
INFO: [ app_begin ] --START--
INFO: Run Behavior\ReadHtmlCacheBehavior [ RunTime:0.000000s ]
INFO: [ app_begin ] --END-- [ RunTime:0.002000s ]
SQL: SHOW COLUMNS FROM `notebook_book` [ RunTime:0.0040s ]
SQL: SELECT COUNT(*) AS tp_count FROM `notebook_book` WHERE `private` = 0 AND `hidden` = 0 LIMIT 1   [ RunTime:0.0000s ]
SQL: SELECT b.id,b.title,b.mood,b.weather,b.addtime,b.content,b.views,u.username,ui.image FROM notebook_book b right join notebook_users as u on u.id = b.uid right join notebook_usersinfo as ui on u.id=ui.uid  WHERE b.hidden = 0 AND b.private = 0 ORDER BY b.addtime desc LIMIT 18,6   [ RunTime:0.0040s ]
NOTIC: [8] Undefined offset: 0 E:\wamp\www\notebook_php\Apps\Common\Common\function.php 第 64 行.
INFO: [ view_parse ] --START--
INFO: [ template_filter ] --START--
INFO: Run Behavior\ContentReplaceBehavior [ RunTime:0.000000s ]
INFO: [ template_filter ] --END-- [ RunTime:0.000000s ]
INFO: Run Behavior\ParseTemplateBehavior [ RunTime:0.025001s ]
INFO: [ view_parse ] --END-- [ RunTime:0.025001s ]
INFO: [ view_filter ] --START--
INFO: Run Behavior\WriteHtmlCacheBehavior [ RunTime:0.001000s ]
INFO: [ view_filter ] --END-- [ RunTime:0.001000s ]
INFO: [ app_end ] --START--
INFO: Run Behavior\ShowPageTraceBehavior [ RunTime:0.001000s ]
INFO: [ app_end ] --END-- [ RunTime:0.001000s ]

[ 2016-05-04T21:26:33+08:00 ] ::1 /notebook_php/index.php/Find/index/p/3.htm
INFO: [ app_init ] --START--
INFO: Run Behavior\BuildLiteBehavior [ RunTime:0.000000s ]
INFO: [ app_init ] --END-- [ RunTime:0.001001s ]
INFO: [ app_begin ] --START--
INFO: Run Behavior\ReadHtmlCacheBehavior [ RunTime:0.001000s ]
INFO: [ app_begin ] --END-- [ RunTime:0.001000s ]
SQL: SHOW COLUMNS FROM `notebook_book` [ RunTime:0.0040s ]
SQL: SELECT COUNT(*) AS tp_count FROM `notebook_book` WHERE `private` = 0 AND `hidden` = 0 LIMIT 1   [ RunTime:0.0000s ]
SQL: SELECT b.id,b.title,b.mood,b.weather,b.addtime,b.content,b.views,u.username,ui.image FROM notebook_book b right join notebook_users as u on u.id = b.uid right join notebook_usersinfo as ui on u.id=ui.uid  WHERE b.hidden = 0 AND b.private = 0 ORDER BY b.addtime desc LIMIT 12,6   [ RunTime:0.0040s ]
NOTIC: [8] Undefined offset: 5 E:\wamp\www\notebook_php\Apps\Common\Common\function.php 第 64 行.
INFO: [ view_parse ] --START--
INFO: [ template_filter ] --START--
INFO: Run Behavior\ContentReplaceBehavior [ RunTime:0.000000s ]
INFO: [ template_filter ] --END-- [ RunTime:0.001000s ]
INFO: Run Behavior\ParseTemplateBehavior [ RunTime:0.030002s ]
INFO: [ view_parse ] --END-- [ RunTime:0.030002s ]
INFO: [ view_filter ] --START--
INFO: Run Behavior\WriteHtmlCacheBehavior [ RunTime:0.001000s ]
INFO: [ view_filter ] --END-- [ RunTime:0.001000s ]
INFO: [ app_end ] --START--
INFO: Run Behavior\ShowPageTraceBehavior [ RunTime:0.001000s ]
INFO: [ app_end ] --END-- [ RunTime:0.001000s ]

[ 2016-05-04T21:27:51+08:00 ] ::1 /notebook_php/index.php/List/index/id/2.htm
INFO: [ app_init ] --START--
INFO: Run Behavior\BuildLiteBehavior [ RunTime:0.000000s ]
INFO: [ app_init ] --END-- [ RunTime:0.000000s ]
INFO: [ app_begin ] --START--
INFO: Run Behavior\ReadHtmlCacheBehavior [ RunTime:0.001000s ]
INFO: [ app_begin ] --END-- [ RunTime:0.002000s ]
SQL: SHOW COLUMNS FROM `notebook_book` [ RunTime:0.0050s ]
SQL: SELECT * FROM `notebook_book` WHERE `id` = 2 LIMIT 1   [ RunTime:0.0010s ]
SQL: UPDATE `notebook_book` SET `views`='1' WHERE `id` = 2 [ RunTime:0.0020s ]
SQL: SELECT b.id,b.title,b.content,b.mood,b.weather,b.addtime,b.views,u.username,ui.image FROM notebook_book b right join notebook_users as u on u.id = b.uid right join notebook_usersinfo as ui on u.id = ui.uid  WHERE b.hidden = 0 AND b.id = '2' LIMIT 1   [ RunTime:0.0010s ]
NOTIC: [8] Undefined offset: 1 E:\wamp\www\notebook_php\Apps\Common\Common\function.php 第 64 行.
INFO: [ view_parse ] --START--
INFO: [ template_filter ] --START--
INFO: Run Behavior\ContentReplaceBehavior [ RunTime:0.000000s ]
INFO: [ template_filter ] --END-- [ RunTime:0.001000s ]
INFO: Run Behavior\ParseTemplateBehavior [ RunTime:0.030002s ]
INFO: [ view_parse ] --END-- [ RunTime:0.030002s ]
INFO: [ view_filter ] --START--
INFO: Run Behavior\WriteHtmlCacheBehavior [ RunTime:0.001000s ]
INFO: [ view_filter ] --END-- [ RunTime:0.001000s ]
INFO: [ app_end ] --START--
INFO: Run Behavior\ShowPageTraceBehavior [ RunTime:0.001000s ]
INFO: [ app_end ] --END-- [ RunTime:0.001000s ]

[ 2016-05-04T21:27:56+08:00 ] ::1 /notebook_php/index.php/Find/index/p/3.htm
INFO: [ app_init ] --START--
INFO: Run Behavior\BuildLiteBehavior [ RunTime:0.000000s ]
INFO: [ app_init ] --END-- [ RunTime:0.001000s ]
INFO: [ app_begin ] --START--
INFO: Run Behavior\ReadHtmlCacheBehavior [ RunTime:0.000000s ]
INFO: [ app_begin ] --END-- [ RunTime:0.001000s ]
SQL: SHOW COLUMNS FROM `notebook_book` [ RunTime:0.0060s ]
SQL: SELECT COUNT(*) AS tp_count FROM `notebook_book` WHERE `private` = 0 AND `hidden` = 0 LIMIT 1   [ RunTime:0.0010s ]
SQL: SELECT b.id,b.title,b.mood,b.weather,b.addtime,b.content,b.views,u.username,ui.image FROM notebook_book b right join notebook_users as u on u.id = b.uid right join notebook_usersinfo as ui on u.id=ui.uid  WHERE b.hidden = 0 AND b.private = 0 ORDER BY b.addtime desc LIMIT 12,6   [ RunTime:0.0080s ]
NOTIC: [8] Undefined offset: 5 E:\wamp\www\notebook_php\Apps\Common\Common\function.php 第 64 行.
INFO: [ view_parse ] --START--
INFO: [ template_filter ] --START--
INFO: Run Behavior\ContentReplaceBehavior [ RunTime:0.000000s ]
INFO: [ template_filter ] --END-- [ RunTime:0.000000s ]
INFO: Run Behavior\ParseTemplateBehavior [ RunTime:0.036002s ]
INFO: [ view_parse ] --END-- [ RunTime:0.036002s ]
INFO: [ view_filter ] --START--
INFO: Run Behavior\WriteHtmlCacheBehavior [ RunTime:0.001000s ]
INFO: [ view_filter ] --END-- [ RunTime:0.001000s ]
INFO: [ app_end ] --START--
INFO: Run Behavior\ShowPageTraceBehavior [ RunTime:0.001000s ]
INFO: [ app_end ] --END-- [ RunTime:0.001000s ]

[ 2016-05-04T21:36:50+08:00 ] ::1 /notebook_php/index.php/Find/index/p/3.htm
INFO: [ app_init ] --START--
INFO: Run Behavior\BuildLiteBehavior [ RunTime:0.000000s ]
INFO: [ app_init ] --END-- [ RunTime:0.001000s ]
INFO: [ app_begin ] --START--
INFO: Run Behavior\ReadHtmlCacheBehavior [ RunTime:0.001000s ]
INFO: [ app_begin ] --END-- [ RunTime:0.001000s ]
SQL: SHOW COLUMNS FROM `notebook_book` [ RunTime:0.0060s ]
SQL: SELECT COUNT(*) AS tp_count FROM `notebook_book` WHERE `private` = 0 AND `hidden` = 0 LIMIT 1   [ RunTime:0.0010s ]

[ 2016-05-04T21:38:23+08:00 ] ::1 /notebook_php/index.php/Find/index/p/3.htm
INFO: [ app_init ] --START--
INFO: Run Behavior\BuildLiteBehavior [ RunTime:0.001000s ]
INFO: [ app_init ] --END-- [ RunTime:0.001000s ]
INFO: [ app_begin ] --START--
INFO: Run Behavior\ReadHtmlCacheBehavior [ RunTime:0.001000s ]
INFO: [ app_begin ] --END-- [ RunTime:0.001000s ]
SQL: SHOW COLUMNS FROM `notebook_book` [ RunTime:0.0040s ]
SQL: SELECT COUNT(*) AS tp_count FROM `notebook_book` WHERE `private` = 0 AND `hidden` = 0 LIMIT 1   [ RunTime:0.0000s ]

[ 2016-05-04T21:46:20+08:00 ] ::1 /notebook_php/index.php/Find/index/p/3.htm
INFO: [ app_init ] --START--
INFO: Run Behavior\BuildLiteBehavior [ RunTime:0.000000s ]
INFO: [ app_init ] --END-- [ RunTime:0.002000s ]
INFO: [ app_begin ] --START--
INFO: Run Behavior\ReadHtmlCacheBehavior [ RunTime:0.001001s ]
INFO: [ app_begin ] --END-- [ RunTime:0.002001s ]
SQL: SHOW COLUMNS FROM `notebook_book` [ RunTime:0.0040s ]
SQL: SELECT COUNT(*) AS tp_count FROM `notebook_book` WHERE `private` = 0 AND `hidden` = 0 LIMIT 1   [ RunTime:0.0010s ]
SQL: SELECT b.id,b.title,b.mood,b.weather,b.addtime,b.content,b.views,u.username,ui.image FROM notebook_book b right join notebook_users as u on u.id = b.uid right join notebook_usersinfo as ui on u.id=ui.uid  WHERE b.hidden = 0 AND b.private = 0 ORDER BY b.addtime desc LIMIT 12,6   [ RunTime:0.0060s ]
NOTIC: [8] Undefined offset: 5 E:\wamp\www\notebook_php\Apps\Common\Common\function.php 第 64 行.
INFO: [ view_parse ] --START--
INFO: [ template_filter ] --START--
INFO: Run Behavior\ContentReplaceBehavior [ RunTime:0.000000s ]
INFO: [ template_filter ] --END-- [ RunTime:0.000000s ]
INFO: Run Behavior\ParseTemplateBehavior [ RunTime:0.049003s ]
INFO: [ view_parse ] --END-- [ RunTime:0.049003s ]
INFO: [ view_filter ] --START--
INFO: Run Behavior\WriteHtmlCacheBehavior [ RunTime:0.008000s ]
INFO: [ view_filter ] --END-- [ RunTime:0.008000s ]
INFO: [ app_end ] --START--
INFO: Run Behavior\ShowPageTraceBehavior [ RunTime:0.006000s ]
INFO: [ app_end ] --END-- [ RunTime:0.007001s ]

[ 2016-05-04T21:46:23+08:00 ] ::1 /notebook_php/index.php/Find/index/p/1.htm
INFO: [ app_init ] --START--
INFO: Run Behavior\BuildLiteBehavior [ RunTime:0.000000s ]
INFO: [ app_init ] --END-- [ RunTime:0.001000s ]
INFO: [ app_begin ] --START--
INFO: Run Behavior\ReadHtmlCacheBehavior [ RunTime:0.001000s ]
INFO: [ app_begin ] --END-- [ RunTime:0.001000s ]
SQL: SHOW COLUMNS FROM `notebook_book` [ RunTime:0.0030s ]
SQL: SELECT COUNT(*) AS tp_count FROM `notebook_book` WHERE `private` = 0 AND `hidden` = 0 LIMIT 1   [ RunTime:0.0000s ]
SQL: SELECT b.id,b.title,b.mood,b.weather,b.addtime,b.content,b.views,u.username,ui.image FROM notebook_book b right join notebook_users as u on u.id = b.uid right join notebook_usersinfo as ui on u.id=ui.uid  WHERE b.hidden = 0 AND b.private = 0 ORDER BY b.addtime desc LIMIT 0,6   [ RunTime:0.0040s ]
NOTIC: [8] Undefined offset: 6 E:\wamp\www\notebook_php\Apps\Common\Common\function.php 第 64 行.
INFO: [ view_parse ] --START--
INFO: [ template_filter ] --START--
INFO: Run Behavior\ContentReplaceBehavior [ RunTime:0.000000s ]
INFO: [ template_filter ] --END-- [ RunTime:0.000000s ]
INFO: Run Behavior\ParseTemplateBehavior [ RunTime:0.031002s ]
INFO: [ view_parse ] --END-- [ RunTime:0.031002s ]
INFO: [ view_filter ] --START--
INFO: Run Behavior\WriteHtmlCacheBehavior [ RunTime:0.000000s ]
INFO: [ view_filter ] --END-- [ RunTime:0.001000s ]
INFO: [ app_end ] --START--
INFO: Run Behavior\ShowPageTraceBehavior [ RunTime:0.000000s ]
INFO: [ app_end ] --END-- [ RunTime:0.002000s ]

[ 2016-05-04T21:46:25+08:00 ] ::1 /notebook_php/index.php/Find/index/p/4.htm
INFO: [ app_init ] --START--
INFO: Run Behavior\BuildLiteBehavior [ RunTime:0.000000s ]
INFO: [ app_init ] --END-- [ RunTime:0.001000s ]
INFO: [ app_begin ] --START--
INFO: Run Behavior\ReadHtmlCacheBehavior [ RunTime:0.001000s ]
INFO: [ app_begin ] --END-- [ RunTime:0.001000s ]
SQL: SHOW COLUMNS FROM `notebook_book` [ RunTime:0.0060s ]
SQL: SELECT COUNT(*) AS tp_count FROM `notebook_book` WHERE `private` = 0 AND `hidden` = 0 LIMIT 1   [ RunTime:0.0000s ]
SQL: SELECT b.id,b.title,b.mood,b.weather,b.addtime,b.content,b.views,u.username,ui.image FROM notebook_book b right join notebook_users as u on u.id = b.uid right join notebook_usersinfo as ui on u.id=ui.uid  WHERE b.hidden = 0 AND b.private = 0 ORDER BY b.addtime desc LIMIT 18,6   [ RunTime:0.0040s ]
NOTIC: [8] Undefined offset: 0 E:\wamp\www\notebook_php\Apps\Common\Common\function.php 第 64 行.
INFO: [ view_parse ] --START--
INFO: [ template_filter ] --START--
INFO: Run Behavior\ContentReplaceBehavior [ RunTime:0.000000s ]
INFO: [ template_filter ] --END-- [ RunTime:0.001000s ]
INFO: Run Behavior\ParseTemplateBehavior [ RunTime:0.025001s ]
INFO: [ view_parse ] --END-- [ RunTime:0.026001s ]
INFO: [ view_filter ] --START--
INFO: Run Behavior\WriteHtmlCacheBehavior [ RunTime:0.001000s ]
INFO: [ view_filter ] --END-- [ RunTime:0.001000s ]
INFO: [ app_end ] --START--
INFO: Run Behavior\ShowPageTraceBehavior [ RunTime:0.001001s ]
INFO: [ app_end ] --END-- [ RunTime:0.001001s ]

[ 2016-05-04T21:56:28+08:00 ] ::1 /notebook_php/index.php/Find/index/p/4.htm
INFO: [ app_init ] --START--
INFO: Run Behavior\BuildLiteBehavior [ RunTime:0.000000s ]
INFO: [ app_init ] --END-- [ RunTime:0.000000s ]
INFO: [ app_begin ] --START--
INFO: Run Behavior\ReadHtmlCacheBehavior [ RunTime:0.001000s ]
INFO: [ app_begin ] --END-- [ RunTime:0.002000s ]
SQL: SHOW COLUMNS FROM `notebook_book` [ RunTime:0.0030s ]
SQL: SELECT COUNT(*) AS tp_count FROM `notebook_book` WHERE `private` = 0 AND `hidden` = 0 LIMIT 1   [ RunTime:0.0000s ]
NOTIC: [8] Undefined variable: limit E:\wamp\www\notebook_php\Apps\Home\Controller\FindController.class.php 第 28 行.
NOTIC: [8] Undefined variable: offset E:\wamp\www\notebook_php\Apps\Home\Controller\FindController.class.php 第 28 行.
SQL: SELECT b.id,b.title,b.mood,b.weather,b.addtime,b.content,b.views,u.username,ui.image FROM notebook_book b right join notebook_users as u on u.id = b.uid right join notebook_usersinfo as ui on u.id=ui.uid  WHERE b.hidden = 0 AND b.private = 0 ORDER BY b.addtime desc LIMIT 18,6   [ RunTime:0.0050s ]
NOTIC: [8] Undefined offset: 0 E:\wamp\www\notebook_php\Apps\Common\Common\function.php 第 64 行.
INFO: [ view_parse ] --START--
INFO: [ template_filter ] --START--
INFO: Run Behavior\ContentReplaceBehavior [ RunTime:0.000000s ]
INFO: [ template_filter ] --END-- [ RunTime:0.001000s ]
INFO: Run Behavior\ParseTemplateBehavior [ RunTime:0.024002s ]
INFO: [ view_parse ] --END-- [ RunTime:0.024002s ]
INFO: [ view_filter ] --START--
INFO: Run Behavior\WriteHtmlCacheBehavior [ RunTime:0.001000s ]
INFO: [ view_filter ] --END-- [ RunTime:0.001000s ]
INFO: [ app_end ] --START--
INFO: Run Behavior\ShowPageTraceBehavior [ RunTime:0.001000s ]
INFO: [ app_end ] --END-- [ RunTime:0.001000s ]

[ 2016-05-04T21:58:58+08:00 ] ::1 /notebook_php/index.php/Find/index/p/4.htm
INFO: [ app_init ] --START--
INFO: Run Behavior\BuildLiteBehavior [ RunTime:0.001000s ]
INFO: [ app_init ] --END-- [ RunTime:0.001000s ]
INFO: [ app_begin ] --START--
INFO: Run Behavior\ReadHtmlCacheBehavior [ RunTime:0.001000s ]
INFO: [ app_begin ] --END-- [ RunTime:0.001000s ]
SQL: SHOW COLUMNS FROM `notebook_book` [ RunTime:0.0040s ]
SQL: SELECT COUNT(*) AS tp_count FROM `notebook_book` WHERE `private` = 0 AND `hidden` = 0 LIMIT 1   [ RunTime:0.0010s ]
NOTIC: [8] Undefined variable: limit E:\wamp\www\notebook_php\Apps\Home\Controller\FindController.class.php 第 28 行.
NOTIC: [8] Undefined variable: offset E:\wamp\www\notebook_php\Apps\Home\Controller\FindController.class.php 第 28 行.
SQL: SELECT b.id,b.title,b.mood,b.weather,b.addtime,b.content,b.views,u.username,ui.image FROM notebook_book b right join notebook_users as u on u.id = b.uid right join notebook_usersinfo as ui on u.id=ui.uid  WHERE b.hidden = 0 AND b.private = 0 ORDER BY b.addtime desc LIMIT 18,6   [ RunTime:0.0050s ]
NOTIC: [8] Undefined offset: 0 E:\wamp\www\notebook_php\Apps\Common\Common\function.php 第 64 行.
INFO: [ view_parse ] --START--
INFO: [ template_filter ] --START--
INFO: Run Behavior\ContentReplaceBehavior [ RunTime:0.001000s ]
INFO: [ template_filter ] --END-- [ RunTime:0.001000s ]
INFO: Run Behavior\ParseTemplateBehavior [ RunTime:0.024001s ]
INFO: [ view_parse ] --END-- [ RunTime:0.024001s ]
INFO: [ view_filter ] --START--
INFO: Run Behavior\WriteHtmlCacheBehavior [ RunTime:0.000000s ]
INFO: [ view_filter ] --END-- [ RunTime:0.001000s ]
INFO: [ app_end ] --START--
INFO: Run Behavior\ShowPageTraceBehavior [ RunTime:0.001000s ]
INFO: [ app_end ] --END-- [ RunTime:0.001000s ]

