[ 2016-04-23T15:34:32+08:00 ] ::1 /notebook_php/index.php
INFO: [ app_init ] --START--
INFO: Run Behavior\BuildLiteBehavior [ RunTime:0.000000s ]
INFO: [ app_init ] --END-- [ RunTime:0.050002s ]
INFO: [ app_begin ] --START--
INFO: Run Behavior\ReadHtmlCacheBehavior [ RunTime:0.002001s ]
INFO: [ app_begin ] --END-- [ RunTime:0.003001s ]

[ 2016-04-23T15:34:32+08:00 ] ::1 /notebook_php/index.php?m=Home&c=Login&a=index
INFO: [ app_init ] --START--
INFO: Run Behavior\BuildLiteBehavior [ RunTime:0.000000s ]
INFO: [ app_init ] --END-- [ RunTime:0.001000s ]
INFO: [ app_begin ] --START--
INFO: Run Behavior\ReadHtmlCacheBehavior [ RunTime:0.000000s ]
INFO: [ app_begin ] --END-- [ RunTime:0.002000s ]
INFO: [ view_parse ] --START--
INFO: [ template_filter ] --START--
INFO: Run Behavior\ContentReplaceBehavior [ RunTime:0.015001s ]
INFO: [ template_filter ] --END-- [ RunTime:0.016001s ]
INFO: Run Behavior\ParseTemplateBehavior [ RunTime:0.086005s ]
INFO: [ view_parse ] --END-- [ RunTime:0.086005s ]
INFO: [ view_filter ] --START--
INFO: Run Behavior\WriteHtmlCacheBehavior [ RunTime:0.021001s ]
INFO: [ view_filter ] --END-- [ RunTime:0.021001s ]
INFO: [ app_end ] --START--
INFO: Run Behavior\ShowPageTraceBehavior [ RunTime:0.009001s ]
INFO: [ app_end ] --END-- [ RunTime:0.009001s ]

[ 2016-04-23T16:10:12+08:00 ] ::1 /notebook_php/index.php
INFO: [ app_init ] --START--
INFO: Run Behavior\BuildLiteBehavior [ RunTime:0.000000s ]
INFO: [ app_init ] --END-- [ RunTime:0.002001s ]
INFO: [ app_begin ] --START--
INFO: Run Behavior\ReadHtmlCacheBehavior [ RunTime:0.001000s ]
INFO: [ app_begin ] --END-- [ RunTime:0.002000s ]

[ 2016-04-23T16:10:13+08:00 ] ::1 /notebook_php/index.php?m=Home&c=Login&a=index
INFO: [ app_init ] --START--
INFO: Run Behavior\BuildLiteBehavior [ RunTime:0.000000s ]
INFO: [ app_init ] --END-- [ RunTime:0.001000s ]
INFO: [ app_begin ] --START--
INFO: Run Behavior\ReadHtmlCacheBehavior [ RunTime:0.001000s ]
INFO: [ app_begin ] --END-- [ RunTime:0.001000s ]
INFO: [ view_parse ] --START--
INFO: [ template_filter ] --START--
INFO: Run Behavior\ContentReplaceBehavior [ RunTime:0.000000s ]
INFO: [ template_filter ] --END-- [ RunTime:0.001000s ]
INFO: Run Behavior\ParseTemplateBehavior [ RunTime:0.070004s ]
INFO: [ view_parse ] --END-- [ RunTime:0.070004s ]
INFO: [ view_filter ] --START--
INFO: Run Behavior\WriteHtmlCacheBehavior [ RunTime:0.036002s ]
INFO: [ view_filter ] --END-- [ RunTime:0.038002s ]
INFO: [ app_end ] --START--
INFO: Run Behavior\ShowPageTraceBehavior [ RunTime:0.143008s ]
INFO: [ app_end ] --END-- [ RunTime:0.143008s ]

[ 2016-04-23T16:11:34+08:00 ] ::1 /notebook_php/index.php?m=Home&c=Login&a=doLogin
INFO: [ app_init ] --START--
INFO: Run Behavior\BuildLiteBehavior [ RunTime:0.000000s ]
INFO: [ app_init ] --END-- [ RunTime:0.001000s ]
INFO: [ app_begin ] --START--
INFO: Run Behavior\ReadHtmlCacheBehavior [ RunTime:0.001000s ]
INFO: [ app_begin ] --END-- [ RunTime:0.002000s ]
SQL: SHOW COLUMNS FROM `notebook_users` [ RunTime:0.1230s ]
SQL: SELECT COUNT(*) AS tp_count FROM `notebook_users` WHERE `username` = 'admin' LIMIT 1   [ RunTime:0.0490s ]
SQL: SELECT * FROM `notebook_users` WHERE `username` = 'admin' LIMIT 1   [ RunTime:0.0000s ]
SQL: UPDATE `notebook_users` SET `lastloginIP`='0' WHERE ( id = 1 ) [ RunTime:0.0780s ]
SQL: UPDATE `notebook_users` SET `lastloginTime`='1461399094' WHERE ( id = 1 ) [ RunTime:0.0020s ]

[ 2016-04-23T16:11:35+08:00 ] ::1 /notebook_php/index.php?m=Home&c=Index&a=index
INFO: [ app_init ] --START--
INFO: Run Behavior\BuildLiteBehavior [ RunTime:0.000000s ]
INFO: [ app_init ] --END-- [ RunTime:0.001000s ]
INFO: [ app_begin ] --START--
INFO: Run Behavior\ReadHtmlCacheBehavior [ RunTime:0.001000s ]
INFO: [ app_begin ] --END-- [ RunTime:0.001000s ]
SQL: SHOW COLUMNS FROM `notebook_book` [ RunTime:0.0710s ]
SQL: SELECT b.id,b.title,b.addtime,u.username FROM notebook_book b right join notebook_users as u on b.uid = u.id  WHERE b.hidden = 0 AND b.private = 0 ORDER BY b.addtime desc LIMIT 5   [ RunTime:0.0510s ]
NOTIC: [8] Undefined offset: 5 E:\wamp\www\notebook_php\Apps\Common\Common\function.php 第 46 行.
INFO: [ view_parse ] --START--
INFO: [ template_filter ] --START--
INFO: Run Behavior\ContentReplaceBehavior [ RunTime:0.000000s ]
INFO: [ template_filter ] --END-- [ RunTime:0.001000s ]
INFO: Run Behavior\ParseTemplateBehavior [ RunTime:0.138008s ]
INFO: [ view_parse ] --END-- [ RunTime:0.138008s ]
INFO: [ view_filter ] --START--
INFO: Run Behavior\WriteHtmlCacheBehavior [ RunTime:0.000000s ]
INFO: [ view_filter ] --END-- [ RunTime:0.001000s ]
INFO: [ app_end ] --START--
INFO: Run Behavior\ShowPageTraceBehavior [ RunTime:0.001000s ]
INFO: [ app_end ] --END-- [ RunTime:0.001000s ]

[ 2016-04-23T16:11:46+08:00 ] ::1 /notebook_php/index.php?m=Home&c=Write&a=index
INFO: [ app_init ] --START--
INFO: Run Behavior\BuildLiteBehavior [ RunTime:0.000000s ]
INFO: [ app_init ] --END-- [ RunTime:0.000000s ]
INFO: [ app_begin ] --START--
INFO: Run Behavior\ReadHtmlCacheBehavior [ RunTime:0.001000s ]
INFO: [ app_begin ] --END-- [ RunTime:0.001000s ]
SQL: SHOW COLUMNS FROM `notebook_book` [ RunTime:0.0040s ]
NOTIC: [4096] Object of class Home\Model\BookModel could not be converted to string E:\wamp\www\notebook_php\Apps\Home\Controller\WriteController.class.php 第 11 行.
INFO: [ view_parse ] --START--
INFO: [ template_filter ] --START--
INFO: Run Behavior\ContentReplaceBehavior [ RunTime:0.000000s ]
INFO: [ template_filter ] --END-- [ RunTime:0.000000s ]
INFO: Run Behavior\ParseTemplateBehavior [ RunTime:0.036002s ]
INFO: [ view_parse ] --END-- [ RunTime:0.036002s ]
INFO: [ view_filter ] --START--
INFO: Run Behavior\WriteHtmlCacheBehavior [ RunTime:0.001001s ]
INFO: [ view_filter ] --END-- [ RunTime:0.001001s ]
INFO: [ app_end ] --START--
INFO: Run Behavior\ShowPageTraceBehavior [ RunTime:0.001000s ]
INFO: [ app_end ] --END-- [ RunTime:0.001000s ]

[ 2016-04-23T16:11:48+08:00 ] ::1 /notebook_php/index.php?m=Home&c=Find&a=index
INFO: [ app_init ] --START--
INFO: Run Behavior\BuildLiteBehavior [ RunTime:0.000000s ]
INFO: [ app_init ] --END-- [ RunTime:0.000000s ]
INFO: [ app_begin ] --START--
INFO: Run Behavior\ReadHtmlCacheBehavior [ RunTime:0.000000s ]
INFO: [ app_begin ] --END-- [ RunTime:0.015600s ]
SQL: SHOW COLUMNS FROM `notebook_book` [ RunTime:0.0050s ]
SQL: SELECT COUNT(*) AS tp_count FROM `notebook_book` WHERE `private` = 0 AND `hidden` = 0 LIMIT 1   [ RunTime:0.0000s ]
SQL: SELECT b.id,b.title,b.mood,b.weather,b.addtime,b.content,b.views,u.username,ui.image FROM notebook_book b right join notebook_users as u on u.id = b.uid right join notebook_usersinfo as ui on u.id=ui.uid  WHERE b.hidden = 0 AND b.private = 0 ORDER BY b.addtime desc LIMIT 0,6   [ RunTime:0.0820s ]
NOTIC: [8] Undefined offset: 6 E:\wamp\www\notebook_php\Apps\Common\Common\function.php 第 64 行.
INFO: [ view_parse ] --START--
INFO: [ template_filter ] --START--
INFO: Run Behavior\ContentReplaceBehavior [ RunTime:0.000000s ]
INFO: [ template_filter ] --END-- [ RunTime:0.000000s ]
INFO: Run Behavior\ParseTemplateBehavior [ RunTime:0.090005s ]
INFO: [ view_parse ] --END-- [ RunTime:0.090005s ]
INFO: [ view_filter ] --START--
INFO: Run Behavior\WriteHtmlCacheBehavior [ RunTime:0.001000s ]
INFO: [ view_filter ] --END-- [ RunTime:0.001000s ]
INFO: [ app_end ] --START--
INFO: Run Behavior\ShowPageTraceBehavior [ RunTime:0.002000s ]
INFO: [ app_end ] --END-- [ RunTime:0.002000s ]

[ 2016-04-23T16:11:50+08:00 ] ::1 /notebook_php/index.php?m=Home&c=List&a=index&id=22
INFO: [ app_init ] --START--
INFO: Run Behavior\BuildLiteBehavior [ RunTime:0.000000s ]
INFO: [ app_init ] --END-- [ RunTime:0.001000s ]
INFO: [ app_begin ] --START--
INFO: Run Behavior\ReadHtmlCacheBehavior [ RunTime:0.001000s ]
INFO: [ app_begin ] --END-- [ RunTime:0.001000s ]
SQL: SHOW COLUMNS FROM `notebook_book` [ RunTime:0.0050s ]
SQL: SELECT * FROM `notebook_book` WHERE `id` = 22 LIMIT 1   [ RunTime:0.0010s ]
SQL: UPDATE `notebook_book` SET `views`='3' WHERE `id` = 22 [ RunTime:0.0020s ]
SQL: SELECT b.id,b.title,b.content,b.mood,b.weather,b.addtime,b.views,u.username,ui.image FROM notebook_book b right join notebook_users as u on u.id = b.uid right join notebook_usersinfo as ui on u.id = ui.uid  WHERE b.hidden = 0 AND b.id = '22' LIMIT 1   [ RunTime:0.0290s ]
NOTIC: [8] Undefined offset: 1 E:\wamp\www\notebook_php\Apps\Common\Common\function.php 第 64 行.
INFO: [ view_parse ] --START--
INFO: [ template_filter ] --START--
INFO: Run Behavior\ContentReplaceBehavior [ RunTime:0.001000s ]
INFO: [ template_filter ] --END-- [ RunTime:0.001000s ]
INFO: Run Behavior\ParseTemplateBehavior [ RunTime:0.021001s ]
INFO: [ view_parse ] --END-- [ RunTime:0.021001s ]
INFO: [ view_filter ] --START--
INFO: Run Behavior\WriteHtmlCacheBehavior [ RunTime:0.001000s ]
INFO: [ view_filter ] --END-- [ RunTime:0.001000s ]
INFO: [ app_end ] --START--
INFO: Run Behavior\ShowPageTraceBehavior [ RunTime:0.001000s ]
INFO: [ app_end ] --END-- [ RunTime:0.001000s ]

[ 2016-04-23T16:11:52+08:00 ] ::1 /notebook_php/index.php?m=Home&c=Index&a=index
INFO: [ app_init ] --START--
INFO: Run Behavior\BuildLiteBehavior [ RunTime:0.000000s ]
INFO: [ app_init ] --END-- [ RunTime:0.000000s ]
INFO: [ app_begin ] --START--
INFO: Run Behavior\ReadHtmlCacheBehavior [ RunTime:0.001000s ]
INFO: [ app_begin ] --END-- [ RunTime:0.001000s ]
SQL: SHOW COLUMNS FROM `notebook_book` [ RunTime:0.0060s ]
SQL: SELECT b.id,b.title,b.addtime,u.username FROM notebook_book b right join notebook_users as u on b.uid = u.id  WHERE b.hidden = 0 AND b.private = 0 ORDER BY b.addtime desc LIMIT 5   [ RunTime:0.0000s ]
NOTIC: [8] Undefined offset: 5 E:\wamp\www\notebook_php\Apps\Common\Common\function.php 第 46 行.
INFO: [ view_parse ] --START--
INFO: [ template_filter ] --START--
INFO: Run Behavior\ContentReplaceBehavior [ RunTime:0.000000s ]
INFO: [ template_filter ] --END-- [ RunTime:0.000000s ]
INFO: Run Behavior\ParseTemplateBehavior [ RunTime:0.021001s ]
INFO: [ view_parse ] --END-- [ RunTime:0.021001s ]
INFO: [ view_filter ] --START--
INFO: Run Behavior\WriteHtmlCacheBehavior [ RunTime:0.000000s ]
INFO: [ view_filter ] --END-- [ RunTime:0.001000s ]
INFO: [ app_end ] --START--
INFO: Run Behavior\ShowPageTraceBehavior [ RunTime:0.001000s ]
INFO: [ app_end ] --END-- [ RunTime:0.001000s ]

[ 2016-04-23T16:11:55+08:00 ] ::1 /notebook_php/index.php?m=Home&c=Write&a=index
INFO: [ app_init ] --START--
INFO: Run Behavior\BuildLiteBehavior [ RunTime:0.000000s ]
INFO: [ app_init ] --END-- [ RunTime:0.001000s ]
INFO: [ app_begin ] --START--
INFO: Run Behavior\ReadHtmlCacheBehavior [ RunTime:0.001000s ]
INFO: [ app_begin ] --END-- [ RunTime:0.001000s ]
SQL: SHOW COLUMNS FROM `notebook_book` [ RunTime:0.0040s ]
NOTIC: [4096] Object of class Home\Model\BookModel could not be converted to string E:\wamp\www\notebook_php\Apps\Home\Controller\WriteController.class.php 第 11 行.
INFO: [ view_parse ] --START--
INFO: [ template_filter ] --START--
INFO: Run Behavior\ContentReplaceBehavior [ RunTime:0.000000s ]
INFO: [ template_filter ] --END-- [ RunTime:0.001000s ]
INFO: Run Behavior\ParseTemplateBehavior [ RunTime:0.015000s ]
INFO: [ view_parse ] --END-- [ RunTime:0.015000s ]
INFO: [ view_filter ] --START--
INFO: Run Behavior\WriteHtmlCacheBehavior [ RunTime:0.000000s ]
INFO: [ view_filter ] --END-- [ RunTime:0.001000s ]
INFO: [ app_end ] --START--
INFO: Run Behavior\ShowPageTraceBehavior [ RunTime:0.001001s ]
INFO: [ app_end ] --END-- [ RunTime:0.001001s ]

[ 2016-04-23T16:11:56+08:00 ] ::1 /notebook_php/index.php?m=Home&c=Index&a=index
INFO: [ app_init ] --START--
INFO: Run Behavior\BuildLiteBehavior [ RunTime:0.000000s ]
INFO: [ app_init ] --END-- [ RunTime:0.001001s ]
INFO: [ app_begin ] --START--
INFO: Run Behavior\ReadHtmlCacheBehavior [ RunTime:0.001000s ]
INFO: [ app_begin ] --END-- [ RunTime:0.002000s ]
SQL: SHOW COLUMNS FROM `notebook_book` [ RunTime:0.0030s ]
SQL: SELECT b.id,b.title,b.addtime,u.username FROM notebook_book b right join notebook_users as u on b.uid = u.id  WHERE b.hidden = 0 AND b.private = 0 ORDER BY b.addtime desc LIMIT 5   [ RunTime:0.0010s ]
NOTIC: [8] Undefined offset: 5 E:\wamp\www\notebook_php\Apps\Common\Common\function.php 第 46 行.
INFO: [ view_parse ] --START--
INFO: [ template_filter ] --START--
INFO: Run Behavior\ContentReplaceBehavior [ RunTime:0.001000s ]
INFO: [ template_filter ] --END-- [ RunTime:0.001000s ]
INFO: Run Behavior\ParseTemplateBehavior [ RunTime:0.022001s ]
INFO: [ view_parse ] --END-- [ RunTime:0.022001s ]
INFO: [ view_filter ] --START--
INFO: Run Behavior\WriteHtmlCacheBehavior [ RunTime:0.000000s ]
INFO: [ view_filter ] --END-- [ RunTime:0.001000s ]
INFO: [ app_end ] --START--
INFO: Run Behavior\ShowPageTraceBehavior [ RunTime:0.001001s ]
INFO: [ app_end ] --END-- [ RunTime:0.001001s ]

[ 2016-04-23T16:11:57+08:00 ] ::1 /notebook_php/index.php?m=Home&c=Mybooks&a=index
INFO: [ app_init ] --START--
INFO: Run Behavior\BuildLiteBehavior [ RunTime:0.000000s ]
INFO: [ app_init ] --END-- [ RunTime:0.000000s ]
INFO: [ app_begin ] --START--
INFO: Run Behavior\ReadHtmlCacheBehavior [ RunTime:0.001000s ]
INFO: [ app_begin ] --END-- [ RunTime:0.001000s ]
SQL: SHOW COLUMNS FROM `notebook_book` [ RunTime:0.0040s ]
SQL: SHOW COLUMNS FROM `notebook_users` [ RunTime:0.0040s ]
SQL: SHOW COLUMNS FROM `notebook_usersinfo` [ RunTime:0.0040s ]
SQL: SELECT * FROM `notebook_users` WHERE `username` = 'admin' LIMIT 1   [ RunTime:0.0020s ]
SQL: SELECT b.id,b.title,b.addtime,u.username FROM notebook_book b right join notebook_users as u on b.uid = u.id  WHERE b.hidden = 0 AND b.private = 0 ORDER BY b.addtime desc LIMIT 5   [ RunTime:0.0000s ]
NOTIC: [8] Undefined offset: 5 E:\wamp\www\notebook_php\Apps\Common\Common\function.php 第 64 行.
SQL: SELECT * FROM `notebook_usersinfo` WHERE `uid` = 1 LIMIT 1   [ RunTime:0.0010s ]
SQL: SELECT COUNT(*) AS tp_count FROM `notebook_book` WHERE `private` = 0 AND `hidden` = 0 LIMIT 1   [ RunTime:0.0000s ]
SQL: SELECT COUNT(*) AS tp_count FROM `notebook_book` WHERE `uid` = 1 LIMIT 1   [ RunTime:0.0010s ]
SQL: SELECT * FROM `notebook_book` WHERE `uid` = 1 LIMIT 0,6   [ RunTime:0.0000s ]
NOTIC: [8] Undefined offset: 6 E:\wamp\www\notebook_php\Apps\Common\Common\function.php 第 64 行.
NOTIC: [8] Undefined offset: 6 E:\wamp\www\notebook_php\Apps\Home\Controller\MybooksController.class.php 第 57 行.
INFO: [ view_parse ] --START--
INFO: [ template_filter ] --START--
INFO: Run Behavior\ContentReplaceBehavior [ RunTime:0.001000s ]
INFO: [ template_filter ] --END-- [ RunTime:0.002000s ]
INFO: Run Behavior\ParseTemplateBehavior [ RunTime:0.034002s ]
INFO: [ view_parse ] --END-- [ RunTime:0.034002s ]
INFO: [ view_filter ] --START--
INFO: Run Behavior\WriteHtmlCacheBehavior [ RunTime:0.001000s ]
INFO: [ view_filter ] --END-- [ RunTime:0.001000s ]
INFO: [ app_end ] --START--
INFO: Run Behavior\ShowPageTraceBehavior [ RunTime:0.001000s ]
INFO: [ app_end ] --END-- [ RunTime:0.001000s ]

[ 2016-04-23T16:12:57+08:00 ] ::1 /notebook_php/index.php?m=Home&c=Setting&a=index
INFO: [ app_init ] --START--
INFO: Run Behavior\BuildLiteBehavior [ RunTime:0.000000s ]
INFO: [ app_init ] --END-- [ RunTime:0.001000s ]
INFO: [ app_begin ] --START--
INFO: Run Behavior\ReadHtmlCacheBehavior [ RunTime:0.001000s ]
INFO: [ app_begin ] --END-- [ RunTime:0.002000s ]
SQL: SHOW COLUMNS FROM `notebook_users` [ RunTime:0.0040s ]
SQL: SHOW COLUMNS FROM `notebook_usersinfo` [ RunTime:0.0040s ]
SQL: SELECT * FROM `notebook_users` WHERE `username` = 'admin' LIMIT 1   [ RunTime:0.0000s ]
SQL: SELECT * FROM `notebook_usersinfo` WHERE `uid` = 1 LIMIT 1   [ RunTime:0.0010s ]
INFO: [ view_parse ] --START--
INFO: [ template_filter ] --START--
INFO: Run Behavior\ContentReplaceBehavior [ RunTime:0.000000s ]
INFO: [ template_filter ] --END-- [ RunTime:0.000000s ]
INFO: Run Behavior\ParseTemplateBehavior [ RunTime:0.033002s ]
INFO: [ view_parse ] --END-- [ RunTime:0.034002s ]
INFO: [ view_filter ] --START--
INFO: Run Behavior\WriteHtmlCacheBehavior [ RunTime:0.001000s ]
INFO: [ view_filter ] --END-- [ RunTime:0.001000s ]
INFO: [ app_end ] --START--
INFO: Run Behavior\ShowPageTraceBehavior [ RunTime:0.001000s ]
INFO: [ app_end ] --END-- [ RunTime:0.001000s ]

[ 2016-04-23T16:13:14+08:00 ] ::1 /notebook_php/index.php?m=Home&c=Setting&a=doSetting
INFO: [ app_init ] --START--
INFO: Run Behavior\BuildLiteBehavior [ RunTime:0.000000s ]
INFO: [ app_init ] --END-- [ RunTime:0.001000s ]
INFO: [ app_begin ] --START--
INFO: Run Behavior\ReadHtmlCacheBehavior [ RunTime:0.001000s ]
INFO: [ app_begin ] --END-- [ RunTime:0.001000s ]
SQL: SHOW COLUMNS FROM `notebook_users` [ RunTime:0.0040s ]
SQL: SHOW COLUMNS FROM `notebook_usersinfo` [ RunTime:0.0040s ]
NOTIC: [2] call_user_func() expects parameter 1 to be a valid callback, no array or string given E:\wamp\www\notebook_php\ThinkPHP\Library\Think\Upload.class.php 第 170 行.
SQL: SELECT * FROM `notebook_users` WHERE `username` = 'admin' LIMIT 1   [ RunTime:0.0010s ]
SQL: SELECT * FROM `notebook_usersinfo` WHERE `uid` = 1 LIMIT 1   [ RunTime:0.0000s ]
SQL: SELECT * FROM `notebook_usersinfo` WHERE `id` = 1 LIMIT 1   [ RunTime:0.0000s ]
NOTIC: [2] unlink(Uploads/2016/04/21/5718cfbae2814.jpg): No such file or directory E:\wamp\www\notebook_php\Apps\Home\Model\UserInfoModel.class.php 第 38 行.
SQL: UPDATE `notebook_usersinfo` SET `image`='' WHERE `id` = 1 [ RunTime:0.0280s ]
SQL: UPDATE `notebook_usersinfo` SET `qq`='2013855675',`phone`='15705547511',`address`='安徽省淮南市',`about`='测试数据',`image`='2016/04/23/571b2e9a24448.jpg' WHERE `uid` = 1 [ RunTime:0.0020s ]
INFO: [ view_parse ] --START--
INFO: [ template_filter ] --START--
INFO: Run Behavior\ContentReplaceBehavior [ RunTime:0.000000s ]
INFO: [ template_filter ] --END-- [ RunTime:0.000000s ]
INFO: Run Behavior\ParseTemplateBehavior [ RunTime:0.068004s ]
INFO: [ view_parse ] --END-- [ RunTime:0.070004s ]
INFO: [ view_filter ] --START--
INFO: Run Behavior\WriteHtmlCacheBehavior [ RunTime:0.001000s ]
INFO: [ view_filter ] --END-- [ RunTime:0.001000s ]
INFO: [ app_end ] --START--
INFO: Run Behavior\ShowPageTraceBehavior [ RunTime:0.001000s ]
INFO: [ app_end ] --END-- [ RunTime:0.002000s ]

[ 2016-04-23T16:13:15+08:00 ] ::1 /notebook_php/index.php?m=Home&c=Index&a=index
INFO: [ app_init ] --START--
INFO: Run Behavior\BuildLiteBehavior [ RunTime:0.000000s ]
INFO: [ app_init ] --END-- [ RunTime:0.001000s ]
INFO: [ app_begin ] --START--
INFO: Run Behavior\ReadHtmlCacheBehavior [ RunTime:0.001000s ]
INFO: [ app_begin ] --END-- [ RunTime:0.002000s ]
SQL: SHOW COLUMNS FROM `notebook_book` [ RunTime:0.0050s ]
SQL: SELECT b.id,b.title,b.addtime,u.username FROM notebook_book b right join notebook_users as u on b.uid = u.id  WHERE b.hidden = 0 AND b.private = 0 ORDER BY b.addtime desc LIMIT 5   [ RunTime:0.0010s ]
NOTIC: [8] Undefined offset: 5 E:\wamp\www\notebook_php\Apps\Common\Common\function.php 第 46 行.
INFO: [ view_parse ] --START--
INFO: [ template_filter ] --START--
INFO: Run Behavior\ContentReplaceBehavior [ RunTime:0.000000s ]
INFO: [ template_filter ] --END-- [ RunTime:0.000000s ]
INFO: Run Behavior\ParseTemplateBehavior [ RunTime:0.022002s ]
INFO: [ view_parse ] --END-- [ RunTime:0.023002s ]
INFO: [ view_filter ] --START--
INFO: Run Behavior\WriteHtmlCacheBehavior [ RunTime:0.000000s ]
INFO: [ view_filter ] --END-- [ RunTime:0.000000s ]
INFO: [ app_end ] --START--
INFO: Run Behavior\ShowPageTraceBehavior [ RunTime:0.001000s ]
INFO: [ app_end ] --END-- [ RunTime:0.001000s ]

[ 2016-04-23T16:13:18+08:00 ] ::1 /notebook_php/index.php?m=Home&c=Index&a=index
INFO: [ app_init ] --START--
INFO: Run Behavior\BuildLiteBehavior [ RunTime:0.000000s ]
INFO: [ app_init ] --END-- [ RunTime:0.001000s ]
INFO: [ app_begin ] --START--
INFO: Run Behavior\ReadHtmlCacheBehavior [ RunTime:0.001000s ]
INFO: [ app_begin ] --END-- [ RunTime:0.002000s ]
SQL: SHOW COLUMNS FROM `notebook_book` [ RunTime:0.0050s ]
SQL: SELECT b.id,b.title,b.addtime,u.username FROM notebook_book b right join notebook_users as u on b.uid = u.id  WHERE b.hidden = 0 AND b.private = 0 ORDER BY b.addtime desc LIMIT 5   [ RunTime:0.0010s ]
NOTIC: [8] Undefined offset: 5 E:\wamp\www\notebook_php\Apps\Common\Common\function.php 第 46 行.
INFO: [ view_parse ] --START--
INFO: [ template_filter ] --START--
INFO: Run Behavior\ContentReplaceBehavior [ RunTime:0.000000s ]
INFO: [ template_filter ] --END-- [ RunTime:0.001000s ]
INFO: Run Behavior\ParseTemplateBehavior [ RunTime:0.021002s ]
INFO: [ view_parse ] --END-- [ RunTime:0.021002s ]
INFO: [ view_filter ] --START--
INFO: Run Behavior\WriteHtmlCacheBehavior [ RunTime:0.001000s ]
INFO: [ view_filter ] --END-- [ RunTime:0.001000s ]
INFO: [ app_end ] --START--
INFO: Run Behavior\ShowPageTraceBehavior [ RunTime:0.000000s ]
INFO: [ app_end ] --END-- [ RunTime:0.002000s ]

[ 2016-04-23T16:13:20+08:00 ] ::1 /notebook_php/index.php?m=Home&c=Index&a=index
INFO: [ app_init ] --START--
INFO: Run Behavior\BuildLiteBehavior [ RunTime:0.000000s ]
INFO: [ app_init ] --END-- [ RunTime:0.001000s ]
INFO: [ app_begin ] --START--
INFO: Run Behavior\ReadHtmlCacheBehavior [ RunTime:0.001000s ]
INFO: [ app_begin ] --END-- [ RunTime:0.001000s ]
SQL: SHOW COLUMNS FROM `notebook_book` [ RunTime:0.0050s ]
SQL: SELECT b.id,b.title,b.addtime,u.username FROM notebook_book b right join notebook_users as u on b.uid = u.id  WHERE b.hidden = 0 AND b.private = 0 ORDER BY b.addtime desc LIMIT 5   [ RunTime:0.0000s ]
NOTIC: [8] Undefined offset: 5 E:\wamp\www\notebook_php\Apps\Common\Common\function.php 第 46 行.
INFO: [ view_parse ] --START--
INFO: [ template_filter ] --START--
INFO: Run Behavior\ContentReplaceBehavior [ RunTime:0.000000s ]
INFO: [ template_filter ] --END-- [ RunTime:0.000000s ]
INFO: Run Behavior\ParseTemplateBehavior [ RunTime:0.022001s ]
INFO: [ view_parse ] --END-- [ RunTime:0.022001s ]
INFO: [ view_filter ] --START--
INFO: Run Behavior\WriteHtmlCacheBehavior [ RunTime:0.001000s ]
INFO: [ view_filter ] --END-- [ RunTime:0.001000s ]
INFO: [ app_end ] --START--
INFO: Run Behavior\ShowPageTraceBehavior [ RunTime:0.001000s ]
INFO: [ app_end ] --END-- [ RunTime:0.002000s ]

[ 2016-04-23T16:13:21+08:00 ] ::1 /notebook_php/index.php?m=Home&c=Find&a=index
INFO: [ app_init ] --START--
INFO: Run Behavior\BuildLiteBehavior [ RunTime:0.000000s ]
INFO: [ app_init ] --END-- [ RunTime:0.000000s ]
INFO: [ app_begin ] --START--
INFO: Run Behavior\ReadHtmlCacheBehavior [ RunTime:0.001000s ]
INFO: [ app_begin ] --END-- [ RunTime:0.001000s ]
SQL: SHOW COLUMNS FROM `notebook_book` [ RunTime:0.0030s ]
SQL: SELECT COUNT(*) AS tp_count FROM `notebook_book` WHERE `private` = 0 AND `hidden` = 0 LIMIT 1   [ RunTime:0.0000s ]
SQL: SELECT b.id,b.title,b.mood,b.weather,b.addtime,b.content,b.views,u.username,ui.image FROM notebook_book b right join notebook_users as u on u.id = b.uid right join notebook_usersinfo as ui on u.id=ui.uid  WHERE b.hidden = 0 AND b.private = 0 ORDER BY b.addtime desc LIMIT 0,6   [ RunTime:0.0050s ]
NOTIC: [8] Undefined offset: 6 E:\wamp\www\notebook_php\Apps\Common\Common\function.php 第 64 行.
INFO: [ view_parse ] --START--
INFO: [ template_filter ] --START--
INFO: Run Behavior\ContentReplaceBehavior [ RunTime:0.000000s ]
INFO: [ template_filter ] --END-- [ RunTime:0.000000s ]
INFO: Run Behavior\ParseTemplateBehavior [ RunTime:0.022001s ]
INFO: [ view_parse ] --END-- [ RunTime:0.022001s ]
INFO: [ view_filter ] --START--
INFO: Run Behavior\WriteHtmlCacheBehavior [ RunTime:0.000000s ]
INFO: [ view_filter ] --END-- [ RunTime:0.002000s ]
INFO: [ app_end ] --START--
INFO: Run Behavior\ShowPageTraceBehavior [ RunTime:0.004001s ]
INFO: [ app_end ] --END-- [ RunTime:0.005001s ]

[ 2016-04-23T16:13:26+08:00 ] ::1 /notebook_php/index.php?m=Home&c=Write&a=index
INFO: [ app_init ] --START--
INFO: Run Behavior\BuildLiteBehavior [ RunTime:0.000000s ]
INFO: [ app_init ] --END-- [ RunTime:0.001000s ]
INFO: [ app_begin ] --START--
INFO: Run Behavior\ReadHtmlCacheBehavior [ RunTime:0.001001s ]
INFO: [ app_begin ] --END-- [ RunTime:0.001001s ]
SQL: SHOW COLUMNS FROM `notebook_book` [ RunTime:0.0040s ]
NOTIC: [4096] Object of class Home\Model\BookModel could not be converted to string E:\wamp\www\notebook_php\Apps\Home\Controller\WriteController.class.php 第 11 行.
INFO: [ view_parse ] --START--
INFO: [ template_filter ] --START--
INFO: Run Behavior\ContentReplaceBehavior [ RunTime:0.000000s ]
INFO: [ template_filter ] --END-- [ RunTime:0.001001s ]
INFO: Run Behavior\ParseTemplateBehavior [ RunTime:0.016001s ]
INFO: [ view_parse ] --END-- [ RunTime:0.017001s ]
INFO: [ view_filter ] --START--
INFO: Run Behavior\WriteHtmlCacheBehavior [ RunTime:0.000000s ]
INFO: [ view_filter ] --END-- [ RunTime:0.001000s ]
INFO: [ app_end ] --START--
INFO: Run Behavior\ShowPageTraceBehavior [ RunTime:0.001000s ]
INFO: [ app_end ] --END-- [ RunTime:0.001000s ]

[ 2016-04-23T16:13:29+08:00 ] ::1 /notebook_php/index.php?m=Home&c=Find&a=index
INFO: [ app_init ] --START--
INFO: Run Behavior\BuildLiteBehavior [ RunTime:0.000000s ]
INFO: [ app_init ] --END-- [ RunTime:0.000000s ]
INFO: [ app_begin ] --START--
INFO: Run Behavior\ReadHtmlCacheBehavior [ RunTime:0.000000s ]
INFO: [ app_begin ] --END-- [ RunTime:0.000000s ]
SQL: SHOW COLUMNS FROM `notebook_book` [ RunTime:0.0040s ]
SQL: SELECT COUNT(*) AS tp_count FROM `notebook_book` WHERE `private` = 0 AND `hidden` = 0 LIMIT 1   [ RunTime:0.0010s ]
SQL: SELECT b.id,b.title,b.mood,b.weather,b.addtime,b.content,b.views,u.username,ui.image FROM notebook_book b right join notebook_users as u on u.id = b.uid right join notebook_usersinfo as ui on u.id=ui.uid  WHERE b.hidden = 0 AND b.private = 0 ORDER BY b.addtime desc LIMIT 0,6   [ RunTime:0.0040s ]
NOTIC: [8] Undefined offset: 6 E:\wamp\www\notebook_php\Apps\Common\Common\function.php 第 64 行.
INFO: [ view_parse ] --START--
INFO: [ template_filter ] --START--
INFO: Run Behavior\ContentReplaceBehavior [ RunTime:0.001000s ]
INFO: [ template_filter ] --END-- [ RunTime:0.001000s ]
INFO: Run Behavior\ParseTemplateBehavior [ RunTime:0.023002s ]
INFO: [ view_parse ] --END-- [ RunTime:0.023002s ]
INFO: [ view_filter ] --START--
INFO: Run Behavior\WriteHtmlCacheBehavior [ RunTime:0.001000s ]
INFO: [ view_filter ] --END-- [ RunTime:0.001000s ]
INFO: [ app_end ] --START--
INFO: Run Behavior\ShowPageTraceBehavior [ RunTime:0.001000s ]
INFO: [ app_end ] --END-- [ RunTime:0.001000s ]

[ 2016-04-23T16:13:29+08:00 ] ::1 /notebook_php/index.php?m=Home&c=Index&a=index
INFO: [ app_init ] --START--
INFO: Run Behavior\BuildLiteBehavior [ RunTime:0.000000s ]
INFO: [ app_init ] --END-- [ RunTime:0.001000s ]
INFO: [ app_begin ] --START--
INFO: Run Behavior\ReadHtmlCacheBehavior [ RunTime:0.001000s ]
INFO: [ app_begin ] --END-- [ RunTime:0.001000s ]
SQL: SHOW COLUMNS FROM `notebook_book` [ RunTime:0.0040s ]
SQL: SELECT b.id,b.title,b.addtime,u.username FROM notebook_book b right join notebook_users as u on b.uid = u.id  WHERE b.hidden = 0 AND b.private = 0 ORDER BY b.addtime desc LIMIT 5   [ RunTime:0.0010s ]
NOTIC: [8] Undefined offset: 5 E:\wamp\www\notebook_php\Apps\Common\Common\function.php 第 46 行.
INFO: [ view_parse ] --START--
INFO: [ template_filter ] --START--
INFO: Run Behavior\ContentReplaceBehavior [ RunTime:0.000000s ]
INFO: [ template_filter ] --END-- [ RunTime:0.001000s ]
INFO: Run Behavior\ParseTemplateBehavior [ RunTime:0.021001s ]
INFO: [ view_parse ] --END-- [ RunTime:0.021001s ]
INFO: [ view_filter ] --START--
INFO: Run Behavior\WriteHtmlCacheBehavior [ RunTime:0.000000s ]
INFO: [ view_filter ] --END-- [ RunTime:0.001000s ]
INFO: [ app_end ] --START--
INFO: Run Behavior\ShowPageTraceBehavior [ RunTime:0.000000s ]
INFO: [ app_end ] --END-- [ RunTime:0.001000s ]

[ 2016-04-23T16:13:31+08:00 ] ::1 /notebook_php/index.php?m=Home&c=Mybooks&a=index
INFO: [ app_init ] --START--
INFO: Run Behavior\BuildLiteBehavior [ RunTime:0.000000s ]
INFO: [ app_init ] --END-- [ RunTime:0.001000s ]
INFO: [ app_begin ] --START--
INFO: Run Behavior\ReadHtmlCacheBehavior [ RunTime:0.001000s ]
INFO: [ app_begin ] --END-- [ RunTime:0.001000s ]
SQL: SHOW COLUMNS FROM `notebook_book` [ RunTime:0.0060s ]
SQL: SHOW COLUMNS FROM `notebook_users` [ RunTime:0.0040s ]
SQL: SHOW COLUMNS FROM `notebook_usersinfo` [ RunTime:0.0030s ]
SQL: SELECT * FROM `notebook_users` WHERE `username` = 'admin' LIMIT 1   [ RunTime:0.0010s ]
SQL: SELECT b.id,b.title,b.addtime,u.username FROM notebook_book b right join notebook_users as u on b.uid = u.id  WHERE b.hidden = 0 AND b.private = 0 ORDER BY b.addtime desc LIMIT 5   [ RunTime:0.0010s ]
NOTIC: [8] Undefined offset: 5 E:\wamp\www\notebook_php\Apps\Common\Common\function.php 第 64 行.
SQL: SELECT * FROM `notebook_usersinfo` WHERE `uid` = 1 LIMIT 1   [ RunTime:0.0000s ]
SQL: SELECT COUNT(*) AS tp_count FROM `notebook_book` WHERE `private` = 0 AND `hidden` = 0 LIMIT 1   [ RunTime:0.0010s ]
SQL: SELECT COUNT(*) AS tp_count FROM `notebook_book` WHERE `uid` = 1 LIMIT 1   [ RunTime:0.0010s ]
SQL: SELECT * FROM `notebook_book` WHERE `uid` = 1 LIMIT 0,6   [ RunTime:0.0000s ]
NOTIC: [8] Undefined offset: 6 E:\wamp\www\notebook_php\Apps\Common\Common\function.php 第 64 行.
NOTIC: [8] Undefined offset: 6 E:\wamp\www\notebook_php\Apps\Home\Controller\MybooksController.class.php 第 57 行.
INFO: [ view_parse ] --START--
INFO: [ template_filter ] --START--
INFO: Run Behavior\ContentReplaceBehavior [ RunTime:0.000000s ]
INFO: [ template_filter ] --END-- [ RunTime:0.001000s ]
INFO: Run Behavior\ParseTemplateBehavior [ RunTime:0.029002s ]
INFO: [ view_parse ] --END-- [ RunTime:0.029002s ]
INFO: [ view_filter ] --START--
INFO: Run Behavior\WriteHtmlCacheBehavior [ RunTime:0.000000s ]
INFO: [ view_filter ] --END-- [ RunTime:0.000000s ]
INFO: [ app_end ] --START--
INFO: Run Behavior\ShowPageTraceBehavior [ RunTime:0.001000s ]
INFO: [ app_end ] --END-- [ RunTime:0.001000s ]

[ 2016-04-23T16:19:00+08:00 ] ::1 /notebook_php/index.php?m=Home&c=List&a=index&id=2
INFO: [ app_init ] --START--
INFO: Run Behavior\BuildLiteBehavior [ RunTime:0.000000s ]
INFO: [ app_init ] --END-- [ RunTime:0.001000s ]
INFO: [ app_begin ] --START--
INFO: Run Behavior\ReadHtmlCacheBehavior [ RunTime:0.001000s ]
INFO: [ app_begin ] --END-- [ RunTime:0.002000s ]
SQL: SHOW COLUMNS FROM `notebook_book` [ RunTime:0.0040s ]
SQL: SELECT * FROM `notebook_book` WHERE `id` = 2 LIMIT 1   [ RunTime:0.0010s ]
SQL: UPDATE `notebook_book` SET `views`='1' WHERE `id` = 2 [ RunTime:0.0020s ]
SQL: SELECT b.id,b.title,b.content,b.mood,b.weather,b.addtime,b.views,u.username,ui.image FROM notebook_book b right join notebook_users as u on u.id = b.uid right join notebook_usersinfo as ui on u.id = ui.uid  WHERE b.hidden = 0 AND b.id = '2' LIMIT 1   [ RunTime:0.0000s ]
NOTIC: [8] Undefined offset: 1 E:\wamp\www\notebook_php\Apps\Common\Common\function.php 第 64 行.
INFO: [ view_parse ] --START--
INFO: [ template_filter ] --START--
INFO: Run Behavior\ContentReplaceBehavior [ RunTime:0.000000s ]
INFO: [ template_filter ] --END-- [ RunTime:0.000000s ]
INFO: Run Behavior\ParseTemplateBehavior [ RunTime:0.024001s ]
INFO: [ view_parse ] --END-- [ RunTime:0.024001s ]
INFO: [ view_filter ] --START--
INFO: Run Behavior\WriteHtmlCacheBehavior [ RunTime:0.001000s ]
INFO: [ view_filter ] --END-- [ RunTime:0.001000s ]
INFO: [ app_end ] --START--
INFO: Run Behavior\ShowPageTraceBehavior [ RunTime:0.001000s ]
INFO: [ app_end ] --END-- [ RunTime:0.001000s ]

[ 2016-04-23T16:26:34+08:00 ] ::1 /notebook_php/index.php?m=Home&c=List&a=index&id=2
INFO: [ app_init ] --START--
INFO: Run Behavior\BuildLiteBehavior [ RunTime:0.000000s ]
INFO: [ app_init ] --END-- [ RunTime:0.000000s ]
INFO: [ app_begin ] --START--
INFO: Run Behavior\ReadHtmlCacheBehavior [ RunTime:0.001000s ]
INFO: [ app_begin ] --END-- [ RunTime:0.001000s ]
SQL: SHOW COLUMNS FROM `notebook_book` [ RunTime:0.0040s ]
SQL: SELECT * FROM `notebook_book` WHERE `id` = 2 LIMIT 1   [ RunTime:0.0000s ]
SQL: UPDATE `notebook_book` SET `views`='2' WHERE `id` = 2 [ RunTime:0.0200s ]
SQL: SELECT b.id,b.title,b.content,b.mood,b.weather,b.addtime,b.views,u.username,ui.image FROM notebook_book b right join notebook_users as u on u.id = b.uid right join notebook_usersinfo as ui on u.id = ui.uid  WHERE b.hidden = 0 AND b.id = '2' LIMIT 1   [ RunTime:0.0010s ]
NOTIC: [8] Undefined offset: 1 E:\wamp\www\notebook_php\Apps\Common\Common\function.php 第 64 行.
INFO: [ view_parse ] --START--
INFO: [ template_filter ] --START--
INFO: Run Behavior\ContentReplaceBehavior [ RunTime:0.000000s ]
INFO: [ template_filter ] --END-- [ RunTime:0.001000s ]
INFO: Run Behavior\ParseTemplateBehavior [ RunTime:0.019001s ]
INFO: [ view_parse ] --END-- [ RunTime:0.019001s ]
INFO: [ view_filter ] --START--
INFO: Run Behavior\WriteHtmlCacheBehavior [ RunTime:0.000000s ]
INFO: [ view_filter ] --END-- [ RunTime:0.001000s ]
INFO: [ app_end ] --START--
INFO: Run Behavior\ShowPageTraceBehavior [ RunTime:0.001000s ]
INFO: [ app_end ] --END-- [ RunTime:0.001000s ]

[ 2016-04-23T16:26:36+08:00 ] ::1 /notebook_php/index.php?m=Home&c=Index&a=index
INFO: [ app_init ] --START--
INFO: Run Behavior\BuildLiteBehavior [ RunTime:0.001000s ]
INFO: [ app_init ] --END-- [ RunTime:0.001000s ]
INFO: [ app_begin ] --START--
INFO: Run Behavior\ReadHtmlCacheBehavior [ RunTime:0.001001s ]
INFO: [ app_begin ] --END-- [ RunTime:0.002001s ]
SQL: SHOW COLUMNS FROM `notebook_book` [ RunTime:0.0030s ]
SQL: SELECT b.id,b.title,b.addtime,u.username FROM notebook_book b right join notebook_users as u on b.uid = u.id  WHERE b.hidden = 0 AND b.private = 0 ORDER BY b.addtime desc LIMIT 5   [ RunTime:0.0010s ]
NOTIC: [8] Undefined offset: 5 E:\wamp\www\notebook_php\Apps\Common\Common\function.php 第 46 行.
INFO: [ view_parse ] --START--
INFO: [ template_filter ] --START--
INFO: Run Behavior\ContentReplaceBehavior [ RunTime:0.000000s ]
INFO: [ template_filter ] --END-- [ RunTime:0.000000s ]
INFO: Run Behavior\ParseTemplateBehavior [ RunTime:0.022001s ]
INFO: [ view_parse ] --END-- [ RunTime:0.022001s ]
INFO: [ view_filter ] --START--
INFO: Run Behavior\WriteHtmlCacheBehavior [ RunTime:0.001000s ]
INFO: [ view_filter ] --END-- [ RunTime:0.001000s ]
INFO: [ app_end ] --START--
INFO: Run Behavior\ShowPageTraceBehavior [ RunTime:0.001000s ]
INFO: [ app_end ] --END-- [ RunTime:0.001000s ]

[ 2016-04-23T16:26:37+08:00 ] ::1 /notebook_php/index.php?m=Home&c=Mybooks&a=index
INFO: [ app_init ] --START--
INFO: Run Behavior\BuildLiteBehavior [ RunTime:0.000000s ]
INFO: [ app_init ] --END-- [ RunTime:0.001000s ]
INFO: [ app_begin ] --START--
INFO: Run Behavior\ReadHtmlCacheBehavior [ RunTime:0.001000s ]
INFO: [ app_begin ] --END-- [ RunTime:0.003000s ]
SQL: SHOW COLUMNS FROM `notebook_book` [ RunTime:0.0040s ]
SQL: SHOW COLUMNS FROM `notebook_users` [ RunTime:0.0040s ]
SQL: SHOW COLUMNS FROM `notebook_usersinfo` [ RunTime:0.0040s ]
SQL: SELECT * FROM `notebook_users` WHERE `username` = 'admin' LIMIT 1   [ RunTime:0.0020s ]
SQL: SELECT b.id,b.title,b.addtime,u.username FROM notebook_book b right join notebook_users as u on b.uid = u.id  WHERE b.hidden = 0 AND b.private = 0 ORDER BY b.addtime desc LIMIT 5   [ RunTime:0.0010s ]
NOTIC: [8] Undefined offset: 5 E:\wamp\www\notebook_php\Apps\Common\Common\function.php 第 64 行.
SQL: SELECT * FROM `notebook_usersinfo` WHERE `uid` = 1 LIMIT 1   [ RunTime:0.0000s ]
SQL: SELECT COUNT(*) AS tp_count FROM `notebook_book` WHERE `private` = 0 AND `hidden` = 0 LIMIT 1   [ RunTime:0.0000s ]
SQL: SELECT COUNT(*) AS tp_count FROM `notebook_book` WHERE `uid` = 1 LIMIT 1   [ RunTime:0.0020s ]
SQL: SELECT * FROM `notebook_book` WHERE `uid` = 1 LIMIT 0,6   [ RunTime:0.0010s ]
NOTIC: [8] Undefined offset: 6 E:\wamp\www\notebook_php\Apps\Common\Common\function.php 第 64 行.
NOTIC: [8] Undefined offset: 6 E:\wamp\www\notebook_php\Apps\Home\Controller\MybooksController.class.php 第 57 行.
INFO: [ view_parse ] --START--
INFO: [ template_filter ] --START--
INFO: Run Behavior\ContentReplaceBehavior [ RunTime:0.000000s ]
INFO: [ template_filter ] --END-- [ RunTime:0.000000s ]
INFO: Run Behavior\ParseTemplateBehavior [ RunTime:0.031001s ]
INFO: [ view_parse ] --END-- [ RunTime:0.031001s ]
INFO: [ view_filter ] --START--
INFO: Run Behavior\WriteHtmlCacheBehavior [ RunTime:0.001001s ]
INFO: [ view_filter ] --END-- [ RunTime:0.001001s ]
INFO: [ app_end ] --START--
INFO: Run Behavior\ShowPageTraceBehavior [ RunTime:0.004000s ]
INFO: [ app_end ] --END-- [ RunTime:0.004000s ]

[ 2016-04-23T16:28:19+08:00 ] ::1 /notebook_php/index.php?m=Home&c=Mybooks&a=index
INFO: [ app_init ] --START--
INFO: Run Behavior\BuildLiteBehavior [ RunTime:0.000000s ]
INFO: [ app_init ] --END-- [ RunTime:0.001000s ]
INFO: [ app_begin ] --START--
INFO: Run Behavior\ReadHtmlCacheBehavior [ RunTime:0.001000s ]
INFO: [ app_begin ] --END-- [ RunTime:0.002000s ]
SQL: SHOW COLUMNS FROM `notebook_book` [ RunTime:0.0040s ]
SQL: SHOW COLUMNS FROM `notebook_users` [ RunTime:0.0050s ]
SQL: SHOW COLUMNS FROM `notebook_usersinfo` [ RunTime:0.0040s ]
SQL: SELECT * FROM `notebook_users` WHERE `username` = 'admin' LIMIT 1   [ RunTime:0.0000s ]
SQL: SELECT b.id,b.title,b.addtime,u.username FROM notebook_book b right join notebook_users as u on b.uid = u.id  WHERE b.hidden = 0 AND b.private = 0 ORDER BY b.addtime desc LIMIT 5   [ RunTime:0.0010s ]
NOTIC: [8] Undefined offset: 5 E:\wamp\www\notebook_php\Apps\Common\Common\function.php 第 64 行.
SQL: SELECT * FROM `notebook_usersinfo` WHERE `uid` = 1 LIMIT 1   [ RunTime:0.0000s ]
SQL: SELECT COUNT(*) AS tp_count FROM `notebook_book` WHERE `private` = 0 AND `hidden` = 0 LIMIT 1   [ RunTime:0.0010s ]
SQL: SELECT COUNT(*) AS tp_count FROM `notebook_book` WHERE `uid` = 1 LIMIT 1   [ RunTime:0.0000s ]
SQL: SELECT * FROM `notebook_book` WHERE `uid` = 1 ORDER BY addtime desc LIMIT 0,6   [ RunTime:0.0010s ]
NOTIC: [8] Undefined offset: 6 E:\wamp\www\notebook_php\Apps\Common\Common\function.php 第 64 行.
NOTIC: [8] Undefined offset: 6 E:\wamp\www\notebook_php\Apps\Home\Controller\MybooksController.class.php 第 57 行.
INFO: [ view_parse ] --START--
INFO: [ template_filter ] --START--
INFO: Run Behavior\ContentReplaceBehavior [ RunTime:0.001000s ]
INFO: [ template_filter ] --END-- [ RunTime:0.001000s ]
INFO: Run Behavior\ParseTemplateBehavior [ RunTime:0.030002s ]
INFO: [ view_parse ] --END-- [ RunTime:0.031002s ]
INFO: [ view_filter ] --START--
INFO: Run Behavior\WriteHtmlCacheBehavior [ RunTime:0.001000s ]
INFO: [ view_filter ] --END-- [ RunTime:0.001000s ]
INFO: [ app_end ] --START--
INFO: Run Behavior\ShowPageTraceBehavior [ RunTime:0.004000s ]
INFO: [ app_end ] --END-- [ RunTime:0.004000s ]

[ 2016-04-23T16:33:56+08:00 ] ::1 /notebook_php/index.php?m=Home&c=Mybooks&a=index
INFO: [ app_init ] --START--
INFO: Run Behavior\BuildLiteBehavior [ RunTime:0.000000s ]
INFO: [ app_init ] --END-- [ RunTime:0.001000s ]
INFO: [ app_begin ] --START--
INFO: Run Behavior\ReadHtmlCacheBehavior [ RunTime:0.001000s ]
INFO: [ app_begin ] --END-- [ RunTime:0.001000s ]
SQL: SHOW COLUMNS FROM `notebook_book` [ RunTime:0.0040s ]
SQL: SHOW COLUMNS FROM `notebook_users` [ RunTime:0.0040s ]
SQL: SHOW COLUMNS FROM `notebook_usersinfo` [ RunTime:0.0050s ]
SQL: SELECT * FROM `notebook_users` WHERE `username` = 'admin' LIMIT 1   [ RunTime:0.0020s ]
SQL: SELECT b.id,b.title,b.addtime,u.username FROM notebook_book b right join notebook_users as u on b.uid = u.id  WHERE b.hidden = 0 AND b.private = 0 ORDER BY b.addtime desc LIMIT 5   [ RunTime:0.0010s ]
NOTIC: [8] Undefined offset: 5 E:\wamp\www\notebook_php\Apps\Common\Common\function.php 第 64 行.
SQL: SELECT * FROM `notebook_usersinfo` WHERE `uid` = 1 LIMIT 1   [ RunTime:0.0010s ]
SQL: SELECT COUNT(*) AS tp_count FROM `notebook_book` WHERE `private` = 0 AND `hidden` = 0 LIMIT 1   [ RunTime:0.0000s ]
SQL: SELECT COUNT(*) AS tp_count FROM `notebook_book` WHERE `uid` = 1 LIMIT 1   [ RunTime:0.0010s ]
SQL: SELECT * FROM `notebook_book` WHERE `uid` = 1 ORDER BY addtime desc LIMIT 0,6   [ RunTime:0.0000s ]
NOTIC: [8] Undefined offset: 6 E:\wamp\www\notebook_php\Apps\Common\Common\function.php 第 64 行.
NOTIC: [8] Undefined offset: 6 E:\wamp\www\notebook_php\Apps\Home\Controller\MybooksController.class.php 第 57 行.
INFO: [ view_parse ] --START--
INFO: [ template_filter ] --START--
INFO: Run Behavior\ContentReplaceBehavior [ RunTime:0.000000s ]
INFO: [ template_filter ] --END-- [ RunTime:0.000000s ]
INFO: Run Behavior\ParseTemplateBehavior [ RunTime:0.031002s ]
INFO: [ view_parse ] --END-- [ RunTime:0.031002s ]
INFO: [ view_filter ] --START--
INFO: Run Behavior\WriteHtmlCacheBehavior [ RunTime:0.001000s ]
INFO: [ view_filter ] --END-- [ RunTime:0.001000s ]
INFO: [ app_end ] --START--
INFO: Run Behavior\ShowPageTraceBehavior [ RunTime:0.001000s ]
INFO: [ app_end ] --END-- [ RunTime:0.002000s ]

[ 2016-04-23T16:37:13+08:00 ] ::1 /notebook_php/index.php
INFO: [ app_init ] --START--
INFO: Run Behavior\BuildLiteBehavior [ RunTime:0.000000s ]
INFO: [ app_init ] --END-- [ RunTime:0.000000s ]
INFO: [ app_begin ] --START--
INFO: Run Behavior\ReadHtmlCacheBehavior [ RunTime:0.000000s ]
INFO: [ app_begin ] --END-- [ RunTime:0.000000s ]
SQL: SHOW COLUMNS FROM `notebook_book` [ RunTime:0.0000s ]
SQL: SELECT b.id,b.title,b.addtime,u.username FROM notebook_book b right join notebook_users as u on b.uid = u.id  WHERE b.hidden = 0 AND b.private = 0 ORDER BY b.addtime desc LIMIT 5   [ RunTime:0.0000s ]
NOTIC: [8] Undefined offset: 5 E:\wamp\www\notebook_php\Apps\Common\Common\function.php 第 46 行.
INFO: [ view_parse ] --START--
INFO: [ template_filter ] --START--
INFO: Run Behavior\ContentReplaceBehavior [ RunTime:0.000000s ]
INFO: [ template_filter ] --END-- [ RunTime:0.000000s ]
INFO: Run Behavior\ParseTemplateBehavior [ RunTime:0.031200s ]
INFO: [ view_parse ] --END-- [ RunTime:0.031200s ]
INFO: [ view_filter ] --START--
INFO: Run Behavior\WriteHtmlCacheBehavior [ RunTime:0.000000s ]
INFO: [ view_filter ] --END-- [ RunTime:0.000000s ]
INFO: [ app_end ] --START--
INFO: Run Behavior\ShowPageTraceBehavior [ RunTime:0.000000s ]
INFO: [ app_end ] --END-- [ RunTime:0.000000s ]

