[ 2016-04-08T07:48:40+08:00 ] ::1 /notebook_php/admin.php/index/index
INFO: [ app_init ] --START--
INFO: Run Behavior\BuildLiteBehavior [ RunTime:0.000000s ]
INFO: [ app_init ] --END-- [ RunTime:0.001000s ]
INFO: [ app_begin ] --START--
INFO: Run Behavior\ReadHtmlCacheBehavior [ RunTime:0.001000s ]
INFO: [ app_begin ] --END-- [ RunTime:0.001000s ]
SQL: SHOW COLUMNS FROM `jsjkxyjs_session` [ RunTime:0.0360s ]
SQL: SELECT * FROM `jsjkxyjs_session` WHERE ( ip='0.0.0.0' ) LIMIT 1   [ RunTime:0.0350s ]

[ 2016-04-08T07:48:40+08:00 ] ::1 /notebook_php/admin.php/Login.htm
INFO: [ app_init ] --START--
INFO: Run Behavior\BuildLiteBehavior [ RunTime:0.000000s ]
INFO: [ app_init ] --END-- [ RunTime:0.001000s ]
INFO: [ app_begin ] --START--
INFO: Run Behavior\ReadHtmlCacheBehavior [ RunTime:0.001000s ]
INFO: [ app_begin ] --END-- [ RunTime:0.002000s ]
INFO: [ view_parse ] --START--
INFO: [ template_filter ] --START--
INFO: Run Behavior\ContentReplaceBehavior [ RunTime:0.000000s ]
INFO: [ template_filter ] --END-- [ RunTime:0.001000s ]
NOTIC: [8] Undefined variable: syscon E:\wamp\www\notebook_php\Apps\Runtime\Cache\Admin\9863cdbd814baf9e9ab93473c90cfc4b.php 第 16 行.
INFO: Run Behavior\ParseTemplateBehavior [ RunTime:0.032002s ]
INFO: [ view_parse ] --END-- [ RunTime:0.032002s ]
INFO: [ view_filter ] --START--
INFO: Run Behavior\WriteHtmlCacheBehavior [ RunTime:0.001000s ]
INFO: [ view_filter ] --END-- [ RunTime:0.002000s ]
INFO: [ app_end ] --START--
INFO: Run Behavior\ShowPageTraceBehavior [ RunTime:0.001000s ]
INFO: [ app_end ] --END-- [ RunTime:0.001000s ]

[ 2016-04-08T07:48:40+08:00 ] ::1 /notebook_php/admin.php/Login/createVerify
INFO: [ app_init ] --START--
INFO: Run Behavior\BuildLiteBehavior [ RunTime:0.000000s ]
INFO: [ app_init ] --END-- [ RunTime:0.001000s ]
INFO: [ app_begin ] --START--
INFO: Run Behavior\ReadHtmlCacheBehavior [ RunTime:0.001000s ]
INFO: [ app_begin ] --END-- [ RunTime:0.002000s ]
INFO: [ app_end ] --START--
INFO: Run Behavior\ShowPageTraceBehavior [ RunTime:0.001000s ]
INFO: [ app_end ] --END-- [ RunTime:0.001000s ]

[ 2016-04-08T07:48:48+08:00 ] ::1 /notebook_php/admin.php/Login/login
INFO: [ app_init ] --START--
INFO: Run Behavior\BuildLiteBehavior [ RunTime:0.000000s ]
INFO: [ app_init ] --END-- [ RunTime:0.001000s ]
INFO: [ app_begin ] --START--
INFO: Run Behavior\ReadHtmlCacheBehavior [ RunTime:0.001000s ]
INFO: [ app_begin ] --END-- [ RunTime:0.002000s ]
SQL: SHOW COLUMNS FROM `jsjkxyjs_user` [ RunTime:0.0400s ]
SQL: SHOW COLUMNS FROM `jsjkxyjs_role` [ RunTime:0.0390s ]
NOTIC: [8192] Function ereg() is deprecated E:\wamp\www\notebook_php\Apps\Admin\Logic\UserLogic.class.php 第 30 行.
SQL: SELECT * FROM `jsjkxyjs_user` WHERE `username` = 'admin' AND `password` = '81dc9bdb52d04dc20036dbd8313ed055' LIMIT 1   [ RunTime:0.0640s ]
SQL: SELECT * FROM `jsjkxyjs_role` WHERE `id` = 1 LIMIT 1   [ RunTime:0.0390s ]
SQL: UPDATE `jsjkxyjs_user` SET `username`='admin',`nickname`='超级管理员',`password`='81dc9bdb52d04dc20036dbd8313ed055',`bind_account`='',`last_login_time`='1460072927',`last_login_ip`='0.0.0.0',`verify`='BmFZ3p',`email`='admin@abc3210.com',`remark`='',`create_time`='1408778905',`update_time`='1418953970',`status`='1',`role_id`='1',`info`='',`photo`='photo/2014-12-16/54900d897dd25.jpg' WHERE `id` = 1 [ RunTime:0.0390s ]
SQL: SHOW COLUMNS FROM `jsjkxyjs_session` [ RunTime:0.0390s ]
SQL: SELECT * FROM `jsjkxyjs_session` WHERE ( ip='0.0.0.0' ) LIMIT 1   [ RunTime:0.0390s ]
SQL: SHOW COLUMNS FROM `jsjkxyjs_log` [ RunTime:0.0390s ]
NOTIC: [2] fopen(E:\wamp\www\notebook_php\ThinkPHP\Library\Org\Net/UTFWry.dat): failed to open stream: No such file or directory E:\wamp\www\notebook_php\ThinkPHP\Library\Org\Net\IpLocation.class.php 第 54 行.
SQL: INSERT INTO `jsjkxyjs_log` (`username`,`logintime`,`loginip`,`status`,`password`,`info`,`area`) VALUES ('admin','1460072928','0.0.0.0','1','密码保密','用户名登陆','') [ RunTime:0.0510s ]

[ 2016-04-08T07:48:48+08:00 ] ::1 /notebook_php/admin.php/Index.htm
INFO: [ app_init ] --START--
INFO: Run Behavior\BuildLiteBehavior [ RunTime:0.000000s ]
INFO: [ app_init ] --END-- [ RunTime:0.001000s ]
INFO: [ app_begin ] --START--
INFO: Run Behavior\ReadHtmlCacheBehavior [ RunTime:0.001000s ]
INFO: [ app_begin ] --END-- [ RunTime:0.001000s ]
SQL: SHOW COLUMNS FROM `jsjkxyjs_session` [ RunTime:0.0390s ]
SQL: SELECT * FROM `jsjkxyjs_session` WHERE ( ip='0.0.0.0' ) LIMIT 1   [ RunTime:0.0390s ]
SQL: SHOW COLUMNS FROM `jsjkxyjs_menu` [ RunTime:0.0380s ]
SQL: SELECT * FROM `jsjkxyjs_menu` WHERE `parentid` = 0 AND `app` = 'Admin' AND `status` = 1 AND `hidden` = 0 ORDER BY listorder asc  [ RunTime:0.0390s ]
SQL: SHOW COLUMNS FROM `jsjkxyjs_role` [ RunTime:0.0390s ]
SQL: SELECT * FROM `jsjkxyjs_role` WHERE `id` = 1 LIMIT 1   [ RunTime:0.0390s ]
SQL: SHOW COLUMNS FROM `jsjkxyjs_config` [ RunTime:0.0380s ]
SQL: SELECT * FROM `jsjkxyjs_config`  [ RunTime:0.0390s ]
SQL: SELECT * FROM `jsjkxyjs_menu` WHERE `parentid` = 1 AND `app` = 'Admin' AND `status` = 1 AND `hidden` = 0 ORDER BY listorder asc  [ RunTime:0.0390s ]
SQL: SELECT * FROM `jsjkxyjs_menu` WHERE `parentid` = 11 AND `app` = 'Admin' AND `status` = 1 AND `hidden` = 0 ORDER BY listorder asc  [ RunTime:0.0380s ]
SQL: SHOW COLUMNS FROM `jsjkxyjs_admin_menu` [ RunTime:0.0380s ]
SQL: SELECT * FROM `jsjkxyjs_admin_menu` WHERE `uid` = 1  [ RunTime:0.0390s ]
INFO: [ view_parse ] --START--
INFO: [ template_filter ] --START--
INFO: Run Behavior\ContentReplaceBehavior [ RunTime:0.000000s ]
INFO: [ template_filter ] --END-- [ RunTime:0.000000s ]
INFO: Run Behavior\ParseTemplateBehavior [ RunTime:0.160009s ]
INFO: [ view_parse ] --END-- [ RunTime:0.161009s ]
INFO: [ view_filter ] --START--
INFO: Run Behavior\WriteHtmlCacheBehavior [ RunTime:0.001000s ]
INFO: [ view_filter ] --END-- [ RunTime:0.001000s ]
INFO: [ app_end ] --START--
INFO: Run Behavior\ShowPageTraceBehavior [ RunTime:0.001000s ]
INFO: [ app_end ] --END-- [ RunTime:0.001000s ]

[ 2016-04-08T07:48:51+08:00 ] ::1 /notebook_php/admin.php/Center/index
INFO: [ app_init ] --START--
INFO: Run Behavior\BuildLiteBehavior [ RunTime:0.000000s ]
INFO: [ app_init ] --END-- [ RunTime:0.001000s ]
INFO: [ app_begin ] --START--
INFO: Run Behavior\ReadHtmlCacheBehavior [ RunTime:0.001000s ]
INFO: [ app_begin ] --END-- [ RunTime:0.001000s ]
SQL: SHOW COLUMNS FROM `jsjkxyjs_session` [ RunTime:0.0370s ]
SQL: SELECT * FROM `jsjkxyjs_session` WHERE ( ip='0.0.0.0' ) LIMIT 1   [ RunTime:0.0360s ]
SQL: SHOW COLUMNS FROM `jsjkxyjs_menu` [ RunTime:0.0370s ]
SQL: SELECT * FROM `jsjkxyjs_menu` WHERE `parentid` = 0 AND `app` = 'Admin' AND `status` = 1 AND `hidden` = 0 ORDER BY listorder asc  [ RunTime:0.0370s ]
SQL: SHOW COLUMNS FROM `jsjkxyjs_config` [ RunTime:0.0370s ]
SQL: SELECT * FROM `jsjkxyjs_config`  [ RunTime:0.0370s ]
SQL: SHOW COLUMNS FROM `jsjkxyjs_visit` [ RunTime:0.0370s ]
SQL: SELECT * FROM `jsjkxyjs_visit` WHERE `y` = 16 AND `m` = 4 AND `d` = 1  [ RunTime:0.0370s ]
SQL: SELECT * FROM `jsjkxyjs_visit` WHERE `y` = 16 AND `m` = 4 AND `d` = 2  [ RunTime:0.0360s ]
SQL: SELECT * FROM `jsjkxyjs_visit` WHERE `y` = 16 AND `m` = 4 AND `d` = 3  [ RunTime:0.0360s ]
SQL: SELECT * FROM `jsjkxyjs_visit` WHERE `y` = 16 AND `m` = 4 AND `d` = 4  [ RunTime:0.0360s ]
SQL: SELECT * FROM `jsjkxyjs_visit` WHERE `y` = 16 AND `m` = 4 AND `d` = 5  [ RunTime:0.0360s ]
SQL: SELECT * FROM `jsjkxyjs_visit` WHERE `y` = 16 AND `m` = 4 AND `d` = 6  [ RunTime:0.0360s ]
SQL: SELECT * FROM `jsjkxyjs_visit` WHERE `y` = 16 AND `m` = 4 AND `d` = 7  [ RunTime:0.0360s ]
SQL: SELECT * FROM `jsjkxyjs_visit` WHERE `y` = 16 AND `m` = 4 AND `d` = 8  [ RunTime:0.0360s ]
SQL: SELECT * FROM `jsjkxyjs_visit` WHERE `y` = 16 AND `m` = 4 AND `d` = 9  [ RunTime:0.0370s ]
SQL: SELECT * FROM `jsjkxyjs_visit` WHERE `y` = 16 AND `m` = 4 AND `d` = 10  [ RunTime:0.0360s ]
SQL: SELECT * FROM `jsjkxyjs_visit` WHERE `y` = 16 AND `m` = 4 AND `d` = 11  [ RunTime:0.0370s ]
SQL: SELECT * FROM `jsjkxyjs_visit` WHERE `y` = 16 AND `m` = 4 AND `d` = 12  [ RunTime:0.0370s ]
SQL: SELECT * FROM `jsjkxyjs_visit` WHERE `y` = 16 AND `m` = 4 AND `d` = 13  [ RunTime:0.0360s ]
SQL: SELECT * FROM `jsjkxyjs_visit` WHERE `y` = 16 AND `m` = 4 AND `d` = 14  [ RunTime:0.0360s ]
SQL: SELECT * FROM `jsjkxyjs_visit` WHERE `y` = 16 AND `m` = 4 AND `d` = 15  [ RunTime:0.0360s ]
SQL: SELECT * FROM `jsjkxyjs_visit` WHERE `y` = 16 AND `m` = 4 AND `d` = 16  [ RunTime:0.0370s ]
SQL: SELECT * FROM `jsjkxyjs_visit` WHERE `y` = 16 AND `m` = 4 AND `d` = 17  [ RunTime:0.0360s ]
SQL: SELECT * FROM `jsjkxyjs_visit` WHERE `y` = 16 AND `m` = 4 AND `d` = 18  [ RunTime:0.0370s ]
SQL: SELECT * FROM `jsjkxyjs_visit` WHERE `y` = 16 AND `m` = 4 AND `d` = 19  [ RunTime:0.0360s ]
SQL: SELECT * FROM `jsjkxyjs_visit` WHERE `y` = 16 AND `m` = 4 AND `d` = 20  [ RunTime:0.0360s ]
SQL: SELECT * FROM `jsjkxyjs_visit` WHERE `y` = 16 AND `m` = 4 AND `d` = 21  [ RunTime:0.0360s ]
SQL: SELECT * FROM `jsjkxyjs_visit` WHERE `y` = 16 AND `m` = 4 AND `d` = 22  [ RunTime:0.0350s ]
SQL: SELECT * FROM `jsjkxyjs_visit` WHERE `y` = 16 AND `m` = 4 AND `d` = 23  [ RunTime:0.0360s ]
SQL: SELECT * FROM `jsjkxyjs_visit` WHERE `y` = 16 AND `m` = 4 AND `d` = 24  [ RunTime:0.0360s ]
SQL: SELECT * FROM `jsjkxyjs_visit` WHERE `y` = 16 AND `m` = 4 AND `d` = 25  [ RunTime:0.0360s ]
SQL: SELECT * FROM `jsjkxyjs_visit` WHERE `y` = 16 AND `m` = 4 AND `d` = 26  [ RunTime:0.0360s ]
SQL: SELECT * FROM `jsjkxyjs_visit` WHERE `y` = 16 AND `m` = 4 AND `d` = 27  [ RunTime:0.0360s ]
SQL: SELECT * FROM `jsjkxyjs_visit` WHERE `y` = 16 AND `m` = 4 AND `d` = 28  [ RunTime:0.0360s ]
SQL: SELECT * FROM `jsjkxyjs_visit` WHERE `y` = 16 AND `m` = 4 AND `d` = 29  [ RunTime:0.0360s ]
SQL: SELECT * FROM `jsjkxyjs_visit` WHERE `y` = 16 AND `m` = 4 AND `d` = 30  [ RunTime:0.0360s ]
SQL: SELECT * FROM `jsjkxyjs_visit` WHERE `y` = 16 AND `m` = 4 AND `d` = 31  [ RunTime:0.0360s ]
SQL: SELECT * FROM `jsjkxyjs_visit` WHERE `y` = 16 AND `m` = 3 AND `d` = 1  [ RunTime:0.0360s ]
SQL: SELECT * FROM `jsjkxyjs_visit` WHERE `y` = 16 AND `m` = 3 AND `d` = 2  [ RunTime:0.0360s ]
SQL: SELECT * FROM `jsjkxyjs_visit` WHERE `y` = 16 AND `m` = 3 AND `d` = 3  [ RunTime:0.0360s ]
SQL: SELECT * FROM `jsjkxyjs_visit` WHERE `y` = 16 AND `m` = 3 AND `d` = 4  [ RunTime:0.0360s ]
SQL: SELECT * FROM `jsjkxyjs_visit` WHERE `y` = 16 AND `m` = 3 AND `d` = 5  [ RunTime:0.0370s ]
SQL: SELECT * FROM `jsjkxyjs_visit` WHERE `y` = 16 AND `m` = 3 AND `d` = 6  [ RunTime:0.0360s ]
SQL: SELECT * FROM `jsjkxyjs_visit` WHERE `y` = 16 AND `m` = 3 AND `d` = 7  [ RunTime:0.0360s ]
SQL: SELECT * FROM `jsjkxyjs_visit` WHERE `y` = 16 AND `m` = 3 AND `d` = 8  [ RunTime:0.0360s ]
SQL: SELECT * FROM `jsjkxyjs_visit` WHERE `y` = 16 AND `m` = 3 AND `d` = 9  [ RunTime:0.0360s ]
SQL: SELECT * FROM `jsjkxyjs_visit` WHERE `y` = 16 AND `m` = 3 AND `d` = 10  [ RunTime:0.0360s ]
SQL: SELECT * FROM `jsjkxyjs_visit` WHERE `y` = 16 AND `m` = 3 AND `d` = 11  [ RunTime:0.0360s ]
SQL: SELECT * FROM `jsjkxyjs_visit` WHERE `y` = 16 AND `m` = 3 AND `d` = 12  [ RunTime:0.0360s ]
SQL: SELECT * FROM `jsjkxyjs_visit` WHERE `y` = 16 AND `m` = 3 AND `d` = 13  [ RunTime:0.0360s ]
SQL: SELECT * FROM `jsjkxyjs_visit` WHERE `y` = 16 AND `m` = 3 AND `d` = 14  [ RunTime:0.0360s ]
SQL: SELECT * FROM `jsjkxyjs_visit` WHERE `y` = 16 AND `m` = 3 AND `d` = 15  [ RunTime:0.0360s ]
SQL: SELECT * FROM `jsjkxyjs_visit` WHERE `y` = 16 AND `m` = 3 AND `d` = 16  [ RunTime:0.0360s ]
SQL: SELECT * FROM `jsjkxyjs_visit` WHERE `y` = 16 AND `m` = 3 AND `d` = 17  [ RunTime:0.0360s ]
SQL: SELECT * FROM `jsjkxyjs_visit` WHERE `y` = 16 AND `m` = 3 AND `d` = 18  [ RunTime:0.0370s ]
SQL: SELECT * FROM `jsjkxyjs_visit` WHERE `y` = 16 AND `m` = 3 AND `d` = 19  [ RunTime:0.0360s ]
SQL: SELECT * FROM `jsjkxyjs_visit` WHERE `y` = 16 AND `m` = 3 AND `d` = 20  [ RunTime:0.0360s ]
SQL: SELECT * FROM `jsjkxyjs_visit` WHERE `y` = 16 AND `m` = 3 AND `d` = 21  [ RunTime:0.0360s ]
SQL: SELECT * FROM `jsjkxyjs_visit` WHERE `y` = 16 AND `m` = 3 AND `d` = 22  [ RunTime:0.0360s ]
SQL: SELECT * FROM `jsjkxyjs_visit` WHERE `y` = 16 AND `m` = 3 AND `d` = 23  [ RunTime:0.0360s ]
SQL: SELECT * FROM `jsjkxyjs_visit` WHERE `y` = 16 AND `m` = 3 AND `d` = 24  [ RunTime:0.0360s ]
SQL: SELECT * FROM `jsjkxyjs_visit` WHERE `y` = 16 AND `m` = 3 AND `d` = 25  [ RunTime:0.0360s ]
SQL: SELECT * FROM `jsjkxyjs_visit` WHERE `y` = 16 AND `m` = 3 AND `d` = 26  [ RunTime:0.0360s ]
SQL: SELECT * FROM `jsjkxyjs_visit` WHERE `y` = 16 AND `m` = 3 AND `d` = 27  [ RunTime:0.0360s ]
SQL: SELECT * FROM `jsjkxyjs_visit` WHERE `y` = 16 AND `m` = 3 AND `d` = 28  [ RunTime:0.0360s ]
SQL: SELECT * FROM `jsjkxyjs_visit` WHERE `y` = 16 AND `m` = 3 AND `d` = 29  [ RunTime:0.0370s ]
SQL: SELECT * FROM `jsjkxyjs_visit` WHERE `y` = 16 AND `m` = 3 AND `d` = 30  [ RunTime:0.0360s ]
SQL: SELECT * FROM `jsjkxyjs_visit` WHERE `y` = 16 AND `m` = 3 AND `d` = 31  [ RunTime:0.0360s ]
ERR: 1146:Table 'jsjkxyjs.jsjkxyjs_mysql' doesn't exist
 [ SQL语句 ] : SHOW COLUMNS FROM `jsjkxyjs_mysql`
ERR: 1146:Table 'jsjkxyjs.jsjkxyjs_mysql' doesn't exist
 [ SQL语句 ] : SHOW COLUMNS FROM `jsjkxyjs_mysql`

[ 2016-04-08T07:55:55+08:00 ] ::1 /notebook_php/admin.php/Index.htm
INFO: [ app_init ] --START--
INFO: Run Behavior\BuildLiteBehavior [ RunTime:0.000000s ]
INFO: [ app_init ] --END-- [ RunTime:0.002001s ]
INFO: [ app_begin ] --START--
INFO: Run Behavior\ReadHtmlCacheBehavior [ RunTime:0.002000s ]
INFO: [ app_begin ] --END-- [ RunTime:0.002000s ]
SQL: SHOW COLUMNS FROM `jsjkxyjs_session` [ RunTime:0.0370s ]
SQL: SELECT * FROM `jsjkxyjs_session` WHERE ( ip='0.0.0.0' ) LIMIT 1   [ RunTime:0.0360s ]
SQL: SHOW COLUMNS FROM `jsjkxyjs_menu` [ RunTime:0.0360s ]
SQL: SELECT * FROM `jsjkxyjs_menu` WHERE `parentid` = 0 AND `app` = 'Admin' AND `status` = 1 AND `hidden` = 0 ORDER BY listorder asc  [ RunTime:0.0370s ]
SQL: SHOW COLUMNS FROM `jsjkxyjs_config` [ RunTime:0.0360s ]
SQL: SELECT * FROM `jsjkxyjs_config`  [ RunTime:0.0370s ]
SQL: SELECT * FROM `jsjkxyjs_menu` WHERE `parentid` = 1 AND `app` = 'Admin' AND `status` = 1 AND `hidden` = 0 ORDER BY listorder asc  [ RunTime:0.0370s ]
SQL: SELECT * FROM `jsjkxyjs_menu` WHERE `parentid` = 11 AND `app` = 'Admin' AND `status` = 1 AND `hidden` = 0 ORDER BY listorder asc  [ RunTime:0.0360s ]
SQL: SHOW COLUMNS FROM `jsjkxyjs_admin_menu` [ RunTime:0.0370s ]
SQL: SELECT * FROM `jsjkxyjs_admin_menu` WHERE `uid` = 1  [ RunTime:0.0360s ]
INFO: [ view_parse ] --START--
INFO: [ template_filter ] --START--
INFO: Run Behavior\ContentReplaceBehavior [ RunTime:0.000000s ]
INFO: [ template_filter ] --END-- [ RunTime:0.000000s ]
INFO: Run Behavior\ParseTemplateBehavior [ RunTime:0.041002s ]
INFO: [ view_parse ] --END-- [ RunTime:0.041002s ]
INFO: [ view_filter ] --START--
INFO: Run Behavior\WriteHtmlCacheBehavior [ RunTime:0.002000s ]
INFO: [ view_filter ] --END-- [ RunTime:0.002000s ]
INFO: [ app_end ] --START--
INFO: Run Behavior\ShowPageTraceBehavior [ RunTime:0.002000s ]
INFO: [ app_end ] --END-- [ RunTime:0.002000s ]

[ 2016-04-08T07:55:58+08:00 ] ::1 /notebook_php/admin.php/Center/index
INFO: [ app_init ] --START--
INFO: Run Behavior\BuildLiteBehavior [ RunTime:0.000000s ]
INFO: [ app_init ] --END-- [ RunTime:0.001000s ]
INFO: [ app_begin ] --START--
INFO: Run Behavior\ReadHtmlCacheBehavior [ RunTime:0.000000s ]
INFO: [ app_begin ] --END-- [ RunTime:0.008000s ]
SQL: SHOW COLUMNS FROM `jsjkxyjs_session` [ RunTime:0.0380s ]
SQL: SELECT * FROM `jsjkxyjs_session` WHERE ( ip='0.0.0.0' ) LIMIT 1   [ RunTime:0.0380s ]
SQL: SHOW COLUMNS FROM `jsjkxyjs_menu` [ RunTime:0.0380s ]
SQL: SELECT * FROM `jsjkxyjs_menu` WHERE `parentid` = 0 AND `app` = 'Admin' AND `status` = 1 AND `hidden` = 0 ORDER BY listorder asc  [ RunTime:0.0380s ]
SQL: SHOW COLUMNS FROM `jsjkxyjs_config` [ RunTime:0.0380s ]
SQL: SELECT * FROM `jsjkxyjs_config`  [ RunTime:0.0390s ]
SQL: SHOW COLUMNS FROM `jsjkxyjs_visit` [ RunTime:0.0380s ]
SQL: SELECT * FROM `jsjkxyjs_visit` WHERE `y` = 16 AND `m` = 4 AND `d` = 1  [ RunTime:0.0380s ]
SQL: SELECT * FROM `jsjkxyjs_visit` WHERE `y` = 16 AND `m` = 4 AND `d` = 2  [ RunTime:0.0380s ]
SQL: SELECT * FROM `jsjkxyjs_visit` WHERE `y` = 16 AND `m` = 4 AND `d` = 3  [ RunTime:0.0380s ]
SQL: SELECT * FROM `jsjkxyjs_visit` WHERE `y` = 16 AND `m` = 4 AND `d` = 4  [ RunTime:0.0380s ]
SQL: SELECT * FROM `jsjkxyjs_visit` WHERE `y` = 16 AND `m` = 4 AND `d` = 5  [ RunTime:0.0380s ]
SQL: SELECT * FROM `jsjkxyjs_visit` WHERE `y` = 16 AND `m` = 4 AND `d` = 6  [ RunTime:0.0380s ]
SQL: SELECT * FROM `jsjkxyjs_visit` WHERE `y` = 16 AND `m` = 4 AND `d` = 7  [ RunTime:0.0380s ]
SQL: SELECT * FROM `jsjkxyjs_visit` WHERE `y` = 16 AND `m` = 4 AND `d` = 8  [ RunTime:0.0380s ]
SQL: SELECT * FROM `jsjkxyjs_visit` WHERE `y` = 16 AND `m` = 4 AND `d` = 9  [ RunTime:0.0380s ]
SQL: SELECT * FROM `jsjkxyjs_visit` WHERE `y` = 16 AND `m` = 4 AND `d` = 10  [ RunTime:0.0380s ]
SQL: SELECT * FROM `jsjkxyjs_visit` WHERE `y` = 16 AND `m` = 4 AND `d` = 11  [ RunTime:0.0380s ]
SQL: SELECT * FROM `jsjkxyjs_visit` WHERE `y` = 16 AND `m` = 4 AND `d` = 12  [ RunTime:0.0380s ]
SQL: SELECT * FROM `jsjkxyjs_visit` WHERE `y` = 16 AND `m` = 4 AND `d` = 13  [ RunTime:0.0380s ]
SQL: SELECT * FROM `jsjkxyjs_visit` WHERE `y` = 16 AND `m` = 4 AND `d` = 14  [ RunTime:0.0380s ]
SQL: SELECT * FROM `jsjkxyjs_visit` WHERE `y` = 16 AND `m` = 4 AND `d` = 15  [ RunTime:0.0380s ]
SQL: SELECT * FROM `jsjkxyjs_visit` WHERE `y` = 16 AND `m` = 4 AND `d` = 16  [ RunTime:0.0380s ]
SQL: SELECT * FROM `jsjkxyjs_visit` WHERE `y` = 16 AND `m` = 4 AND `d` = 17  [ RunTime:0.0380s ]
SQL: SELECT * FROM `jsjkxyjs_visit` WHERE `y` = 16 AND `m` = 4 AND `d` = 18  [ RunTime:0.0380s ]
SQL: SELECT * FROM `jsjkxyjs_visit` WHERE `y` = 16 AND `m` = 4 AND `d` = 19  [ RunTime:0.0380s ]
SQL: SELECT * FROM `jsjkxyjs_visit` WHERE `y` = 16 AND `m` = 4 AND `d` = 20  [ RunTime:0.0380s ]
SQL: SELECT * FROM `jsjkxyjs_visit` WHERE `y` = 16 AND `m` = 4 AND `d` = 21  [ RunTime:0.0380s ]
SQL: SELECT * FROM `jsjkxyjs_visit` WHERE `y` = 16 AND `m` = 4 AND `d` = 22  [ RunTime:0.0380s ]
SQL: SELECT * FROM `jsjkxyjs_visit` WHERE `y` = 16 AND `m` = 4 AND `d` = 23  [ RunTime:0.0380s ]
SQL: SELECT * FROM `jsjkxyjs_visit` WHERE `y` = 16 AND `m` = 4 AND `d` = 24  [ RunTime:0.0380s ]
SQL: SELECT * FROM `jsjkxyjs_visit` WHERE `y` = 16 AND `m` = 4 AND `d` = 25  [ RunTime:0.0380s ]
SQL: SELECT * FROM `jsjkxyjs_visit` WHERE `y` = 16 AND `m` = 4 AND `d` = 26  [ RunTime:0.0380s ]
SQL: SELECT * FROM `jsjkxyjs_visit` WHERE `y` = 16 AND `m` = 4 AND `d` = 27  [ RunTime:0.0380s ]
SQL: SELECT * FROM `jsjkxyjs_visit` WHERE `y` = 16 AND `m` = 4 AND `d` = 28  [ RunTime:0.0380s ]
SQL: SELECT * FROM `jsjkxyjs_visit` WHERE `y` = 16 AND `m` = 4 AND `d` = 29  [ RunTime:0.0380s ]
SQL: SELECT * FROM `jsjkxyjs_visit` WHERE `y` = 16 AND `m` = 4 AND `d` = 30  [ RunTime:0.0380s ]
SQL: SELECT * FROM `jsjkxyjs_visit` WHERE `y` = 16 AND `m` = 4 AND `d` = 31  [ RunTime:0.0390s ]
SQL: SELECT * FROM `jsjkxyjs_visit` WHERE `y` = 16 AND `m` = 3 AND `d` = 1  [ RunTime:0.0380s ]
SQL: SELECT * FROM `jsjkxyjs_visit` WHERE `y` = 16 AND `m` = 3 AND `d` = 2  [ RunTime:0.0380s ]
SQL: SELECT * FROM `jsjkxyjs_visit` WHERE `y` = 16 AND `m` = 3 AND `d` = 3  [ RunTime:0.0380s ]
SQL: SELECT * FROM `jsjkxyjs_visit` WHERE `y` = 16 AND `m` = 3 AND `d` = 4  [ RunTime:0.0390s ]
SQL: SELECT * FROM `jsjkxyjs_visit` WHERE `y` = 16 AND `m` = 3 AND `d` = 5  [ RunTime:0.0380s ]
SQL: SELECT * FROM `jsjkxyjs_visit` WHERE `y` = 16 AND `m` = 3 AND `d` = 6  [ RunTime:0.0380s ]
SQL: SELECT * FROM `jsjkxyjs_visit` WHERE `y` = 16 AND `m` = 3 AND `d` = 7  [ RunTime:0.0380s ]
SQL: SELECT * FROM `jsjkxyjs_visit` WHERE `y` = 16 AND `m` = 3 AND `d` = 8  [ RunTime:0.0380s ]
SQL: SELECT * FROM `jsjkxyjs_visit` WHERE `y` = 16 AND `m` = 3 AND `d` = 9  [ RunTime:0.0380s ]
SQL: SELECT * FROM `jsjkxyjs_visit` WHERE `y` = 16 AND `m` = 3 AND `d` = 10  [ RunTime:0.0380s ]
SQL: SELECT * FROM `jsjkxyjs_visit` WHERE `y` = 16 AND `m` = 3 AND `d` = 11  [ RunTime:0.0380s ]
SQL: SELECT * FROM `jsjkxyjs_visit` WHERE `y` = 16 AND `m` = 3 AND `d` = 12  [ RunTime:0.0380s ]
SQL: SELECT * FROM `jsjkxyjs_visit` WHERE `y` = 16 AND `m` = 3 AND `d` = 13  [ RunTime:0.0380s ]
SQL: SELECT * FROM `jsjkxyjs_visit` WHERE `y` = 16 AND `m` = 3 AND `d` = 14  [ RunTime:0.0380s ]
SQL: SELECT * FROM `jsjkxyjs_visit` WHERE `y` = 16 AND `m` = 3 AND `d` = 15  [ RunTime:0.0380s ]
SQL: SELECT * FROM `jsjkxyjs_visit` WHERE `y` = 16 AND `m` = 3 AND `d` = 16  [ RunTime:0.0380s ]
SQL: SELECT * FROM `jsjkxyjs_visit` WHERE `y` = 16 AND `m` = 3 AND `d` = 17  [ RunTime:0.0380s ]
SQL: SELECT * FROM `jsjkxyjs_visit` WHERE `y` = 16 AND `m` = 3 AND `d` = 18  [ RunTime:0.0380s ]
SQL: SELECT * FROM `jsjkxyjs_visit` WHERE `y` = 16 AND `m` = 3 AND `d` = 19  [ RunTime:0.0380s ]
SQL: SELECT * FROM `jsjkxyjs_visit` WHERE `y` = 16 AND `m` = 3 AND `d` = 20  [ RunTime:0.0380s ]
SQL: SELECT * FROM `jsjkxyjs_visit` WHERE `y` = 16 AND `m` = 3 AND `d` = 21  [ RunTime:0.0380s ]
SQL: SELECT * FROM `jsjkxyjs_visit` WHERE `y` = 16 AND `m` = 3 AND `d` = 22  [ RunTime:0.0380s ]
SQL: SELECT * FROM `jsjkxyjs_visit` WHERE `y` = 16 AND `m` = 3 AND `d` = 23  [ RunTime:0.0380s ]
SQL: SELECT * FROM `jsjkxyjs_visit` WHERE `y` = 16 AND `m` = 3 AND `d` = 24  [ RunTime:0.0380s ]
SQL: SELECT * FROM `jsjkxyjs_visit` WHERE `y` = 16 AND `m` = 3 AND `d` = 25  [ RunTime:0.0380s ]
SQL: SELECT * FROM `jsjkxyjs_visit` WHERE `y` = 16 AND `m` = 3 AND `d` = 26  [ RunTime:0.0380s ]
SQL: SELECT * FROM `jsjkxyjs_visit` WHERE `y` = 16 AND `m` = 3 AND `d` = 27  [ RunTime:0.0380s ]
SQL: SELECT * FROM `jsjkxyjs_visit` WHERE `y` = 16 AND `m` = 3 AND `d` = 28  [ RunTime:0.0380s ]
SQL: SELECT * FROM `jsjkxyjs_visit` WHERE `y` = 16 AND `m` = 3 AND `d` = 29  [ RunTime:0.0380s ]
SQL: SELECT * FROM `jsjkxyjs_visit` WHERE `y` = 16 AND `m` = 3 AND `d` = 30  [ RunTime:0.0380s ]
SQL: SELECT * FROM `jsjkxyjs_visit` WHERE `y` = 16 AND `m` = 3 AND `d` = 31  [ RunTime:0.0380s ]
ERR: 1146:Table 'jsjkxyjs.jsjkxyjs_mysql' doesn't exist
 [ SQL语句 ] : SHOW COLUMNS FROM `jsjkxyjs_mysql`
ERR: 1146:Table 'jsjkxyjs.jsjkxyjs_mysql' doesn't exist
 [ SQL语句 ] : SHOW COLUMNS FROM `jsjkxyjs_mysql`

[ 2016-04-08T07:57:41+08:00 ] ::1 /notebook_php/admin.php/Index/index/menu/2
INFO: [ app_init ] --START--
INFO: Run Behavior\BuildLiteBehavior [ RunTime:0.000000s ]
INFO: [ app_init ] --END-- [ RunTime:0.001000s ]
INFO: [ app_begin ] --START--
INFO: Run Behavior\ReadHtmlCacheBehavior [ RunTime:0.001000s ]
INFO: [ app_begin ] --END-- [ RunTime:0.001000s ]
SQL: SHOW COLUMNS FROM `jsjkxyjs_session` [ RunTime:0.0360s ]
SQL: SELECT * FROM `jsjkxyjs_session` WHERE ( ip='0.0.0.0' ) LIMIT 1   [ RunTime:0.0340s ]
SQL: SHOW COLUMNS FROM `jsjkxyjs_menu` [ RunTime:0.0440s ]
SQL: SELECT * FROM `jsjkxyjs_menu` WHERE `parentid` = 0 AND `app` = 'Admin' AND `status` = 1 AND `hidden` = 0 ORDER BY listorder asc  [ RunTime:0.0360s ]
SQL: SHOW COLUMNS FROM `jsjkxyjs_config` [ RunTime:0.0350s ]
SQL: SELECT * FROM `jsjkxyjs_config`  [ RunTime:0.0350s ]
SQL: SELECT * FROM `jsjkxyjs_menu` WHERE `parentid` = 2 AND `app` = 'Admin' AND `status` = 1 AND `hidden` = 0 ORDER BY listorder asc  [ RunTime:0.0360s ]
SQL: SELECT * FROM `jsjkxyjs_menu` WHERE `parentid` = 12 AND `app` = 'Admin' AND `status` = 1 AND `hidden` = 0 ORDER BY listorder asc  [ RunTime:0.0360s ]
SQL: SELECT * FROM `jsjkxyjs_menu` WHERE `parentid` = 21 AND `app` = 'Admin' AND `status` = 1 AND `hidden` = 0 ORDER BY listorder asc  [ RunTime:0.0360s ]
SQL: SELECT * FROM `jsjkxyjs_menu` WHERE `parentid` = 33 AND `app` = 'Admin' AND `status` = 1 AND `hidden` = 0 ORDER BY listorder asc  [ RunTime:0.0360s ]
INFO: [ view_parse ] --START--
INFO: [ template_filter ] --START--
INFO: Run Behavior\ContentReplaceBehavior [ RunTime:0.000000s ]
INFO: [ template_filter ] --END-- [ RunTime:0.001000s ]
INFO: Run Behavior\ParseTemplateBehavior [ RunTime:0.029002s ]
INFO: [ view_parse ] --END-- [ RunTime:0.030002s ]
INFO: [ view_filter ] --START--
INFO: Run Behavior\WriteHtmlCacheBehavior [ RunTime:0.001000s ]
INFO: [ view_filter ] --END-- [ RunTime:0.001000s ]
INFO: [ app_end ] --START--
INFO: Run Behavior\ShowPageTraceBehavior [ RunTime:0.001000s ]
INFO: [ app_end ] --END-- [ RunTime:0.001000s ]

[ 2016-04-08T07:57:44+08:00 ] ::1 /notebook_php/admin.php/Center/index
INFO: [ app_init ] --START--
INFO: Run Behavior\BuildLiteBehavior [ RunTime:0.000000s ]
INFO: [ app_init ] --END-- [ RunTime:0.001000s ]
INFO: [ app_begin ] --START--
INFO: Run Behavior\ReadHtmlCacheBehavior [ RunTime:0.001000s ]
INFO: [ app_begin ] --END-- [ RunTime:0.001000s ]
SQL: SHOW COLUMNS FROM `jsjkxyjs_session` [ RunTime:0.0360s ]
SQL: SELECT * FROM `jsjkxyjs_session` WHERE ( ip='0.0.0.0' ) LIMIT 1   [ RunTime:0.0360s ]
SQL: SHOW COLUMNS FROM `jsjkxyjs_menu` [ RunTime:0.0360s ]
SQL: SELECT * FROM `jsjkxyjs_menu` WHERE `parentid` = 0 AND `app` = 'Admin' AND `status` = 1 AND `hidden` = 0 ORDER BY listorder asc  [ RunTime:0.0360s ]
SQL: SHOW COLUMNS FROM `jsjkxyjs_config` [ RunTime:0.0360s ]
SQL: SELECT * FROM `jsjkxyjs_config`  [ RunTime:0.0360s ]
SQL: SHOW COLUMNS FROM `jsjkxyjs_visit` [ RunTime:0.0360s ]
SQL: SELECT * FROM `jsjkxyjs_visit` WHERE `y` = 16 AND `m` = 4 AND `d` = 1  [ RunTime:0.0350s ]
SQL: SELECT * FROM `jsjkxyjs_visit` WHERE `y` = 16 AND `m` = 4 AND `d` = 2  [ RunTime:0.0360s ]
SQL: SELECT * FROM `jsjkxyjs_visit` WHERE `y` = 16 AND `m` = 4 AND `d` = 3  [ RunTime:0.0360s ]
SQL: SELECT * FROM `jsjkxyjs_visit` WHERE `y` = 16 AND `m` = 4 AND `d` = 4  [ RunTime:0.0360s ]
SQL: SELECT * FROM `jsjkxyjs_visit` WHERE `y` = 16 AND `m` = 4 AND `d` = 5  [ RunTime:0.0360s ]
SQL: SELECT * FROM `jsjkxyjs_visit` WHERE `y` = 16 AND `m` = 4 AND `d` = 6  [ RunTime:0.0360s ]
SQL: SELECT * FROM `jsjkxyjs_visit` WHERE `y` = 16 AND `m` = 4 AND `d` = 7  [ RunTime:0.0360s ]
SQL: SELECT * FROM `jsjkxyjs_visit` WHERE `y` = 16 AND `m` = 4 AND `d` = 8  [ RunTime:0.0380s ]
SQL: SELECT * FROM `jsjkxyjs_visit` WHERE `y` = 16 AND `m` = 4 AND `d` = 9  [ RunTime:0.0360s ]
SQL: SELECT * FROM `jsjkxyjs_visit` WHERE `y` = 16 AND `m` = 4 AND `d` = 10  [ RunTime:0.0360s ]
SQL: SELECT * FROM `jsjkxyjs_visit` WHERE `y` = 16 AND `m` = 4 AND `d` = 11  [ RunTime:0.0360s ]
SQL: SELECT * FROM `jsjkxyjs_visit` WHERE `y` = 16 AND `m` = 4 AND `d` = 12  [ RunTime:0.0360s ]
SQL: SELECT * FROM `jsjkxyjs_visit` WHERE `y` = 16 AND `m` = 4 AND `d` = 13  [ RunTime:0.0360s ]
SQL: SELECT * FROM `jsjkxyjs_visit` WHERE `y` = 16 AND `m` = 4 AND `d` = 14  [ RunTime:0.0360s ]
SQL: SELECT * FROM `jsjkxyjs_visit` WHERE `y` = 16 AND `m` = 4 AND `d` = 15  [ RunTime:0.0360s ]
SQL: SELECT * FROM `jsjkxyjs_visit` WHERE `y` = 16 AND `m` = 4 AND `d` = 16  [ RunTime:0.0360s ]
SQL: SELECT * FROM `jsjkxyjs_visit` WHERE `y` = 16 AND `m` = 4 AND `d` = 17  [ RunTime:0.0360s ]
SQL: SELECT * FROM `jsjkxyjs_visit` WHERE `y` = 16 AND `m` = 4 AND `d` = 18  [ RunTime:0.0360s ]
SQL: SELECT * FROM `jsjkxyjs_visit` WHERE `y` = 16 AND `m` = 4 AND `d` = 19  [ RunTime:0.0360s ]
SQL: SELECT * FROM `jsjkxyjs_visit` WHERE `y` = 16 AND `m` = 4 AND `d` = 20  [ RunTime:0.0360s ]
SQL: SELECT * FROM `jsjkxyjs_visit` WHERE `y` = 16 AND `m` = 4 AND `d` = 21  [ RunTime:0.0360s ]
SQL: SELECT * FROM `jsjkxyjs_visit` WHERE `y` = 16 AND `m` = 4 AND `d` = 22  [ RunTime:0.0360s ]
SQL: SELECT * FROM `jsjkxyjs_visit` WHERE `y` = 16 AND `m` = 4 AND `d` = 23  [ RunTime:0.0360s ]
SQL: SELECT * FROM `jsjkxyjs_visit` WHERE `y` = 16 AND `m` = 4 AND `d` = 24  [ RunTime:0.0360s ]
SQL: SELECT * FROM `jsjkxyjs_visit` WHERE `y` = 16 AND `m` = 4 AND `d` = 25  [ RunTime:0.0360s ]
SQL: SELECT * FROM `jsjkxyjs_visit` WHERE `y` = 16 AND `m` = 4 AND `d` = 26  [ RunTime:0.0360s ]
SQL: SELECT * FROM `jsjkxyjs_visit` WHERE `y` = 16 AND `m` = 4 AND `d` = 27  [ RunTime:0.0360s ]
SQL: SELECT * FROM `jsjkxyjs_visit` WHERE `y` = 16 AND `m` = 4 AND `d` = 28  [ RunTime:0.0360s ]
SQL: SELECT * FROM `jsjkxyjs_visit` WHERE `y` = 16 AND `m` = 4 AND `d` = 29  [ RunTime:0.0360s ]
SQL: SELECT * FROM `jsjkxyjs_visit` WHERE `y` = 16 AND `m` = 4 AND `d` = 30  [ RunTime:0.0360s ]
SQL: SELECT * FROM `jsjkxyjs_visit` WHERE `y` = 16 AND `m` = 4 AND `d` = 31  [ RunTime:0.0360s ]
SQL: SELECT * FROM `jsjkxyjs_visit` WHERE `y` = 16 AND `m` = 3 AND `d` = 1  [ RunTime:0.0360s ]
SQL: SELECT * FROM `jsjkxyjs_visit` WHERE `y` = 16 AND `m` = 3 AND `d` = 2  [ RunTime:0.0360s ]
SQL: SELECT * FROM `jsjkxyjs_visit` WHERE `y` = 16 AND `m` = 3 AND `d` = 3  [ RunTime:0.0360s ]
SQL: SELECT * FROM `jsjkxyjs_visit` WHERE `y` = 16 AND `m` = 3 AND `d` = 4  [ RunTime:0.0360s ]
SQL: SELECT * FROM `jsjkxyjs_visit` WHERE `y` = 16 AND `m` = 3 AND `d` = 5  [ RunTime:0.0360s ]
SQL: SELECT * FROM `jsjkxyjs_visit` WHERE `y` = 16 AND `m` = 3 AND `d` = 6  [ RunTime:0.0360s ]
SQL: SELECT * FROM `jsjkxyjs_visit` WHERE `y` = 16 AND `m` = 3 AND `d` = 7  [ RunTime:0.0360s ]
SQL: SELECT * FROM `jsjkxyjs_visit` WHERE `y` = 16 AND `m` = 3 AND `d` = 8  [ RunTime:0.0360s ]
SQL: SELECT * FROM `jsjkxyjs_visit` WHERE `y` = 16 AND `m` = 3 AND `d` = 9  [ RunTime:0.0360s ]
SQL: SELECT * FROM `jsjkxyjs_visit` WHERE `y` = 16 AND `m` = 3 AND `d` = 10  [ RunTime:0.0360s ]
SQL: SELECT * FROM `jsjkxyjs_visit` WHERE `y` = 16 AND `m` = 3 AND `d` = 11  [ RunTime:0.0360s ]
SQL: SELECT * FROM `jsjkxyjs_visit` WHERE `y` = 16 AND `m` = 3 AND `d` = 12  [ RunTime:0.0360s ]
SQL: SELECT * FROM `jsjkxyjs_visit` WHERE `y` = 16 AND `m` = 3 AND `d` = 13  [ RunTime:0.0360s ]
SQL: SELECT * FROM `jsjkxyjs_visit` WHERE `y` = 16 AND `m` = 3 AND `d` = 14  [ RunTime:0.0360s ]
SQL: SELECT * FROM `jsjkxyjs_visit` WHERE `y` = 16 AND `m` = 3 AND `d` = 15  [ RunTime:0.0360s ]
SQL: SELECT * FROM `jsjkxyjs_visit` WHERE `y` = 16 AND `m` = 3 AND `d` = 16  [ RunTime:0.0360s ]
SQL: SELECT * FROM `jsjkxyjs_visit` WHERE `y` = 16 AND `m` = 3 AND `d` = 17  [ RunTime:0.0360s ]
SQL: SELECT * FROM `jsjkxyjs_visit` WHERE `y` = 16 AND `m` = 3 AND `d` = 18  [ RunTime:0.0360s ]
SQL: SELECT * FROM `jsjkxyjs_visit` WHERE `y` = 16 AND `m` = 3 AND `d` = 19  [ RunTime:0.0360s ]
SQL: SELECT * FROM `jsjkxyjs_visit` WHERE `y` = 16 AND `m` = 3 AND `d` = 20  [ RunTime:0.0360s ]
SQL: SELECT * FROM `jsjkxyjs_visit` WHERE `y` = 16 AND `m` = 3 AND `d` = 21  [ RunTime:0.0360s ]
SQL: SELECT * FROM `jsjkxyjs_visit` WHERE `y` = 16 AND `m` = 3 AND `d` = 22  [ RunTime:0.0360s ]
SQL: SELECT * FROM `jsjkxyjs_visit` WHERE `y` = 16 AND `m` = 3 AND `d` = 23  [ RunTime:0.0360s ]
SQL: SELECT * FROM `jsjkxyjs_visit` WHERE `y` = 16 AND `m` = 3 AND `d` = 24  [ RunTime:0.0360s ]
SQL: SELECT * FROM `jsjkxyjs_visit` WHERE `y` = 16 AND `m` = 3 AND `d` = 25  [ RunTime:0.0360s ]
SQL: SELECT * FROM `jsjkxyjs_visit` WHERE `y` = 16 AND `m` = 3 AND `d` = 26  [ RunTime:0.0360s ]
SQL: SELECT * FROM `jsjkxyjs_visit` WHERE `y` = 16 AND `m` = 3 AND `d` = 27  [ RunTime:0.0360s ]
SQL: SELECT * FROM `jsjkxyjs_visit` WHERE `y` = 16 AND `m` = 3 AND `d` = 28  [ RunTime:0.0360s ]
SQL: SELECT * FROM `jsjkxyjs_visit` WHERE `y` = 16 AND `m` = 3 AND `d` = 29  [ RunTime:0.0360s ]
SQL: SELECT * FROM `jsjkxyjs_visit` WHERE `y` = 16 AND `m` = 3 AND `d` = 30  [ RunTime:0.0360s ]
SQL: SELECT * FROM `jsjkxyjs_visit` WHERE `y` = 16 AND `m` = 3 AND `d` = 31  [ RunTime:0.0360s ]
ERR: 1146:Table 'jsjkxyjs.jsjkxyjs_mysql' doesn't exist
 [ SQL语句 ] : SHOW COLUMNS FROM `jsjkxyjs_mysql`
ERR: 1146:Table 'jsjkxyjs.jsjkxyjs_mysql' doesn't exist
 [ SQL语句 ] : SHOW COLUMNS FROM `jsjkxyjs_mysql`

[ 2016-04-08T07:58:09+08:00 ] ::1 /notebook_php/admin.php/Index/index/menu/3
INFO: [ app_init ] --START--
INFO: Run Behavior\BuildLiteBehavior [ RunTime:0.000000s ]
INFO: [ app_init ] --END-- [ RunTime:0.001000s ]
INFO: [ app_begin ] --START--
INFO: Run Behavior\ReadHtmlCacheBehavior [ RunTime:0.001000s ]
INFO: [ app_begin ] --END-- [ RunTime:0.001000s ]
SQL: SHOW COLUMNS FROM `jsjkxyjs_session` [ RunTime:0.0360s ]
SQL: SELECT * FROM `jsjkxyjs_session` WHERE ( ip='0.0.0.0' ) LIMIT 1   [ RunTime:0.0340s ]
SQL: SHOW COLUMNS FROM `jsjkxyjs_menu` [ RunTime:0.0360s ]
SQL: SELECT * FROM `jsjkxyjs_menu` WHERE `parentid` = 0 AND `app` = 'Admin' AND `status` = 1 AND `hidden` = 0 ORDER BY listorder asc  [ RunTime:0.0350s ]
SQL: SHOW COLUMNS FROM `jsjkxyjs_config` [ RunTime:0.0350s ]
SQL: SELECT * FROM `jsjkxyjs_config`  [ RunTime:0.0350s ]
SQL: SELECT * FROM `jsjkxyjs_menu` WHERE `parentid` = 3 AND `app` = 'Admin' AND `status` = 1 AND `hidden` = 0 ORDER BY listorder asc  [ RunTime:0.0360s ]
SQL: SELECT * FROM `jsjkxyjs_menu` WHERE `parentid` = 38 AND `app` = 'Admin' AND `status` = 1 AND `hidden` = 0 ORDER BY listorder asc  [ RunTime:0.0360s ]
SQL: SELECT * FROM `jsjkxyjs_menu` WHERE `parentid` = 44 AND `app` = 'Admin' AND `status` = 1 AND `hidden` = 0 ORDER BY listorder asc  [ RunTime:0.0360s ]
INFO: [ view_parse ] --START--
INFO: [ template_filter ] --START--
INFO: Run Behavior\ContentReplaceBehavior [ RunTime:0.000000s ]
INFO: [ template_filter ] --END-- [ RunTime:0.000000s ]
INFO: Run Behavior\ParseTemplateBehavior [ RunTime:0.030002s ]
INFO: [ view_parse ] --END-- [ RunTime:0.030002s ]
INFO: [ view_filter ] --START--
INFO: Run Behavior\WriteHtmlCacheBehavior [ RunTime:0.001000s ]
INFO: [ view_filter ] --END-- [ RunTime:0.001000s ]
INFO: [ app_end ] --START--
INFO: Run Behavior\ShowPageTraceBehavior [ RunTime:0.001000s ]
INFO: [ app_end ] --END-- [ RunTime:0.002000s ]

[ 2016-04-08T07:58:12+08:00 ] ::1 /notebook_php/admin.php/Center/index
INFO: [ app_init ] --START--
INFO: Run Behavior\BuildLiteBehavior [ RunTime:0.000000s ]
INFO: [ app_init ] --END-- [ RunTime:0.001000s ]
INFO: [ app_begin ] --START--
INFO: Run Behavior\ReadHtmlCacheBehavior [ RunTime:0.001000s ]
INFO: [ app_begin ] --END-- [ RunTime:0.001000s ]
SQL: SHOW COLUMNS FROM `jsjkxyjs_session` [ RunTime:0.0390s ]
SQL: SELECT * FROM `jsjkxyjs_session` WHERE ( ip='0.0.0.0' ) LIMIT 1   [ RunTime:0.0370s ]
SQL: SHOW COLUMNS FROM `jsjkxyjs_menu` [ RunTime:0.0390s ]
SQL: SELECT * FROM `jsjkxyjs_menu` WHERE `parentid` = 0 AND `app` = 'Admin' AND `status` = 1 AND `hidden` = 0 ORDER BY listorder asc  [ RunTime:0.0380s ]
SQL: SHOW COLUMNS FROM `jsjkxyjs_config` [ RunTime:0.0390s ]
SQL: SELECT * FROM `jsjkxyjs_config`  [ RunTime:0.0390s ]
SQL: SHOW COLUMNS FROM `jsjkxyjs_visit` [ RunTime:0.0370s ]
SQL: SELECT * FROM `jsjkxyjs_visit` WHERE `y` = 16 AND `m` = 4 AND `d` = 1  [ RunTime:0.0380s ]
SQL: SELECT * FROM `jsjkxyjs_visit` WHERE `y` = 16 AND `m` = 4 AND `d` = 2  [ RunTime:0.0380s ]
SQL: SELECT * FROM `jsjkxyjs_visit` WHERE `y` = 16 AND `m` = 4 AND `d` = 3  [ RunTime:0.0380s ]
SQL: SELECT * FROM `jsjkxyjs_visit` WHERE `y` = 16 AND `m` = 4 AND `d` = 4  [ RunTime:0.0380s ]
SQL: SELECT * FROM `jsjkxyjs_visit` WHERE `y` = 16 AND `m` = 4 AND `d` = 5  [ RunTime:0.0380s ]
SQL: SELECT * FROM `jsjkxyjs_visit` WHERE `y` = 16 AND `m` = 4 AND `d` = 6  [ RunTime:0.0370s ]
SQL: SELECT * FROM `jsjkxyjs_visit` WHERE `y` = 16 AND `m` = 4 AND `d` = 7  [ RunTime:0.0380s ]
SQL: SELECT * FROM `jsjkxyjs_visit` WHERE `y` = 16 AND `m` = 4 AND `d` = 8  [ RunTime:0.0370s ]
SQL: SELECT * FROM `jsjkxyjs_visit` WHERE `y` = 16 AND `m` = 4 AND `d` = 9  [ RunTime:0.0380s ]
SQL: SELECT * FROM `jsjkxyjs_visit` WHERE `y` = 16 AND `m` = 4 AND `d` = 10  [ RunTime:0.0410s ]
SQL: SELECT * FROM `jsjkxyjs_visit` WHERE `y` = 16 AND `m` = 4 AND `d` = 11  [ RunTime:0.0370s ]
SQL: SELECT * FROM `jsjkxyjs_visit` WHERE `y` = 16 AND `m` = 4 AND `d` = 12  [ RunTime:0.0370s ]
SQL: SELECT * FROM `jsjkxyjs_visit` WHERE `y` = 16 AND `m` = 4 AND `d` = 13  [ RunTime:0.0380s ]
SQL: SELECT * FROM `jsjkxyjs_visit` WHERE `y` = 16 AND `m` = 4 AND `d` = 14  [ RunTime:0.0380s ]
SQL: SELECT * FROM `jsjkxyjs_visit` WHERE `y` = 16 AND `m` = 4 AND `d` = 15  [ RunTime:0.0380s ]
SQL: SELECT * FROM `jsjkxyjs_visit` WHERE `y` = 16 AND `m` = 4 AND `d` = 16  [ RunTime:0.0380s ]
SQL: SELECT * FROM `jsjkxyjs_visit` WHERE `y` = 16 AND `m` = 4 AND `d` = 17  [ RunTime:0.0380s ]
SQL: SELECT * FROM `jsjkxyjs_visit` WHERE `y` = 16 AND `m` = 4 AND `d` = 18  [ RunTime:0.0380s ]
SQL: SELECT * FROM `jsjkxyjs_visit` WHERE `y` = 16 AND `m` = 4 AND `d` = 19  [ RunTime:0.0380s ]
SQL: SELECT * FROM `jsjkxyjs_visit` WHERE `y` = 16 AND `m` = 4 AND `d` = 20  [ RunTime:0.0380s ]
SQL: SELECT * FROM `jsjkxyjs_visit` WHERE `y` = 16 AND `m` = 4 AND `d` = 21  [ RunTime:0.0380s ]
SQL: SELECT * FROM `jsjkxyjs_visit` WHERE `y` = 16 AND `m` = 4 AND `d` = 22  [ RunTime:0.0380s ]
SQL: SELECT * FROM `jsjkxyjs_visit` WHERE `y` = 16 AND `m` = 4 AND `d` = 23  [ RunTime:0.0380s ]
SQL: SELECT * FROM `jsjkxyjs_visit` WHERE `y` = 16 AND `m` = 4 AND `d` = 24  [ RunTime:0.0370s ]
SQL: SELECT * FROM `jsjkxyjs_visit` WHERE `y` = 16 AND `m` = 4 AND `d` = 25  [ RunTime:0.0380s ]
SQL: SELECT * FROM `jsjkxyjs_visit` WHERE `y` = 16 AND `m` = 4 AND `d` = 26  [ RunTime:0.0380s ]
SQL: SELECT * FROM `jsjkxyjs_visit` WHERE `y` = 16 AND `m` = 4 AND `d` = 27  [ RunTime:0.0380s ]
SQL: SELECT * FROM `jsjkxyjs_visit` WHERE `y` = 16 AND `m` = 4 AND `d` = 28  [ RunTime:0.0380s ]
SQL: SELECT * FROM `jsjkxyjs_visit` WHERE `y` = 16 AND `m` = 4 AND `d` = 29  [ RunTime:0.0380s ]
SQL: SELECT * FROM `jsjkxyjs_visit` WHERE `y` = 16 AND `m` = 4 AND `d` = 30  [ RunTime:0.0380s ]
SQL: SELECT * FROM `jsjkxyjs_visit` WHERE `y` = 16 AND `m` = 4 AND `d` = 31  [ RunTime:0.0380s ]
SQL: SELECT * FROM `jsjkxyjs_visit` WHERE `y` = 16 AND `m` = 3 AND `d` = 1  [ RunTime:0.0380s ]
SQL: SELECT * FROM `jsjkxyjs_visit` WHERE `y` = 16 AND `m` = 3 AND `d` = 2  [ RunTime:0.0380s ]
SQL: SELECT * FROM `jsjkxyjs_visit` WHERE `y` = 16 AND `m` = 3 AND `d` = 3  [ RunTime:0.0380s ]
SQL: SELECT * FROM `jsjkxyjs_visit` WHERE `y` = 16 AND `m` = 3 AND `d` = 4  [ RunTime:0.0380s ]
SQL: SELECT * FROM `jsjkxyjs_visit` WHERE `y` = 16 AND `m` = 3 AND `d` = 5  [ RunTime:0.0380s ]
SQL: SELECT * FROM `jsjkxyjs_visit` WHERE `y` = 16 AND `m` = 3 AND `d` = 6  [ RunTime:0.0370s ]
SQL: SELECT * FROM `jsjkxyjs_visit` WHERE `y` = 16 AND `m` = 3 AND `d` = 7  [ RunTime:0.0380s ]
SQL: SELECT * FROM `jsjkxyjs_visit` WHERE `y` = 16 AND `m` = 3 AND `d` = 8  [ RunTime:0.0380s ]
SQL: SELECT * FROM `jsjkxyjs_visit` WHERE `y` = 16 AND `m` = 3 AND `d` = 9  [ RunTime:0.0380s ]
SQL: SELECT * FROM `jsjkxyjs_visit` WHERE `y` = 16 AND `m` = 3 AND `d` = 10  [ RunTime:0.0390s ]
SQL: SELECT * FROM `jsjkxyjs_visit` WHERE `y` = 16 AND `m` = 3 AND `d` = 11  [ RunTime:0.0370s ]
SQL: SELECT * FROM `jsjkxyjs_visit` WHERE `y` = 16 AND `m` = 3 AND `d` = 12  [ RunTime:0.0380s ]
SQL: SELECT * FROM `jsjkxyjs_visit` WHERE `y` = 16 AND `m` = 3 AND `d` = 13  [ RunTime:0.0390s ]
SQL: SELECT * FROM `jsjkxyjs_visit` WHERE `y` = 16 AND `m` = 3 AND `d` = 14  [ RunTime:0.0380s ]
SQL: SELECT * FROM `jsjkxyjs_visit` WHERE `y` = 16 AND `m` = 3 AND `d` = 15  [ RunTime:0.0380s ]
SQL: SELECT * FROM `jsjkxyjs_visit` WHERE `y` = 16 AND `m` = 3 AND `d` = 16  [ RunTime:0.0380s ]
SQL: SELECT * FROM `jsjkxyjs_visit` WHERE `y` = 16 AND `m` = 3 AND `d` = 17  [ RunTime:0.0380s ]
SQL: SELECT * FROM `jsjkxyjs_visit` WHERE `y` = 16 AND `m` = 3 AND `d` = 18  [ RunTime:0.0380s ]
SQL: SELECT * FROM `jsjkxyjs_visit` WHERE `y` = 16 AND `m` = 3 AND `d` = 19  [ RunTime:0.0370s ]
SQL: SELECT * FROM `jsjkxyjs_visit` WHERE `y` = 16 AND `m` = 3 AND `d` = 20  [ RunTime:0.0370s ]
SQL: SELECT * FROM `jsjkxyjs_visit` WHERE `y` = 16 AND `m` = 3 AND `d` = 21  [ RunTime:0.0380s ]
SQL: SELECT * FROM `jsjkxyjs_visit` WHERE `y` = 16 AND `m` = 3 AND `d` = 22  [ RunTime:0.0380s ]
SQL: SELECT * FROM `jsjkxyjs_visit` WHERE `y` = 16 AND `m` = 3 AND `d` = 23  [ RunTime:0.0380s ]
SQL: SELECT * FROM `jsjkxyjs_visit` WHERE `y` = 16 AND `m` = 3 AND `d` = 24  [ RunTime:0.0380s ]
SQL: SELECT * FROM `jsjkxyjs_visit` WHERE `y` = 16 AND `m` = 3 AND `d` = 25  [ RunTime:0.0380s ]
SQL: SELECT * FROM `jsjkxyjs_visit` WHERE `y` = 16 AND `m` = 3 AND `d` = 26  [ RunTime:0.0380s ]
SQL: SELECT * FROM `jsjkxyjs_visit` WHERE `y` = 16 AND `m` = 3 AND `d` = 27  [ RunTime:0.0380s ]
SQL: SELECT * FROM `jsjkxyjs_visit` WHERE `y` = 16 AND `m` = 3 AND `d` = 28  [ RunTime:0.0380s ]
SQL: SELECT * FROM `jsjkxyjs_visit` WHERE `y` = 16 AND `m` = 3 AND `d` = 29  [ RunTime:0.0380s ]
SQL: SELECT * FROM `jsjkxyjs_visit` WHERE `y` = 16 AND `m` = 3 AND `d` = 30  [ RunTime:0.0380s ]
SQL: SELECT * FROM `jsjkxyjs_visit` WHERE `y` = 16 AND `m` = 3 AND `d` = 31  [ RunTime:0.0380s ]
ERR: 1146:Table 'jsjkxyjs.jsjkxyjs_mysql' doesn't exist
 [ SQL语句 ] : SHOW COLUMNS FROM `jsjkxyjs_mysql`
ERR: 1146:Table 'jsjkxyjs.jsjkxyjs_mysql' doesn't exist
 [ SQL语句 ] : SHOW COLUMNS FROM `jsjkxyjs_mysql`

[ 2016-04-08T08:00:02+08:00 ] ::1 /notebook_php/admin.php/Index/index/menu/1
INFO: [ app_init ] --START--
INFO: Run Behavior\BuildLiteBehavior [ RunTime:0.000000s ]
INFO: [ app_init ] --END-- [ RunTime:0.001001s ]
INFO: [ app_begin ] --START--
INFO: Run Behavior\ReadHtmlCacheBehavior [ RunTime:0.000000s ]
INFO: [ app_begin ] --END-- [ RunTime:0.001000s ]
SQL: SHOW COLUMNS FROM `jsjkxyjs_session` [ RunTime:0.0370s ]
SQL: SELECT * FROM `jsjkxyjs_session` WHERE ( ip='0.0.0.0' ) LIMIT 1   [ RunTime:0.0360s ]
SQL: SHOW COLUMNS FROM `jsjkxyjs_menu` [ RunTime:0.0370s ]
SQL: SELECT * FROM `jsjkxyjs_menu` WHERE `parentid` = 0 AND `app` = 'Admin' AND `status` = 1 AND `hidden` = 0 ORDER BY listorder asc  [ RunTime:0.0370s ]
SQL: SHOW COLUMNS FROM `jsjkxyjs_config` [ RunTime:0.0370s ]
SQL: SELECT * FROM `jsjkxyjs_config`  [ RunTime:0.0370s ]
SQL: SELECT * FROM `jsjkxyjs_menu` WHERE `parentid` = 1 AND `app` = 'Admin' AND `status` = 1 AND `hidden` = 0 ORDER BY listorder asc  [ RunTime:0.0370s ]
SQL: SELECT * FROM `jsjkxyjs_menu` WHERE `parentid` = 11 AND `app` = 'Admin' AND `status` = 1 AND `hidden` = 0 ORDER BY listorder asc  [ RunTime:0.0370s ]
SQL: SHOW COLUMNS FROM `jsjkxyjs_admin_menu` [ RunTime:0.0360s ]
SQL: SELECT * FROM `jsjkxyjs_admin_menu` WHERE `uid` = 1  [ RunTime:0.0360s ]
INFO: [ view_parse ] --START--
INFO: [ template_filter ] --START--
INFO: Run Behavior\ContentReplaceBehavior [ RunTime:0.000000s ]
INFO: [ template_filter ] --END-- [ RunTime:0.000000s ]
INFO: Run Behavior\ParseTemplateBehavior [ RunTime:0.029001s ]
INFO: [ view_parse ] --END-- [ RunTime:0.030001s ]
INFO: [ view_filter ] --START--
INFO: Run Behavior\WriteHtmlCacheBehavior [ RunTime:0.000000s ]
INFO: [ view_filter ] --END-- [ RunTime:0.001000s ]
INFO: [ app_end ] --START--
INFO: Run Behavior\ShowPageTraceBehavior [ RunTime:0.001000s ]
INFO: [ app_end ] --END-- [ RunTime:0.001000s ]

[ 2016-04-08T08:00:05+08:00 ] ::1 /notebook_php/admin.php/Center/index
INFO: [ app_init ] --START--
INFO: Run Behavior\BuildLiteBehavior [ RunTime:0.000000s ]
INFO: [ app_init ] --END-- [ RunTime:0.000000s ]
INFO: [ app_begin ] --START--
INFO: Run Behavior\ReadHtmlCacheBehavior [ RunTime:0.001000s ]
INFO: [ app_begin ] --END-- [ RunTime:0.001000s ]
SQL: SHOW COLUMNS FROM `jsjkxyjs_session` [ RunTime:0.0360s ]
SQL: SELECT * FROM `jsjkxyjs_session` WHERE ( ip='0.0.0.0' ) LIMIT 1   [ RunTime:0.0360s ]
SQL: SHOW COLUMNS FROM `jsjkxyjs_menu` [ RunTime:0.0370s ]
SQL: SELECT * FROM `jsjkxyjs_menu` WHERE `parentid` = 0 AND `app` = 'Admin' AND `status` = 1 AND `hidden` = 0 ORDER BY listorder asc  [ RunTime:0.0370s ]
SQL: SHOW COLUMNS FROM `jsjkxyjs_config` [ RunTime:0.0360s ]
SQL: SELECT * FROM `jsjkxyjs_config`  [ RunTime:0.0360s ]
SQL: SHOW COLUMNS FROM `jsjkxyjs_visit` [ RunTime:0.0350s ]
SQL: SELECT * FROM `jsjkxyjs_visit` WHERE `y` = 16 AND `m` = 4 AND `d` = 1  [ RunTime:0.0360s ]
SQL: SELECT * FROM `jsjkxyjs_visit` WHERE `y` = 16 AND `m` = 4 AND `d` = 2  [ RunTime:0.0360s ]
SQL: SELECT * FROM `jsjkxyjs_visit` WHERE `y` = 16 AND `m` = 4 AND `d` = 3  [ RunTime:0.0360s ]
SQL: SELECT * FROM `jsjkxyjs_visit` WHERE `y` = 16 AND `m` = 4 AND `d` = 4  [ RunTime:0.0360s ]
SQL: SELECT * FROM `jsjkxyjs_visit` WHERE `y` = 16 AND `m` = 4 AND `d` = 5  [ RunTime:0.0360s ]
SQL: SELECT * FROM `jsjkxyjs_visit` WHERE `y` = 16 AND `m` = 4 AND `d` = 6  [ RunTime:0.0360s ]
SQL: SELECT * FROM `jsjkxyjs_visit` WHERE `y` = 16 AND `m` = 4 AND `d` = 7  [ RunTime:0.0360s ]
SQL: SELECT * FROM `jsjkxyjs_visit` WHERE `y` = 16 AND `m` = 4 AND `d` = 8  [ RunTime:0.0360s ]
SQL: SELECT * FROM `jsjkxyjs_visit` WHERE `y` = 16 AND `m` = 4 AND `d` = 9  [ RunTime:0.0360s ]
SQL: SELECT * FROM `jsjkxyjs_visit` WHERE `y` = 16 AND `m` = 4 AND `d` = 10  [ RunTime:0.0360s ]
SQL: SELECT * FROM `jsjkxyjs_visit` WHERE `y` = 16 AND `m` = 4 AND `d` = 11  [ RunTime:0.0360s ]
SQL: SELECT * FROM `jsjkxyjs_visit` WHERE `y` = 16 AND `m` = 4 AND `d` = 12  [ RunTime:0.0360s ]
SQL: SELECT * FROM `jsjkxyjs_visit` WHERE `y` = 16 AND `m` = 4 AND `d` = 13  [ RunTime:0.0360s ]
SQL: SELECT * FROM `jsjkxyjs_visit` WHERE `y` = 16 AND `m` = 4 AND `d` = 14  [ RunTime:0.0360s ]
SQL: SELECT * FROM `jsjkxyjs_visit` WHERE `y` = 16 AND `m` = 4 AND `d` = 15  [ RunTime:0.0360s ]
SQL: SELECT * FROM `jsjkxyjs_visit` WHERE `y` = 16 AND `m` = 4 AND `d` = 16  [ RunTime:0.0360s ]
SQL: SELECT * FROM `jsjkxyjs_visit` WHERE `y` = 16 AND `m` = 4 AND `d` = 17  [ RunTime:0.0360s ]
SQL: SELECT * FROM `jsjkxyjs_visit` WHERE `y` = 16 AND `m` = 4 AND `d` = 18  [ RunTime:0.0360s ]
SQL: SELECT * FROM `jsjkxyjs_visit` WHERE `y` = 16 AND `m` = 4 AND `d` = 19  [ RunTime:0.0360s ]
SQL: SELECT * FROM `jsjkxyjs_visit` WHERE `y` = 16 AND `m` = 4 AND `d` = 20  [ RunTime:0.0360s ]
SQL: SELECT * FROM `jsjkxyjs_visit` WHERE `y` = 16 AND `m` = 4 AND `d` = 21  [ RunTime:0.0360s ]
SQL: SELECT * FROM `jsjkxyjs_visit` WHERE `y` = 16 AND `m` = 4 AND `d` = 22  [ RunTime:0.0360s ]
SQL: SELECT * FROM `jsjkxyjs_visit` WHERE `y` = 16 AND `m` = 4 AND `d` = 23  [ RunTime:0.0360s ]
SQL: SELECT * FROM `jsjkxyjs_visit` WHERE `y` = 16 AND `m` = 4 AND `d` = 24  [ RunTime:0.0360s ]
SQL: SELECT * FROM `jsjkxyjs_visit` WHERE `y` = 16 AND `m` = 4 AND `d` = 25  [ RunTime:0.0360s ]
SQL: SELECT * FROM `jsjkxyjs_visit` WHERE `y` = 16 AND `m` = 4 AND `d` = 26  [ RunTime:0.0360s ]
SQL: SELECT * FROM `jsjkxyjs_visit` WHERE `y` = 16 AND `m` = 4 AND `d` = 27  [ RunTime:0.0360s ]
SQL: SELECT * FROM `jsjkxyjs_visit` WHERE `y` = 16 AND `m` = 4 AND `d` = 28  [ RunTime:0.0360s ]
SQL: SELECT * FROM `jsjkxyjs_visit` WHERE `y` = 16 AND `m` = 4 AND `d` = 29  [ RunTime:0.0360s ]
SQL: SELECT * FROM `jsjkxyjs_visit` WHERE `y` = 16 AND `m` = 4 AND `d` = 30  [ RunTime:0.0360s ]
SQL: SELECT * FROM `jsjkxyjs_visit` WHERE `y` = 16 AND `m` = 4 AND `d` = 31  [ RunTime:0.0360s ]
SQL: SELECT * FROM `jsjkxyjs_visit` WHERE `y` = 16 AND `m` = 3 AND `d` = 1  [ RunTime:0.0360s ]
SQL: SELECT * FROM `jsjkxyjs_visit` WHERE `y` = 16 AND `m` = 3 AND `d` = 2  [ RunTime:0.0360s ]
SQL: SELECT * FROM `jsjkxyjs_visit` WHERE `y` = 16 AND `m` = 3 AND `d` = 3  [ RunTime:0.0360s ]
SQL: SELECT * FROM `jsjkxyjs_visit` WHERE `y` = 16 AND `m` = 3 AND `d` = 4  [ RunTime:0.0360s ]
SQL: SELECT * FROM `jsjkxyjs_visit` WHERE `y` = 16 AND `m` = 3 AND `d` = 5  [ RunTime:0.0360s ]
SQL: SELECT * FROM `jsjkxyjs_visit` WHERE `y` = 16 AND `m` = 3 AND `d` = 6  [ RunTime:0.0360s ]
SQL: SELECT * FROM `jsjkxyjs_visit` WHERE `y` = 16 AND `m` = 3 AND `d` = 7  [ RunTime:0.0360s ]
SQL: SELECT * FROM `jsjkxyjs_visit` WHERE `y` = 16 AND `m` = 3 AND `d` = 8  [ RunTime:0.0360s ]
SQL: SELECT * FROM `jsjkxyjs_visit` WHERE `y` = 16 AND `m` = 3 AND `d` = 9  [ RunTime:0.0360s ]
SQL: SELECT * FROM `jsjkxyjs_visit` WHERE `y` = 16 AND `m` = 3 AND `d` = 10  [ RunTime:0.0360s ]
SQL: SELECT * FROM `jsjkxyjs_visit` WHERE `y` = 16 AND `m` = 3 AND `d` = 11  [ RunTime:0.0360s ]
SQL: SELECT * FROM `jsjkxyjs_visit` WHERE `y` = 16 AND `m` = 3 AND `d` = 12  [ RunTime:0.0360s ]
SQL: SELECT * FROM `jsjkxyjs_visit` WHERE `y` = 16 AND `m` = 3 AND `d` = 13  [ RunTime:0.0360s ]
SQL: SELECT * FROM `jsjkxyjs_visit` WHERE `y` = 16 AND `m` = 3 AND `d` = 14  [ RunTime:0.0360s ]
SQL: SELECT * FROM `jsjkxyjs_visit` WHERE `y` = 16 AND `m` = 3 AND `d` = 15  [ RunTime:0.0360s ]
SQL: SELECT * FROM `jsjkxyjs_visit` WHERE `y` = 16 AND `m` = 3 AND `d` = 16  [ RunTime:0.0360s ]
SQL: SELECT * FROM `jsjkxyjs_visit` WHERE `y` = 16 AND `m` = 3 AND `d` = 17  [ RunTime:0.0360s ]
SQL: SELECT * FROM `jsjkxyjs_visit` WHERE `y` = 16 AND `m` = 3 AND `d` = 18  [ RunTime:0.0360s ]
SQL: SELECT * FROM `jsjkxyjs_visit` WHERE `y` = 16 AND `m` = 3 AND `d` = 19  [ RunTime:0.0360s ]
SQL: SELECT * FROM `jsjkxyjs_visit` WHERE `y` = 16 AND `m` = 3 AND `d` = 20  [ RunTime:0.0360s ]
SQL: SELECT * FROM `jsjkxyjs_visit` WHERE `y` = 16 AND `m` = 3 AND `d` = 21  [ RunTime:0.0360s ]
SQL: SELECT * FROM `jsjkxyjs_visit` WHERE `y` = 16 AND `m` = 3 AND `d` = 22  [ RunTime:0.0360s ]
SQL: SELECT * FROM `jsjkxyjs_visit` WHERE `y` = 16 AND `m` = 3 AND `d` = 23  [ RunTime:0.0360s ]
SQL: SELECT * FROM `jsjkxyjs_visit` WHERE `y` = 16 AND `m` = 3 AND `d` = 24  [ RunTime:0.0360s ]
SQL: SELECT * FROM `jsjkxyjs_visit` WHERE `y` = 16 AND `m` = 3 AND `d` = 25  [ RunTime:0.0360s ]
SQL: SELECT * FROM `jsjkxyjs_visit` WHERE `y` = 16 AND `m` = 3 AND `d` = 26  [ RunTime:0.0360s ]
SQL: SELECT * FROM `jsjkxyjs_visit` WHERE `y` = 16 AND `m` = 3 AND `d` = 27  [ RunTime:0.0360s ]
SQL: SELECT * FROM `jsjkxyjs_visit` WHERE `y` = 16 AND `m` = 3 AND `d` = 28  [ RunTime:0.0370s ]
SQL: SELECT * FROM `jsjkxyjs_visit` WHERE `y` = 16 AND `m` = 3 AND `d` = 29  [ RunTime:0.0360s ]
SQL: SELECT * FROM `jsjkxyjs_visit` WHERE `y` = 16 AND `m` = 3 AND `d` = 30  [ RunTime:0.0360s ]
SQL: SELECT * FROM `jsjkxyjs_visit` WHERE `y` = 16 AND `m` = 3 AND `d` = 31  [ RunTime:0.0360s ]
ERR: 1146:Table 'jsjkxyjs.jsjkxyjs_mysql' doesn't exist
 [ SQL语句 ] : SHOW COLUMNS FROM `jsjkxyjs_mysql`
ERR: 1146:Table 'jsjkxyjs.jsjkxyjs_mysql' doesn't exist
 [ SQL语句 ] : SHOW COLUMNS FROM `jsjkxyjs_mysql`

[ 2016-04-08T08:00:09+08:00 ] ::1 /notebook_php/admin.php/Index/index/menu/2
INFO: [ app_init ] --START--
INFO: Run Behavior\BuildLiteBehavior [ RunTime:0.000000s ]
INFO: [ app_init ] --END-- [ RunTime:0.000000s ]
INFO: [ app_begin ] --START--
INFO: Run Behavior\ReadHtmlCacheBehavior [ RunTime:0.001000s ]
INFO: [ app_begin ] --END-- [ RunTime:0.001000s ]
SQL: SHOW COLUMNS FROM `jsjkxyjs_session` [ RunTime:0.0410s ]
SQL: SELECT * FROM `jsjkxyjs_session` WHERE ( ip='0.0.0.0' ) LIMIT 1   [ RunTime:0.0400s ]
SQL: SHOW COLUMNS FROM `jsjkxyjs_menu` [ RunTime:0.0410s ]
SQL: SELECT * FROM `jsjkxyjs_menu` WHERE `parentid` = 0 AND `app` = 'Admin' AND `status` = 1 AND `hidden` = 0 ORDER BY listorder asc  [ RunTime:0.0410s ]
SQL: SHOW COLUMNS FROM `jsjkxyjs_config` [ RunTime:0.0420s ]
SQL: SELECT * FROM `jsjkxyjs_config`  [ RunTime:0.0420s ]
SQL: SELECT * FROM `jsjkxyjs_menu` WHERE `parentid` = 2 AND `app` = 'Admin' AND `status` = 1 AND `hidden` = 0 ORDER BY listorder asc  [ RunTime:0.0400s ]
SQL: SELECT * FROM `jsjkxyjs_menu` WHERE `parentid` = 12 AND `app` = 'Admin' AND `status` = 1 AND `hidden` = 0 ORDER BY listorder asc  [ RunTime:0.0400s ]
SQL: SELECT * FROM `jsjkxyjs_menu` WHERE `parentid` = 21 AND `app` = 'Admin' AND `status` = 1 AND `hidden` = 0 ORDER BY listorder asc  [ RunTime:0.0410s ]
SQL: SELECT * FROM `jsjkxyjs_menu` WHERE `parentid` = 33 AND `app` = 'Admin' AND `status` = 1 AND `hidden` = 0 ORDER BY listorder asc  [ RunTime:0.0400s ]
INFO: [ view_parse ] --START--
INFO: [ template_filter ] --START--
INFO: Run Behavior\ContentReplaceBehavior [ RunTime:0.000000s ]
INFO: [ template_filter ] --END-- [ RunTime:0.000000s ]
INFO: Run Behavior\ParseTemplateBehavior [ RunTime:0.030002s ]
INFO: [ view_parse ] --END-- [ RunTime:0.032002s ]
INFO: [ view_filter ] --START--
INFO: Run Behavior\WriteHtmlCacheBehavior [ RunTime:0.001000s ]
INFO: [ view_filter ] --END-- [ RunTime:0.001000s ]
INFO: [ app_end ] --START--
INFO: Run Behavior\ShowPageTraceBehavior [ RunTime:0.001000s ]
INFO: [ app_end ] --END-- [ RunTime:0.003000s ]

[ 2016-04-08T08:00:12+08:00 ] ::1 /notebook_php/admin.php/Center/index
INFO: [ app_init ] --START--
INFO: Run Behavior\BuildLiteBehavior [ RunTime:0.000000s ]
INFO: [ app_init ] --END-- [ RunTime:0.001000s ]
INFO: [ app_begin ] --START--
INFO: Run Behavior\ReadHtmlCacheBehavior [ RunTime:0.001000s ]
INFO: [ app_begin ] --END-- [ RunTime:0.001000s ]
SQL: SHOW COLUMNS FROM `jsjkxyjs_session` [ RunTime:0.0370s ]
SQL: SELECT * FROM `jsjkxyjs_session` WHERE ( ip='0.0.0.0' ) LIMIT 1   [ RunTime:0.0360s ]
SQL: SHOW COLUMNS FROM `jsjkxyjs_menu` [ RunTime:0.0370s ]
SQL: SELECT * FROM `jsjkxyjs_menu` WHERE `parentid` = 0 AND `app` = 'Admin' AND `status` = 1 AND `hidden` = 0 ORDER BY listorder asc  [ RunTime:0.0370s ]
SQL: SHOW COLUMNS FROM `jsjkxyjs_config` [ RunTime:0.0370s ]
SQL: SELECT * FROM `jsjkxyjs_config`  [ RunTime:0.0380s ]
SQL: SHOW COLUMNS FROM `jsjkxyjs_visit` [ RunTime:0.0370s ]
SQL: SELECT * FROM `jsjkxyjs_visit` WHERE `y` = 16 AND `m` = 4 AND `d` = 1  [ RunTime:0.0360s ]
SQL: SELECT * FROM `jsjkxyjs_visit` WHERE `y` = 16 AND `m` = 4 AND `d` = 2  [ RunTime:0.0380s ]
SQL: SELECT * FROM `jsjkxyjs_visit` WHERE `y` = 16 AND `m` = 4 AND `d` = 3  [ RunTime:0.0360s ]
SQL: SELECT * FROM `jsjkxyjs_visit` WHERE `y` = 16 AND `m` = 4 AND `d` = 4  [ RunTime:0.0370s ]
SQL: SELECT * FROM `jsjkxyjs_visit` WHERE `y` = 16 AND `m` = 4 AND `d` = 5  [ RunTime:0.0360s ]
SQL: SELECT * FROM `jsjkxyjs_visit` WHERE `y` = 16 AND `m` = 4 AND `d` = 6  [ RunTime:0.0360s ]
SQL: SELECT * FROM `jsjkxyjs_visit` WHERE `y` = 16 AND `m` = 4 AND `d` = 7  [ RunTime:0.0370s ]
SQL: SELECT * FROM `jsjkxyjs_visit` WHERE `y` = 16 AND `m` = 4 AND `d` = 8  [ RunTime:0.0360s ]
SQL: SELECT * FROM `jsjkxyjs_visit` WHERE `y` = 16 AND `m` = 4 AND `d` = 9  [ RunTime:0.0360s ]
SQL: SELECT * FROM `jsjkxyjs_visit` WHERE `y` = 16 AND `m` = 4 AND `d` = 10  [ RunTime:0.0370s ]
SQL: SELECT * FROM `jsjkxyjs_visit` WHERE `y` = 16 AND `m` = 4 AND `d` = 11  [ RunTime:0.0370s ]
SQL: SELECT * FROM `jsjkxyjs_visit` WHERE `y` = 16 AND `m` = 4 AND `d` = 12  [ RunTime:0.0360s ]
SQL: SELECT * FROM `jsjkxyjs_visit` WHERE `y` = 16 AND `m` = 4 AND `d` = 13  [ RunTime:0.0360s ]
SQL: SELECT * FROM `jsjkxyjs_visit` WHERE `y` = 16 AND `m` = 4 AND `d` = 14  [ RunTime:0.0360s ]
SQL: SELECT * FROM `jsjkxyjs_visit` WHERE `y` = 16 AND `m` = 4 AND `d` = 15  [ RunTime:0.0360s ]
SQL: SELECT * FROM `jsjkxyjs_visit` WHERE `y` = 16 AND `m` = 4 AND `d` = 16  [ RunTime:0.0360s ]
SQL: SELECT * FROM `jsjkxyjs_visit` WHERE `y` = 16 AND `m` = 4 AND `d` = 17  [ RunTime:0.0360s ]
SQL: SELECT * FROM `jsjkxyjs_visit` WHERE `y` = 16 AND `m` = 4 AND `d` = 18  [ RunTime:0.0360s ]
SQL: SELECT * FROM `jsjkxyjs_visit` WHERE `y` = 16 AND `m` = 4 AND `d` = 19  [ RunTime:0.0370s ]
SQL: SELECT * FROM `jsjkxyjs_visit` WHERE `y` = 16 AND `m` = 4 AND `d` = 20  [ RunTime:0.0360s ]
SQL: SELECT * FROM `jsjkxyjs_visit` WHERE `y` = 16 AND `m` = 4 AND `d` = 21  [ RunTime:0.0360s ]
SQL: SELECT * FROM `jsjkxyjs_visit` WHERE `y` = 16 AND `m` = 4 AND `d` = 22  [ RunTime:0.0370s ]
SQL: SELECT * FROM `jsjkxyjs_visit` WHERE `y` = 16 AND `m` = 4 AND `d` = 23  [ RunTime:0.0370s ]
SQL: SELECT * FROM `jsjkxyjs_visit` WHERE `y` = 16 AND `m` = 4 AND `d` = 24  [ RunTime:0.0370s ]
SQL: SELECT * FROM `jsjkxyjs_visit` WHERE `y` = 16 AND `m` = 4 AND `d` = 25  [ RunTime:0.0370s ]
SQL: SELECT * FROM `jsjkxyjs_visit` WHERE `y` = 16 AND `m` = 4 AND `d` = 26  [ RunTime:0.0370s ]
SQL: SELECT * FROM `jsjkxyjs_visit` WHERE `y` = 16 AND `m` = 4 AND `d` = 27  [ RunTime:0.0360s ]
SQL: SELECT * FROM `jsjkxyjs_visit` WHERE `y` = 16 AND `m` = 4 AND `d` = 28  [ RunTime:0.0370s ]
SQL: SELECT * FROM `jsjkxyjs_visit` WHERE `y` = 16 AND `m` = 4 AND `d` = 29  [ RunTime:0.0360s ]
SQL: SELECT * FROM `jsjkxyjs_visit` WHERE `y` = 16 AND `m` = 4 AND `d` = 30  [ RunTime:0.0360s ]
SQL: SELECT * FROM `jsjkxyjs_visit` WHERE `y` = 16 AND `m` = 4 AND `d` = 31  [ RunTime:0.0370s ]
SQL: SELECT * FROM `jsjkxyjs_visit` WHERE `y` = 16 AND `m` = 3 AND `d` = 1  [ RunTime:0.0370s ]
SQL: SELECT * FROM `jsjkxyjs_visit` WHERE `y` = 16 AND `m` = 3 AND `d` = 2  [ RunTime:0.0370s ]
SQL: SELECT * FROM `jsjkxyjs_visit` WHERE `y` = 16 AND `m` = 3 AND `d` = 3  [ RunTime:0.0370s ]
SQL: SELECT * FROM `jsjkxyjs_visit` WHERE `y` = 16 AND `m` = 3 AND `d` = 4  [ RunTime:0.0360s ]
SQL: SELECT * FROM `jsjkxyjs_visit` WHERE `y` = 16 AND `m` = 3 AND `d` = 5  [ RunTime:0.0360s ]
SQL: SELECT * FROM `jsjkxyjs_visit` WHERE `y` = 16 AND `m` = 3 AND `d` = 6  [ RunTime:0.0370s ]
SQL: SELECT * FROM `jsjkxyjs_visit` WHERE `y` = 16 AND `m` = 3 AND `d` = 7  [ RunTime:0.0370s ]
SQL: SELECT * FROM `jsjkxyjs_visit` WHERE `y` = 16 AND `m` = 3 AND `d` = 8  [ RunTime:0.0370s ]
SQL: SELECT * FROM `jsjkxyjs_visit` WHERE `y` = 16 AND `m` = 3 AND `d` = 9  [ RunTime:0.0370s ]
SQL: SELECT * FROM `jsjkxyjs_visit` WHERE `y` = 16 AND `m` = 3 AND `d` = 10  [ RunTime:0.0370s ]
SQL: SELECT * FROM `jsjkxyjs_visit` WHERE `y` = 16 AND `m` = 3 AND `d` = 11  [ RunTime:0.0370s ]
SQL: SELECT * FROM `jsjkxyjs_visit` WHERE `y` = 16 AND `m` = 3 AND `d` = 12  [ RunTime:0.0360s ]
SQL: SELECT * FROM `jsjkxyjs_visit` WHERE `y` = 16 AND `m` = 3 AND `d` = 13  [ RunTime:0.0360s ]
SQL: SELECT * FROM `jsjkxyjs_visit` WHERE `y` = 16 AND `m` = 3 AND `d` = 14  [ RunTime:0.0360s ]
SQL: SELECT * FROM `jsjkxyjs_visit` WHERE `y` = 16 AND `m` = 3 AND `d` = 15  [ RunTime:0.0360s ]
SQL: SELECT * FROM `jsjkxyjs_visit` WHERE `y` = 16 AND `m` = 3 AND `d` = 16  [ RunTime:0.0360s ]
SQL: SELECT * FROM `jsjkxyjs_visit` WHERE `y` = 16 AND `m` = 3 AND `d` = 17  [ RunTime:0.0370s ]
SQL: SELECT * FROM `jsjkxyjs_visit` WHERE `y` = 16 AND `m` = 3 AND `d` = 18  [ RunTime:0.0370s ]
SQL: SELECT * FROM `jsjkxyjs_visit` WHERE `y` = 16 AND `m` = 3 AND `d` = 19  [ RunTime:0.0370s ]
SQL: SELECT * FROM `jsjkxyjs_visit` WHERE `y` = 16 AND `m` = 3 AND `d` = 20  [ RunTime:0.0370s ]
SQL: SELECT * FROM `jsjkxyjs_visit` WHERE `y` = 16 AND `m` = 3 AND `d` = 21  [ RunTime:0.0370s ]
SQL: SELECT * FROM `jsjkxyjs_visit` WHERE `y` = 16 AND `m` = 3 AND `d` = 22  [ RunTime:0.0370s ]
SQL: SELECT * FROM `jsjkxyjs_visit` WHERE `y` = 16 AND `m` = 3 AND `d` = 23  [ RunTime:0.0360s ]
SQL: SELECT * FROM `jsjkxyjs_visit` WHERE `y` = 16 AND `m` = 3 AND `d` = 24  [ RunTime:0.0370s ]
SQL: SELECT * FROM `jsjkxyjs_visit` WHERE `y` = 16 AND `m` = 3 AND `d` = 25  [ RunTime:0.0360s ]
SQL: SELECT * FROM `jsjkxyjs_visit` WHERE `y` = 16 AND `m` = 3 AND `d` = 26  [ RunTime:0.0370s ]
SQL: SELECT * FROM `jsjkxyjs_visit` WHERE `y` = 16 AND `m` = 3 AND `d` = 27  [ RunTime:0.0370s ]
SQL: SELECT * FROM `jsjkxyjs_visit` WHERE `y` = 16 AND `m` = 3 AND `d` = 28  [ RunTime:0.0360s ]
SQL: SELECT * FROM `jsjkxyjs_visit` WHERE `y` = 16 AND `m` = 3 AND `d` = 29  [ RunTime:0.0370s ]
SQL: SELECT * FROM `jsjkxyjs_visit` WHERE `y` = 16 AND `m` = 3 AND `d` = 30  [ RunTime:0.0370s ]
SQL: SELECT * FROM `jsjkxyjs_visit` WHERE `y` = 16 AND `m` = 3 AND `d` = 31  [ RunTime:0.0360s ]
ERR: 1146:Table 'jsjkxyjs.jsjkxyjs_mysql' doesn't exist
 [ SQL语句 ] : SHOW COLUMNS FROM `jsjkxyjs_mysql`
ERR: 1146:Table 'jsjkxyjs.jsjkxyjs_mysql' doesn't exist
 [ SQL语句 ] : SHOW COLUMNS FROM `jsjkxyjs_mysql`

[ 2016-04-08T08:22:32+08:00 ] ::1 /notebook_php/admin.php/Center/index
INFO: [ app_init ] --START--
INFO: Run Behavior\BuildLiteBehavior [ RunTime:0.000000s ]
INFO: [ app_init ] --END-- [ RunTime:0.004001s ]
INFO: [ app_begin ] --START--
INFO: Run Behavior\ReadHtmlCacheBehavior [ RunTime:0.002000s ]
INFO: [ app_begin ] --END-- [ RunTime:0.002000s ]
SQL: SHOW COLUMNS FROM `jsjkxyjs_session` [ RunTime:0.0400s ]
SQL: SELECT * FROM `jsjkxyjs_session` WHERE ( ip='0.0.0.0' ) LIMIT 1   [ RunTime:0.0390s ]
SQL: SHOW COLUMNS FROM `jsjkxyjs_menu` [ RunTime:0.0410s ]
SQL: SELECT * FROM `jsjkxyjs_menu` WHERE `parentid` = 0 AND `app` = 'Admin' AND `status` = 1 AND `hidden` = 0 ORDER BY listorder asc  [ RunTime:0.0400s ]
SQL: SHOW COLUMNS FROM `jsjkxyjs_config` [ RunTime:0.0400s ]
SQL: SELECT * FROM `jsjkxyjs_config`  [ RunTime:0.0400s ]
SQL: SHOW COLUMNS FROM `jsjkxyjs_visit` [ RunTime:0.0400s ]
SQL: SELECT * FROM `jsjkxyjs_visit` WHERE `y` = 16 AND `m` = 4 AND `d` = 1  [ RunTime:0.0390s ]
SQL: SELECT * FROM `jsjkxyjs_visit` WHERE `y` = 16 AND `m` = 4 AND `d` = 2  [ RunTime:0.0390s ]
SQL: SELECT * FROM `jsjkxyjs_visit` WHERE `y` = 16 AND `m` = 4 AND `d` = 3  [ RunTime:0.0400s ]
SQL: SELECT * FROM `jsjkxyjs_visit` WHERE `y` = 16 AND `m` = 4 AND `d` = 4  [ RunTime:0.0400s ]
SQL: SELECT * FROM `jsjkxyjs_visit` WHERE `y` = 16 AND `m` = 4 AND `d` = 5  [ RunTime:0.0390s ]
SQL: SELECT * FROM `jsjkxyjs_visit` WHERE `y` = 16 AND `m` = 4 AND `d` = 6  [ RunTime:0.0390s ]
SQL: SELECT * FROM `jsjkxyjs_visit` WHERE `y` = 16 AND `m` = 4 AND `d` = 7  [ RunTime:0.0390s ]
SQL: SELECT * FROM `jsjkxyjs_visit` WHERE `y` = 16 AND `m` = 4 AND `d` = 8  [ RunTime:0.0480s ]
SQL: SELECT * FROM `jsjkxyjs_visit` WHERE `y` = 16 AND `m` = 4 AND `d` = 9  [ RunTime:0.0390s ]
SQL: SELECT * FROM `jsjkxyjs_visit` WHERE `y` = 16 AND `m` = 4 AND `d` = 10  [ RunTime:0.0390s ]
SQL: SELECT * FROM `jsjkxyjs_visit` WHERE `y` = 16 AND `m` = 4 AND `d` = 11  [ RunTime:0.0390s ]
SQL: SELECT * FROM `jsjkxyjs_visit` WHERE `y` = 16 AND `m` = 4 AND `d` = 12  [ RunTime:0.0400s ]
SQL: SELECT * FROM `jsjkxyjs_visit` WHERE `y` = 16 AND `m` = 4 AND `d` = 13  [ RunTime:0.0390s ]
SQL: SELECT * FROM `jsjkxyjs_visit` WHERE `y` = 16 AND `m` = 4 AND `d` = 14  [ RunTime:0.0400s ]
SQL: SELECT * FROM `jsjkxyjs_visit` WHERE `y` = 16 AND `m` = 4 AND `d` = 15  [ RunTime:0.0390s ]
SQL: SELECT * FROM `jsjkxyjs_visit` WHERE `y` = 16 AND `m` = 4 AND `d` = 16  [ RunTime:0.0410s ]
SQL: SELECT * FROM `jsjkxyjs_visit` WHERE `y` = 16 AND `m` = 4 AND `d` = 17  [ RunTime:0.0390s ]
SQL: SELECT * FROM `jsjkxyjs_visit` WHERE `y` = 16 AND `m` = 4 AND `d` = 18  [ RunTime:0.0390s ]
SQL: SELECT * FROM `jsjkxyjs_visit` WHERE `y` = 16 AND `m` = 4 AND `d` = 19  [ RunTime:0.0390s ]
SQL: SELECT * FROM `jsjkxyjs_visit` WHERE `y` = 16 AND `m` = 4 AND `d` = 20  [ RunTime:0.0390s ]
SQL: SELECT * FROM `jsjkxyjs_visit` WHERE `y` = 16 AND `m` = 4 AND `d` = 21  [ RunTime:0.0400s ]
SQL: SELECT * FROM `jsjkxyjs_visit` WHERE `y` = 16 AND `m` = 4 AND `d` = 22  [ RunTime:0.0400s ]
SQL: SELECT * FROM `jsjkxyjs_visit` WHERE `y` = 16 AND `m` = 4 AND `d` = 23  [ RunTime:0.0390s ]
SQL: SELECT * FROM `jsjkxyjs_visit` WHERE `y` = 16 AND `m` = 4 AND `d` = 24  [ RunTime:0.0410s ]
SQL: SELECT * FROM `jsjkxyjs_visit` WHERE `y` = 16 AND `m` = 4 AND `d` = 25  [ RunTime:0.0400s ]
SQL: SELECT * FROM `jsjkxyjs_visit` WHERE `y` = 16 AND `m` = 4 AND `d` = 26  [ RunTime:0.0390s ]
SQL: SELECT * FROM `jsjkxyjs_visit` WHERE `y` = 16 AND `m` = 4 AND `d` = 27  [ RunTime:0.0390s ]
SQL: SELECT * FROM `jsjkxyjs_visit` WHERE `y` = 16 AND `m` = 4 AND `d` = 28  [ RunTime:0.0400s ]
SQL: SELECT * FROM `jsjkxyjs_visit` WHERE `y` = 16 AND `m` = 4 AND `d` = 29  [ RunTime:0.0390s ]
SQL: SELECT * FROM `jsjkxyjs_visit` WHERE `y` = 16 AND `m` = 4 AND `d` = 30  [ RunTime:0.0410s ]
SQL: SELECT * FROM `jsjkxyjs_visit` WHERE `y` = 16 AND `m` = 4 AND `d` = 31  [ RunTime:0.0390s ]
SQL: SELECT * FROM `jsjkxyjs_visit` WHERE `y` = 16 AND `m` = 3 AND `d` = 1  [ RunTime:0.0390s ]
SQL: SELECT * FROM `jsjkxyjs_visit` WHERE `y` = 16 AND `m` = 3 AND `d` = 2  [ RunTime:0.0390s ]
SQL: SELECT * FROM `jsjkxyjs_visit` WHERE `y` = 16 AND `m` = 3 AND `d` = 3  [ RunTime:0.0390s ]
SQL: SELECT * FROM `jsjkxyjs_visit` WHERE `y` = 16 AND `m` = 3 AND `d` = 4  [ RunTime:0.0410s ]
SQL: SELECT * FROM `jsjkxyjs_visit` WHERE `y` = 16 AND `m` = 3 AND `d` = 5  [ RunTime:0.0390s ]
SQL: SELECT * FROM `jsjkxyjs_visit` WHERE `y` = 16 AND `m` = 3 AND `d` = 6  [ RunTime:0.0400s ]
SQL: SELECT * FROM `jsjkxyjs_visit` WHERE `y` = 16 AND `m` = 3 AND `d` = 7  [ RunTime:0.0400s ]
SQL: SELECT * FROM `jsjkxyjs_visit` WHERE `y` = 16 AND `m` = 3 AND `d` = 8  [ RunTime:0.0390s ]
SQL: SELECT * FROM `jsjkxyjs_visit` WHERE `y` = 16 AND `m` = 3 AND `d` = 9  [ RunTime:0.0390s ]
SQL: SELECT * FROM `jsjkxyjs_visit` WHERE `y` = 16 AND `m` = 3 AND `d` = 10  [ RunTime:0.0400s ]
SQL: SELECT * FROM `jsjkxyjs_visit` WHERE `y` = 16 AND `m` = 3 AND `d` = 11  [ RunTime:0.0390s ]
SQL: SELECT * FROM `jsjkxyjs_visit` WHERE `y` = 16 AND `m` = 3 AND `d` = 12  [ RunTime:0.0390s ]
SQL: SELECT * FROM `jsjkxyjs_visit` WHERE `y` = 16 AND `m` = 3 AND `d` = 13  [ RunTime:0.0400s ]
SQL: SELECT * FROM `jsjkxyjs_visit` WHERE `y` = 16 AND `m` = 3 AND `d` = 14  [ RunTime:0.0390s ]
SQL: SELECT * FROM `jsjkxyjs_visit` WHERE `y` = 16 AND `m` = 3 AND `d` = 15  [ RunTime:0.0390s ]
SQL: SELECT * FROM `jsjkxyjs_visit` WHERE `y` = 16 AND `m` = 3 AND `d` = 16  [ RunTime:0.0390s ]
SQL: SELECT * FROM `jsjkxyjs_visit` WHERE `y` = 16 AND `m` = 3 AND `d` = 17  [ RunTime:0.0400s ]
SQL: SELECT * FROM `jsjkxyjs_visit` WHERE `y` = 16 AND `m` = 3 AND `d` = 18  [ RunTime:0.0390s ]
SQL: SELECT * FROM `jsjkxyjs_visit` WHERE `y` = 16 AND `m` = 3 AND `d` = 19  [ RunTime:0.0390s ]
SQL: SELECT * FROM `jsjkxyjs_visit` WHERE `y` = 16 AND `m` = 3 AND `d` = 20  [ RunTime:0.0390s ]
SQL: SELECT * FROM `jsjkxyjs_visit` WHERE `y` = 16 AND `m` = 3 AND `d` = 21  [ RunTime:0.0400s ]
SQL: SELECT * FROM `jsjkxyjs_visit` WHERE `y` = 16 AND `m` = 3 AND `d` = 22  [ RunTime:0.0390s ]
SQL: SELECT * FROM `jsjkxyjs_visit` WHERE `y` = 16 AND `m` = 3 AND `d` = 23  [ RunTime:0.0390s ]
SQL: SELECT * FROM `jsjkxyjs_visit` WHERE `y` = 16 AND `m` = 3 AND `d` = 24  [ RunTime:0.0400s ]
SQL: SELECT * FROM `jsjkxyjs_visit` WHERE `y` = 16 AND `m` = 3 AND `d` = 25  [ RunTime:0.0400s ]
SQL: SELECT * FROM `jsjkxyjs_visit` WHERE `y` = 16 AND `m` = 3 AND `d` = 26  [ RunTime:0.0400s ]
SQL: SELECT * FROM `jsjkxyjs_visit` WHERE `y` = 16 AND `m` = 3 AND `d` = 27  [ RunTime:0.0390s ]
SQL: SELECT * FROM `jsjkxyjs_visit` WHERE `y` = 16 AND `m` = 3 AND `d` = 28  [ RunTime:0.0400s ]
SQL: SELECT * FROM `jsjkxyjs_visit` WHERE `y` = 16 AND `m` = 3 AND `d` = 29  [ RunTime:0.0400s ]
SQL: SELECT * FROM `jsjkxyjs_visit` WHERE `y` = 16 AND `m` = 3 AND `d` = 30  [ RunTime:0.0460s ]
SQL: SELECT * FROM `jsjkxyjs_visit` WHERE `y` = 16 AND `m` = 3 AND `d` = 31  [ RunTime:0.0400s ]
ERR: 1146:Table 'jsjkxyjs.jsjkxyjs_mysql' doesn't exist
 [ SQL语句 ] : SHOW COLUMNS FROM `jsjkxyjs_mysql`
ERR: 1146:Table 'jsjkxyjs.jsjkxyjs_mysql' doesn't exist
 [ SQL语句 ] : SHOW COLUMNS FROM `jsjkxyjs_mysql`

[ 2016-04-08T08:22:50+08:00 ] ::1 /notebook_php/admin.php/Index/index/menu/2
INFO: [ app_init ] --START--
INFO: Run Behavior\BuildLiteBehavior [ RunTime:0.000000s ]
INFO: [ app_init ] --END-- [ RunTime:0.001001s ]
INFO: [ app_begin ] --START--
INFO: Run Behavior\ReadHtmlCacheBehavior [ RunTime:0.002000s ]
INFO: [ app_begin ] --END-- [ RunTime:0.002000s ]
SQL: SHOW COLUMNS FROM `jsjkxyjs_session` [ RunTime:0.0390s ]
SQL: SELECT * FROM `jsjkxyjs_session` WHERE ( ip='0.0.0.0' ) LIMIT 1   [ RunTime:0.0380s ]
SQL: SHOW COLUMNS FROM `jsjkxyjs_menu` [ RunTime:0.0390s ]
SQL: SELECT * FROM `jsjkxyjs_menu` WHERE `parentid` = 0 AND `app` = 'Admin' AND `status` = 1 AND `hidden` = 0 ORDER BY listorder asc  [ RunTime:0.0380s ]
SQL: SHOW COLUMNS FROM `jsjkxyjs_config` [ RunTime:0.0390s ]
SQL: SELECT * FROM `jsjkxyjs_config`  [ RunTime:0.0380s ]
SQL: SELECT * FROM `jsjkxyjs_menu` WHERE `parentid` = 2 AND `app` = 'Admin' AND `status` = 1 AND `hidden` = 0 ORDER BY listorder asc  [ RunTime:0.0380s ]
SQL: SELECT * FROM `jsjkxyjs_menu` WHERE `parentid` = 12 AND `app` = 'Admin' AND `status` = 1 AND `hidden` = 0 ORDER BY listorder asc  [ RunTime:0.0390s ]
SQL: SELECT * FROM `jsjkxyjs_menu` WHERE `parentid` = 21 AND `app` = 'Admin' AND `status` = 1 AND `hidden` = 0 ORDER BY listorder asc  [ RunTime:0.0380s ]
SQL: SELECT * FROM `jsjkxyjs_menu` WHERE `parentid` = 33 AND `app` = 'Admin' AND `status` = 1 AND `hidden` = 0 ORDER BY listorder asc  [ RunTime:0.0390s ]
INFO: [ view_parse ] --START--
INFO: [ template_filter ] --START--
INFO: Run Behavior\ContentReplaceBehavior [ RunTime:0.000000s ]
INFO: [ template_filter ] --END-- [ RunTime:0.001000s ]
INFO: Run Behavior\ParseTemplateBehavior [ RunTime:0.052003s ]
INFO: [ view_parse ] --END-- [ RunTime:0.052003s ]
INFO: [ view_filter ] --START--
INFO: Run Behavior\WriteHtmlCacheBehavior [ RunTime:0.033001s ]
INFO: [ view_filter ] --END-- [ RunTime:0.034001s ]
INFO: [ app_end ] --START--
INFO: Run Behavior\ShowPageTraceBehavior [ RunTime:0.005001s ]
INFO: [ app_end ] --END-- [ RunTime:0.005001s ]

[ 2016-04-08T08:22:53+08:00 ] ::1 /notebook_php/admin.php/Center/index
INFO: [ app_init ] --START--
INFO: Run Behavior\BuildLiteBehavior [ RunTime:0.000000s ]
INFO: [ app_init ] --END-- [ RunTime:0.001000s ]
INFO: [ app_begin ] --START--
INFO: Run Behavior\ReadHtmlCacheBehavior [ RunTime:0.002000s ]
INFO: [ app_begin ] --END-- [ RunTime:0.002000s ]
SQL: SHOW COLUMNS FROM `jsjkxyjs_session` [ RunTime:0.0370s ]
SQL: SELECT * FROM `jsjkxyjs_session` WHERE ( ip='0.0.0.0' ) LIMIT 1   [ RunTime:0.0370s ]
SQL: SHOW COLUMNS FROM `jsjkxyjs_menu` [ RunTime:0.0380s ]
SQL: SELECT * FROM `jsjkxyjs_menu` WHERE `parentid` = 0 AND `app` = 'Admin' AND `status` = 1 AND `hidden` = 0 ORDER BY listorder asc  [ RunTime:0.0370s ]
SQL: SHOW COLUMNS FROM `jsjkxyjs_config` [ RunTime:0.0370s ]
SQL: SELECT * FROM `jsjkxyjs_config`  [ RunTime:0.0370s ]
SQL: SHOW COLUMNS FROM `jsjkxyjs_visit` [ RunTime:0.0370s ]
SQL: SELECT * FROM `jsjkxyjs_visit` WHERE `y` = 16 AND `m` = 4 AND `d` = 1  [ RunTime:0.0360s ]
SQL: SELECT * FROM `jsjkxyjs_visit` WHERE `y` = 16 AND `m` = 4 AND `d` = 2  [ RunTime:0.0370s ]
SQL: SELECT * FROM `jsjkxyjs_visit` WHERE `y` = 16 AND `m` = 4 AND `d` = 3  [ RunTime:0.0370s ]
SQL: SELECT * FROM `jsjkxyjs_visit` WHERE `y` = 16 AND `m` = 4 AND `d` = 4  [ RunTime:0.0370s ]
SQL: SELECT * FROM `jsjkxyjs_visit` WHERE `y` = 16 AND `m` = 4 AND `d` = 5  [ RunTime:0.0370s ]
SQL: SELECT * FROM `jsjkxyjs_visit` WHERE `y` = 16 AND `m` = 4 AND `d` = 6  [ RunTime:0.0370s ]
SQL: SELECT * FROM `jsjkxyjs_visit` WHERE `y` = 16 AND `m` = 4 AND `d` = 7  [ RunTime:0.0370s ]
SQL: SELECT * FROM `jsjkxyjs_visit` WHERE `y` = 16 AND `m` = 4 AND `d` = 8  [ RunTime:0.0370s ]
SQL: SELECT * FROM `jsjkxyjs_visit` WHERE `y` = 16 AND `m` = 4 AND `d` = 9  [ RunTime:0.0370s ]
SQL: SELECT * FROM `jsjkxyjs_visit` WHERE `y` = 16 AND `m` = 4 AND `d` = 10  [ RunTime:0.0370s ]
SQL: SELECT * FROM `jsjkxyjs_visit` WHERE `y` = 16 AND `m` = 4 AND `d` = 11  [ RunTime:0.0360s ]
SQL: SELECT * FROM `jsjkxyjs_visit` WHERE `y` = 16 AND `m` = 4 AND `d` = 12  [ RunTime:0.0370s ]
SQL: SELECT * FROM `jsjkxyjs_visit` WHERE `y` = 16 AND `m` = 4 AND `d` = 13  [ RunTime:0.0370s ]
SQL: SELECT * FROM `jsjkxyjs_visit` WHERE `y` = 16 AND `m` = 4 AND `d` = 14  [ RunTime:0.0370s ]
SQL: SELECT * FROM `jsjkxyjs_visit` WHERE `y` = 16 AND `m` = 4 AND `d` = 15  [ RunTime:0.0370s ]
SQL: SELECT * FROM `jsjkxyjs_visit` WHERE `y` = 16 AND `m` = 4 AND `d` = 16  [ RunTime:0.0370s ]
SQL: SELECT * FROM `jsjkxyjs_visit` WHERE `y` = 16 AND `m` = 4 AND `d` = 17  [ RunTime:0.0370s ]
SQL: SELECT * FROM `jsjkxyjs_visit` WHERE `y` = 16 AND `m` = 4 AND `d` = 18  [ RunTime:0.0370s ]
SQL: SELECT * FROM `jsjkxyjs_visit` WHERE `y` = 16 AND `m` = 4 AND `d` = 19  [ RunTime:0.0360s ]
SQL: SELECT * FROM `jsjkxyjs_visit` WHERE `y` = 16 AND `m` = 4 AND `d` = 20  [ RunTime:0.0370s ]
SQL: SELECT * FROM `jsjkxyjs_visit` WHERE `y` = 16 AND `m` = 4 AND `d` = 21  [ RunTime:0.0370s ]
SQL: SELECT * FROM `jsjkxyjs_visit` WHERE `y` = 16 AND `m` = 4 AND `d` = 22  [ RunTime:0.0370s ]
SQL: SELECT * FROM `jsjkxyjs_visit` WHERE `y` = 16 AND `m` = 4 AND `d` = 23  [ RunTime:0.0370s ]
SQL: SELECT * FROM `jsjkxyjs_visit` WHERE `y` = 16 AND `m` = 4 AND `d` = 24  [ RunTime:0.0370s ]
SQL: SELECT * FROM `jsjkxyjs_visit` WHERE `y` = 16 AND `m` = 4 AND `d` = 25  [ RunTime:0.0370s ]
SQL: SELECT * FROM `jsjkxyjs_visit` WHERE `y` = 16 AND `m` = 4 AND `d` = 26  [ RunTime:0.0370s ]
SQL: SELECT * FROM `jsjkxyjs_visit` WHERE `y` = 16 AND `m` = 4 AND `d` = 27  [ RunTime:0.0370s ]
SQL: SELECT * FROM `jsjkxyjs_visit` WHERE `y` = 16 AND `m` = 4 AND `d` = 28  [ RunTime:0.0370s ]
SQL: SELECT * FROM `jsjkxyjs_visit` WHERE `y` = 16 AND `m` = 4 AND `d` = 29  [ RunTime:0.0370s ]
SQL: SELECT * FROM `jsjkxyjs_visit` WHERE `y` = 16 AND `m` = 4 AND `d` = 30  [ RunTime:0.0370s ]
SQL: SELECT * FROM `jsjkxyjs_visit` WHERE `y` = 16 AND `m` = 4 AND `d` = 31  [ RunTime:0.0370s ]
SQL: SELECT * FROM `jsjkxyjs_visit` WHERE `y` = 16 AND `m` = 3 AND `d` = 1  [ RunTime:0.0360s ]
SQL: SELECT * FROM `jsjkxyjs_visit` WHERE `y` = 16 AND `m` = 3 AND `d` = 2  [ RunTime:0.0370s ]
SQL: SELECT * FROM `jsjkxyjs_visit` WHERE `y` = 16 AND `m` = 3 AND `d` = 3  [ RunTime:0.0370s ]
SQL: SELECT * FROM `jsjkxyjs_visit` WHERE `y` = 16 AND `m` = 3 AND `d` = 4  [ RunTime:0.0370s ]
SQL: SELECT * FROM `jsjkxyjs_visit` WHERE `y` = 16 AND `m` = 3 AND `d` = 5  [ RunTime:0.0360s ]
SQL: SELECT * FROM `jsjkxyjs_visit` WHERE `y` = 16 AND `m` = 3 AND `d` = 6  [ RunTime:0.0370s ]
SQL: SELECT * FROM `jsjkxyjs_visit` WHERE `y` = 16 AND `m` = 3 AND `d` = 7  [ RunTime:0.0360s ]
SQL: SELECT * FROM `jsjkxyjs_visit` WHERE `y` = 16 AND `m` = 3 AND `d` = 8  [ RunTime:0.0370s ]
SQL: SELECT * FROM `jsjkxyjs_visit` WHERE `y` = 16 AND `m` = 3 AND `d` = 9  [ RunTime:0.0370s ]
SQL: SELECT * FROM `jsjkxyjs_visit` WHERE `y` = 16 AND `m` = 3 AND `d` = 10  [ RunTime:0.0370s ]
SQL: SELECT * FROM `jsjkxyjs_visit` WHERE `y` = 16 AND `m` = 3 AND `d` = 11  [ RunTime:0.0370s ]
SQL: SELECT * FROM `jsjkxyjs_visit` WHERE `y` = 16 AND `m` = 3 AND `d` = 12  [ RunTime:0.0370s ]
SQL: SELECT * FROM `jsjkxyjs_visit` WHERE `y` = 16 AND `m` = 3 AND `d` = 13  [ RunTime:0.0370s ]
SQL: SELECT * FROM `jsjkxyjs_visit` WHERE `y` = 16 AND `m` = 3 AND `d` = 14  [ RunTime:0.0360s ]
SQL: SELECT * FROM `jsjkxyjs_visit` WHERE `y` = 16 AND `m` = 3 AND `d` = 15  [ RunTime:0.0370s ]
SQL: SELECT * FROM `jsjkxyjs_visit` WHERE `y` = 16 AND `m` = 3 AND `d` = 16  [ RunTime:0.0370s ]
SQL: SELECT * FROM `jsjkxyjs_visit` WHERE `y` = 16 AND `m` = 3 AND `d` = 17  [ RunTime:0.0370s ]
SQL: SELECT * FROM `jsjkxyjs_visit` WHERE `y` = 16 AND `m` = 3 AND `d` = 18  [ RunTime:0.0370s ]
SQL: SELECT * FROM `jsjkxyjs_visit` WHERE `y` = 16 AND `m` = 3 AND `d` = 19  [ RunTime:0.0370s ]
SQL: SELECT * FROM `jsjkxyjs_visit` WHERE `y` = 16 AND `m` = 3 AND `d` = 20  [ RunTime:0.0370s ]
SQL: SELECT * FROM `jsjkxyjs_visit` WHERE `y` = 16 AND `m` = 3 AND `d` = 21  [ RunTime:0.0370s ]
SQL: SELECT * FROM `jsjkxyjs_visit` WHERE `y` = 16 AND `m` = 3 AND `d` = 22  [ RunTime:0.0370s ]
SQL: SELECT * FROM `jsjkxyjs_visit` WHERE `y` = 16 AND `m` = 3 AND `d` = 23  [ RunTime:0.0370s ]
SQL: SELECT * FROM `jsjkxyjs_visit` WHERE `y` = 16 AND `m` = 3 AND `d` = 24  [ RunTime:0.0370s ]
SQL: SELECT * FROM `jsjkxyjs_visit` WHERE `y` = 16 AND `m` = 3 AND `d` = 25  [ RunTime:0.0370s ]
SQL: SELECT * FROM `jsjkxyjs_visit` WHERE `y` = 16 AND `m` = 3 AND `d` = 26  [ RunTime:0.0370s ]
SQL: SELECT * FROM `jsjkxyjs_visit` WHERE `y` = 16 AND `m` = 3 AND `d` = 27  [ RunTime:0.0410s ]
SQL: SELECT * FROM `jsjkxyjs_visit` WHERE `y` = 16 AND `m` = 3 AND `d` = 28  [ RunTime:0.0370s ]
SQL: SELECT * FROM `jsjkxyjs_visit` WHERE `y` = 16 AND `m` = 3 AND `d` = 29  [ RunTime:0.0370s ]
SQL: SELECT * FROM `jsjkxyjs_visit` WHERE `y` = 16 AND `m` = 3 AND `d` = 30  [ RunTime:0.0370s ]
SQL: SELECT * FROM `jsjkxyjs_visit` WHERE `y` = 16 AND `m` = 3 AND `d` = 31  [ RunTime:0.0370s ]
ERR: 1146:Table 'jsjkxyjs.jsjkxyjs_mysql' doesn't exist
 [ SQL语句 ] : SHOW COLUMNS FROM `jsjkxyjs_mysql`
ERR: 1146:Table 'jsjkxyjs.jsjkxyjs_mysql' doesn't exist
 [ SQL语句 ] : SHOW COLUMNS FROM `jsjkxyjs_mysql`

[ 2016-04-08T08:22:53+08:00 ] ::1 /notebook_php/admin.php/Index/index/menu/3
INFO: [ app_init ] --START--
INFO: Run Behavior\BuildLiteBehavior [ RunTime:0.000000s ]
INFO: [ app_init ] --END-- [ RunTime:0.001000s ]
INFO: [ app_begin ] --START--
INFO: Run Behavior\ReadHtmlCacheBehavior [ RunTime:0.001000s ]
INFO: [ app_begin ] --END-- [ RunTime:0.002000s ]
SQL: SHOW COLUMNS FROM `jsjkxyjs_session` [ RunTime:0.0380s ]
SQL: SELECT * FROM `jsjkxyjs_session` WHERE ( ip='0.0.0.0' ) LIMIT 1   [ RunTime:0.0380s ]
SQL: SHOW COLUMNS FROM `jsjkxyjs_menu` [ RunTime:0.0380s ]
SQL: SELECT * FROM `jsjkxyjs_menu` WHERE `parentid` = 0 AND `app` = 'Admin' AND `status` = 1 AND `hidden` = 0 ORDER BY listorder asc  [ RunTime:0.0380s ]
SQL: SHOW COLUMNS FROM `jsjkxyjs_config` [ RunTime:0.0380s ]
SQL: SELECT * FROM `jsjkxyjs_config`  [ RunTime:0.0380s ]
SQL: SELECT * FROM `jsjkxyjs_menu` WHERE `parentid` = 3 AND `app` = 'Admin' AND `status` = 1 AND `hidden` = 0 ORDER BY listorder asc  [ RunTime:0.0380s ]
SQL: SELECT * FROM `jsjkxyjs_menu` WHERE `parentid` = 38 AND `app` = 'Admin' AND `status` = 1 AND `hidden` = 0 ORDER BY listorder asc  [ RunTime:0.0380s ]
SQL: SELECT * FROM `jsjkxyjs_menu` WHERE `parentid` = 44 AND `app` = 'Admin' AND `status` = 1 AND `hidden` = 0 ORDER BY listorder asc  [ RunTime:0.0380s ]
INFO: [ view_parse ] --START--
INFO: [ template_filter ] --START--
INFO: Run Behavior\ContentReplaceBehavior [ RunTime:0.001000s ]
INFO: [ template_filter ] --END-- [ RunTime:0.001000s ]
INFO: Run Behavior\ParseTemplateBehavior [ RunTime:0.028001s ]
INFO: [ view_parse ] --END-- [ RunTime:0.028001s ]
INFO: [ view_filter ] --START--
INFO: Run Behavior\WriteHtmlCacheBehavior [ RunTime:0.000000s ]
INFO: [ view_filter ] --END-- [ RunTime:0.001001s ]
INFO: [ app_end ] --START--
INFO: Run Behavior\ShowPageTraceBehavior [ RunTime:0.001000s ]
INFO: [ app_end ] --END-- [ RunTime:0.001000s ]

[ 2016-04-08T08:22:56+08:00 ] ::1 /notebook_php/admin.php/Center/index
INFO: [ app_init ] --START--
INFO: Run Behavior\BuildLiteBehavior [ RunTime:0.000000s ]
INFO: [ app_init ] --END-- [ RunTime:0.001001s ]
INFO: [ app_begin ] --START--
INFO: Run Behavior\ReadHtmlCacheBehavior [ RunTime:0.001000s ]
INFO: [ app_begin ] --END-- [ RunTime:0.001000s ]
SQL: SHOW COLUMNS FROM `jsjkxyjs_session` [ RunTime:0.0360s ]
SQL: SELECT * FROM `jsjkxyjs_session` WHERE ( ip='0.0.0.0' ) LIMIT 1   [ RunTime:0.0360s ]
SQL: SHOW COLUMNS FROM `jsjkxyjs_menu` [ RunTime:0.0360s ]
SQL: SELECT * FROM `jsjkxyjs_menu` WHERE `parentid` = 0 AND `app` = 'Admin' AND `status` = 1 AND `hidden` = 0 ORDER BY listorder asc  [ RunTime:0.0360s ]
SQL: SHOW COLUMNS FROM `jsjkxyjs_config` [ RunTime:0.0380s ]
SQL: SELECT * FROM `jsjkxyjs_config`  [ RunTime:0.0360s ]
SQL: SHOW COLUMNS FROM `jsjkxyjs_visit` [ RunTime:0.0360s ]
SQL: SELECT * FROM `jsjkxyjs_visit` WHERE `y` = 16 AND `m` = 4 AND `d` = 1  [ RunTime:0.0360s ]
SQL: SELECT * FROM `jsjkxyjs_visit` WHERE `y` = 16 AND `m` = 4 AND `d` = 2  [ RunTime:0.0360s ]
SQL: SELECT * FROM `jsjkxyjs_visit` WHERE `y` = 16 AND `m` = 4 AND `d` = 3  [ RunTime:0.0360s ]
SQL: SELECT * FROM `jsjkxyjs_visit` WHERE `y` = 16 AND `m` = 4 AND `d` = 4  [ RunTime:0.0360s ]
SQL: SELECT * FROM `jsjkxyjs_visit` WHERE `y` = 16 AND `m` = 4 AND `d` = 5  [ RunTime:0.0360s ]
SQL: SELECT * FROM `jsjkxyjs_visit` WHERE `y` = 16 AND `m` = 4 AND `d` = 6  [ RunTime:0.0360s ]
SQL: SELECT * FROM `jsjkxyjs_visit` WHERE `y` = 16 AND `m` = 4 AND `d` = 7  [ RunTime:0.0360s ]
SQL: SELECT * FROM `jsjkxyjs_visit` WHERE `y` = 16 AND `m` = 4 AND `d` = 8  [ RunTime:0.0410s ]
SQL: SELECT * FROM `jsjkxyjs_visit` WHERE `y` = 16 AND `m` = 4 AND `d` = 9  [ RunTime:0.0360s ]
SQL: SELECT * FROM `jsjkxyjs_visit` WHERE `y` = 16 AND `m` = 4 AND `d` = 10  [ RunTime:0.0360s ]
SQL: SELECT * FROM `jsjkxyjs_visit` WHERE `y` = 16 AND `m` = 4 AND `d` = 11  [ RunTime:0.0350s ]
SQL: SELECT * FROM `jsjkxyjs_visit` WHERE `y` = 16 AND `m` = 4 AND `d` = 12  [ RunTime:0.0360s ]
SQL: SELECT * FROM `jsjkxyjs_visit` WHERE `y` = 16 AND `m` = 4 AND `d` = 13  [ RunTime:0.0360s ]
SQL: SELECT * FROM `jsjkxyjs_visit` WHERE `y` = 16 AND `m` = 4 AND `d` = 14  [ RunTime:0.0360s ]
SQL: SELECT * FROM `jsjkxyjs_visit` WHERE `y` = 16 AND `m` = 4 AND `d` = 15  [ RunTime:0.0350s ]
SQL: SELECT * FROM `jsjkxyjs_visit` WHERE `y` = 16 AND `m` = 4 AND `d` = 16  [ RunTime:0.0360s ]
SQL: SELECT * FROM `jsjkxyjs_visit` WHERE `y` = 16 AND `m` = 4 AND `d` = 17  [ RunTime:0.0360s ]
SQL: SELECT * FROM `jsjkxyjs_visit` WHERE `y` = 16 AND `m` = 4 AND `d` = 18  [ RunTime:0.0350s ]
SQL: SELECT * FROM `jsjkxyjs_visit` WHERE `y` = 16 AND `m` = 4 AND `d` = 19  [ RunTime:0.0350s ]
SQL: SELECT * FROM `jsjkxyjs_visit` WHERE `y` = 16 AND `m` = 4 AND `d` = 20  [ RunTime:0.0360s ]
SQL: SELECT * FROM `jsjkxyjs_visit` WHERE `y` = 16 AND `m` = 4 AND `d` = 21  [ RunTime:0.0360s ]
SQL: SELECT * FROM `jsjkxyjs_visit` WHERE `y` = 16 AND `m` = 4 AND `d` = 22  [ RunTime:0.0360s ]
SQL: SELECT * FROM `jsjkxyjs_visit` WHERE `y` = 16 AND `m` = 4 AND `d` = 23  [ RunTime:0.0360s ]
SQL: SELECT * FROM `jsjkxyjs_visit` WHERE `y` = 16 AND `m` = 4 AND `d` = 24  [ RunTime:0.0360s ]
SQL: SELECT * FROM `jsjkxyjs_visit` WHERE `y` = 16 AND `m` = 4 AND `d` = 25  [ RunTime:0.0360s ]
SQL: SELECT * FROM `jsjkxyjs_visit` WHERE `y` = 16 AND `m` = 4 AND `d` = 26  [ RunTime:0.0360s ]
SQL: SELECT * FROM `jsjkxyjs_visit` WHERE `y` = 16 AND `m` = 4 AND `d` = 27  [ RunTime:0.0360s ]
SQL: SELECT * FROM `jsjkxyjs_visit` WHERE `y` = 16 AND `m` = 4 AND `d` = 28  [ RunTime:0.0360s ]
SQL: SELECT * FROM `jsjkxyjs_visit` WHERE `y` = 16 AND `m` = 4 AND `d` = 29  [ RunTime:0.0360s ]
SQL: SELECT * FROM `jsjkxyjs_visit` WHERE `y` = 16 AND `m` = 4 AND `d` = 30  [ RunTime:0.0360s ]
SQL: SELECT * FROM `jsjkxyjs_visit` WHERE `y` = 16 AND `m` = 4 AND `d` = 31  [ RunTime:0.0360s ]
SQL: SELECT * FROM `jsjkxyjs_visit` WHERE `y` = 16 AND `m` = 3 AND `d` = 1  [ RunTime:0.0360s ]
SQL: SELECT * FROM `jsjkxyjs_visit` WHERE `y` = 16 AND `m` = 3 AND `d` = 2  [ RunTime:0.0360s ]
SQL: SELECT * FROM `jsjkxyjs_visit` WHERE `y` = 16 AND `m` = 3 AND `d` = 3  [ RunTime:0.0360s ]
SQL: SELECT * FROM `jsjkxyjs_visit` WHERE `y` = 16 AND `m` = 3 AND `d` = 4  [ RunTime:0.0360s ]
SQL: SELECT * FROM `jsjkxyjs_visit` WHERE `y` = 16 AND `m` = 3 AND `d` = 5  [ RunTime:0.0360s ]
SQL: SELECT * FROM `jsjkxyjs_visit` WHERE `y` = 16 AND `m` = 3 AND `d` = 6  [ RunTime:0.0360s ]
SQL: SELECT * FROM `jsjkxyjs_visit` WHERE `y` = 16 AND `m` = 3 AND `d` = 7  [ RunTime:0.0360s ]
SQL: SELECT * FROM `jsjkxyjs_visit` WHERE `y` = 16 AND `m` = 3 AND `d` = 8  [ RunTime:0.0360s ]
SQL: SELECT * FROM `jsjkxyjs_visit` WHERE `y` = 16 AND `m` = 3 AND `d` = 9  [ RunTime:0.0360s ]
SQL: SELECT * FROM `jsjkxyjs_visit` WHERE `y` = 16 AND `m` = 3 AND `d` = 10  [ RunTime:0.0360s ]
SQL: SELECT * FROM `jsjkxyjs_visit` WHERE `y` = 16 AND `m` = 3 AND `d` = 11  [ RunTime:0.0360s ]
SQL: SELECT * FROM `jsjkxyjs_visit` WHERE `y` = 16 AND `m` = 3 AND `d` = 12  [ RunTime:0.0360s ]
SQL: SELECT * FROM `jsjkxyjs_visit` WHERE `y` = 16 AND `m` = 3 AND `d` = 13  [ RunTime:0.0360s ]
SQL: SELECT * FROM `jsjkxyjs_visit` WHERE `y` = 16 AND `m` = 3 AND `d` = 14  [ RunTime:0.0360s ]
SQL: SELECT * FROM `jsjkxyjs_visit` WHERE `y` = 16 AND `m` = 3 AND `d` = 15  [ RunTime:0.0360s ]
SQL: SELECT * FROM `jsjkxyjs_visit` WHERE `y` = 16 AND `m` = 3 AND `d` = 16  [ RunTime:0.0360s ]
SQL: SELECT * FROM `jsjkxyjs_visit` WHERE `y` = 16 AND `m` = 3 AND `d` = 17  [ RunTime:0.0360s ]
SQL: SELECT * FROM `jsjkxyjs_visit` WHERE `y` = 16 AND `m` = 3 AND `d` = 18  [ RunTime:0.0360s ]
SQL: SELECT * FROM `jsjkxyjs_visit` WHERE `y` = 16 AND `m` = 3 AND `d` = 19  [ RunTime:0.0360s ]
SQL: SELECT * FROM `jsjkxyjs_visit` WHERE `y` = 16 AND `m` = 3 AND `d` = 20  [ RunTime:0.0360s ]
SQL: SELECT * FROM `jsjkxyjs_visit` WHERE `y` = 16 AND `m` = 3 AND `d` = 21  [ RunTime:0.0360s ]
SQL: SELECT * FROM `jsjkxyjs_visit` WHERE `y` = 16 AND `m` = 3 AND `d` = 22  [ RunTime:0.0360s ]
SQL: SELECT * FROM `jsjkxyjs_visit` WHERE `y` = 16 AND `m` = 3 AND `d` = 23  [ RunTime:0.0360s ]
SQL: SELECT * FROM `jsjkxyjs_visit` WHERE `y` = 16 AND `m` = 3 AND `d` = 24  [ RunTime:0.0350s ]
SQL: SELECT * FROM `jsjkxyjs_visit` WHERE `y` = 16 AND `m` = 3 AND `d` = 25  [ RunTime:0.0360s ]
SQL: SELECT * FROM `jsjkxyjs_visit` WHERE `y` = 16 AND `m` = 3 AND `d` = 26  [ RunTime:0.0360s ]
SQL: SELECT * FROM `jsjkxyjs_visit` WHERE `y` = 16 AND `m` = 3 AND `d` = 27  [ RunTime:0.0360s ]
SQL: SELECT * FROM `jsjkxyjs_visit` WHERE `y` = 16 AND `m` = 3 AND `d` = 28  [ RunTime:0.0360s ]
SQL: SELECT * FROM `jsjkxyjs_visit` WHERE `y` = 16 AND `m` = 3 AND `d` = 29  [ RunTime:0.0350s ]
SQL: SELECT * FROM `jsjkxyjs_visit` WHERE `y` = 16 AND `m` = 3 AND `d` = 30  [ RunTime:0.0350s ]
SQL: SELECT * FROM `jsjkxyjs_visit` WHERE `y` = 16 AND `m` = 3 AND `d` = 31  [ RunTime:0.0350s ]
ERR: 1146:Table 'jsjkxyjs.jsjkxyjs_mysql' doesn't exist
 [ SQL语句 ] : SHOW COLUMNS FROM `jsjkxyjs_mysql`
ERR: 1146:Table 'jsjkxyjs.jsjkxyjs_mysql' doesn't exist
 [ SQL语句 ] : SHOW COLUMNS FROM `jsjkxyjs_mysql`

[ 2016-04-08T08:22:59+08:00 ] ::1 /notebook_php/admin.php/Center/index
INFO: [ app_init ] --START--
INFO: Run Behavior\BuildLiteBehavior [ RunTime:0.000000s ]
INFO: [ app_init ] --END-- [ RunTime:0.000000s ]
INFO: [ app_begin ] --START--
INFO: Run Behavior\ReadHtmlCacheBehavior [ RunTime:0.001000s ]
INFO: [ app_begin ] --END-- [ RunTime:0.001000s ]
SQL: SHOW COLUMNS FROM `jsjkxyjs_session` [ RunTime:0.0350s ]
SQL: SELECT * FROM `jsjkxyjs_session` WHERE ( ip='0.0.0.0' ) LIMIT 1   [ RunTime:0.0350s ]
SQL: SHOW COLUMNS FROM `jsjkxyjs_menu` [ RunTime:0.0350s ]
SQL: SELECT * FROM `jsjkxyjs_menu` WHERE `parentid` = 0 AND `app` = 'Admin' AND `status` = 1 AND `hidden` = 0 ORDER BY listorder asc  [ RunTime:0.0350s ]
SQL: SHOW COLUMNS FROM `jsjkxyjs_config` [ RunTime:0.0350s ]
SQL: SELECT * FROM `jsjkxyjs_config`  [ RunTime:0.0350s ]
SQL: SHOW COLUMNS FROM `jsjkxyjs_visit` [ RunTime:0.0350s ]
SQL: SELECT * FROM `jsjkxyjs_visit` WHERE `y` = 16 AND `m` = 4 AND `d` = 1  [ RunTime:0.0350s ]
SQL: SELECT * FROM `jsjkxyjs_visit` WHERE `y` = 16 AND `m` = 4 AND `d` = 2  [ RunTime:0.0350s ]
SQL: SELECT * FROM `jsjkxyjs_visit` WHERE `y` = 16 AND `m` = 4 AND `d` = 3  [ RunTime:0.0340s ]
SQL: SELECT * FROM `jsjkxyjs_visit` WHERE `y` = 16 AND `m` = 4 AND `d` = 4  [ RunTime:0.0350s ]
SQL: SELECT * FROM `jsjkxyjs_visit` WHERE `y` = 16 AND `m` = 4 AND `d` = 5  [ RunTime:0.0350s ]
SQL: SELECT * FROM `jsjkxyjs_visit` WHERE `y` = 16 AND `m` = 4 AND `d` = 6  [ RunTime:0.0340s ]
SQL: SELECT * FROM `jsjkxyjs_visit` WHERE `y` = 16 AND `m` = 4 AND `d` = 7  [ RunTime:0.0350s ]
SQL: SELECT * FROM `jsjkxyjs_visit` WHERE `y` = 16 AND `m` = 4 AND `d` = 8  [ RunTime:0.0350s ]
SQL: SELECT * FROM `jsjkxyjs_visit` WHERE `y` = 16 AND `m` = 4 AND `d` = 9  [ RunTime:0.0350s ]
SQL: SELECT * FROM `jsjkxyjs_visit` WHERE `y` = 16 AND `m` = 4 AND `d` = 10  [ RunTime:0.0340s ]
SQL: SELECT * FROM `jsjkxyjs_visit` WHERE `y` = 16 AND `m` = 4 AND `d` = 11  [ RunTime:0.0340s ]
SQL: SELECT * FROM `jsjkxyjs_visit` WHERE `y` = 16 AND `m` = 4 AND `d` = 12  [ RunTime:0.0350s ]
SQL: SELECT * FROM `jsjkxyjs_visit` WHERE `y` = 16 AND `m` = 4 AND `d` = 13  [ RunTime:0.0340s ]
SQL: SELECT * FROM `jsjkxyjs_visit` WHERE `y` = 16 AND `m` = 4 AND `d` = 14  [ RunTime:0.0350s ]
SQL: SELECT * FROM `jsjkxyjs_visit` WHERE `y` = 16 AND `m` = 4 AND `d` = 15  [ RunTime:0.0340s ]
SQL: SELECT * FROM `jsjkxyjs_visit` WHERE `y` = 16 AND `m` = 4 AND `d` = 16  [ RunTime:0.0350s ]
SQL: SELECT * FROM `jsjkxyjs_visit` WHERE `y` = 16 AND `m` = 4 AND `d` = 17  [ RunTime:0.0340s ]
SQL: SELECT * FROM `jsjkxyjs_visit` WHERE `y` = 16 AND `m` = 4 AND `d` = 18  [ RunTime:0.0350s ]
SQL: SELECT * FROM `jsjkxyjs_visit` WHERE `y` = 16 AND `m` = 4 AND `d` = 19  [ RunTime:0.0350s ]
SQL: SELECT * FROM `jsjkxyjs_visit` WHERE `y` = 16 AND `m` = 4 AND `d` = 20  [ RunTime:0.0350s ]
SQL: SELECT * FROM `jsjkxyjs_visit` WHERE `y` = 16 AND `m` = 4 AND `d` = 21  [ RunTime:0.0350s ]
SQL: SELECT * FROM `jsjkxyjs_visit` WHERE `y` = 16 AND `m` = 4 AND `d` = 22  [ RunTime:0.0350s ]
SQL: SELECT * FROM `jsjkxyjs_visit` WHERE `y` = 16 AND `m` = 4 AND `d` = 23  [ RunTime:0.0350s ]
SQL: SELECT * FROM `jsjkxyjs_visit` WHERE `y` = 16 AND `m` = 4 AND `d` = 24  [ RunTime:0.0350s ]
SQL: SELECT * FROM `jsjkxyjs_visit` WHERE `y` = 16 AND `m` = 4 AND `d` = 25  [ RunTime:0.0340s ]
SQL: SELECT * FROM `jsjkxyjs_visit` WHERE `y` = 16 AND `m` = 4 AND `d` = 26  [ RunTime:0.0350s ]
SQL: SELECT * FROM `jsjkxyjs_visit` WHERE `y` = 16 AND `m` = 4 AND `d` = 27  [ RunTime:0.0350s ]
SQL: SELECT * FROM `jsjkxyjs_visit` WHERE `y` = 16 AND `m` = 4 AND `d` = 28  [ RunTime:0.0350s ]
SQL: SELECT * FROM `jsjkxyjs_visit` WHERE `y` = 16 AND `m` = 4 AND `d` = 29  [ RunTime:0.0350s ]
SQL: SELECT * FROM `jsjkxyjs_visit` WHERE `y` = 16 AND `m` = 4 AND `d` = 30  [ RunTime:0.0350s ]
SQL: SELECT * FROM `jsjkxyjs_visit` WHERE `y` = 16 AND `m` = 4 AND `d` = 31  [ RunTime:0.0350s ]
SQL: SELECT * FROM `jsjkxyjs_visit` WHERE `y` = 16 AND `m` = 3 AND `d` = 1  [ RunTime:0.0350s ]
SQL: SELECT * FROM `jsjkxyjs_visit` WHERE `y` = 16 AND `m` = 3 AND `d` = 2  [ RunTime:0.0350s ]
SQL: SELECT * FROM `jsjkxyjs_visit` WHERE `y` = 16 AND `m` = 3 AND `d` = 3  [ RunTime:0.0350s ]
SQL: SELECT * FROM `jsjkxyjs_visit` WHERE `y` = 16 AND `m` = 3 AND `d` = 4  [ RunTime:0.0350s ]
SQL: SELECT * FROM `jsjkxyjs_visit` WHERE `y` = 16 AND `m` = 3 AND `d` = 5  [ RunTime:0.0350s ]
SQL: SELECT * FROM `jsjkxyjs_visit` WHERE `y` = 16 AND `m` = 3 AND `d` = 6  [ RunTime:0.0350s ]
SQL: SELECT * FROM `jsjkxyjs_visit` WHERE `y` = 16 AND `m` = 3 AND `d` = 7  [ RunTime:0.0350s ]
SQL: SELECT * FROM `jsjkxyjs_visit` WHERE `y` = 16 AND `m` = 3 AND `d` = 8  [ RunTime:0.0350s ]
SQL: SELECT * FROM `jsjkxyjs_visit` WHERE `y` = 16 AND `m` = 3 AND `d` = 9  [ RunTime:0.0350s ]
SQL: SELECT * FROM `jsjkxyjs_visit` WHERE `y` = 16 AND `m` = 3 AND `d` = 10  [ RunTime:0.0340s ]
SQL: SELECT * FROM `jsjkxyjs_visit` WHERE `y` = 16 AND `m` = 3 AND `d` = 11  [ RunTime:0.0350s ]
SQL: SELECT * FROM `jsjkxyjs_visit` WHERE `y` = 16 AND `m` = 3 AND `d` = 12  [ RunTime:0.0350s ]
SQL: SELECT * FROM `jsjkxyjs_visit` WHERE `y` = 16 AND `m` = 3 AND `d` = 13  [ RunTime:0.0350s ]
SQL: SELECT * FROM `jsjkxyjs_visit` WHERE `y` = 16 AND `m` = 3 AND `d` = 14  [ RunTime:0.0350s ]
SQL: SELECT * FROM `jsjkxyjs_visit` WHERE `y` = 16 AND `m` = 3 AND `d` = 15  [ RunTime:0.0350s ]
SQL: SELECT * FROM `jsjkxyjs_visit` WHERE `y` = 16 AND `m` = 3 AND `d` = 16  [ RunTime:0.0350s ]
SQL: SELECT * FROM `jsjkxyjs_visit` WHERE `y` = 16 AND `m` = 3 AND `d` = 17  [ RunTime:0.0350s ]
SQL: SELECT * FROM `jsjkxyjs_visit` WHERE `y` = 16 AND `m` = 3 AND `d` = 18  [ RunTime:0.0350s ]
SQL: SELECT * FROM `jsjkxyjs_visit` WHERE `y` = 16 AND `m` = 3 AND `d` = 19  [ RunTime:0.0350s ]
SQL: SELECT * FROM `jsjkxyjs_visit` WHERE `y` = 16 AND `m` = 3 AND `d` = 20  [ RunTime:0.0350s ]
SQL: SELECT * FROM `jsjkxyjs_visit` WHERE `y` = 16 AND `m` = 3 AND `d` = 21  [ RunTime:0.0350s ]
SQL: SELECT * FROM `jsjkxyjs_visit` WHERE `y` = 16 AND `m` = 3 AND `d` = 22  [ RunTime:0.0350s ]
SQL: SELECT * FROM `jsjkxyjs_visit` WHERE `y` = 16 AND `m` = 3 AND `d` = 23  [ RunTime:0.0350s ]
SQL: SELECT * FROM `jsjkxyjs_visit` WHERE `y` = 16 AND `m` = 3 AND `d` = 24  [ RunTime:0.0350s ]
SQL: SELECT * FROM `jsjkxyjs_visit` WHERE `y` = 16 AND `m` = 3 AND `d` = 25  [ RunTime:0.0350s ]
SQL: SELECT * FROM `jsjkxyjs_visit` WHERE `y` = 16 AND `m` = 3 AND `d` = 26  [ RunTime:0.0350s ]
SQL: SELECT * FROM `jsjkxyjs_visit` WHERE `y` = 16 AND `m` = 3 AND `d` = 27  [ RunTime:0.0350s ]
SQL: SELECT * FROM `jsjkxyjs_visit` WHERE `y` = 16 AND `m` = 3 AND `d` = 28  [ RunTime:0.0350s ]
SQL: SELECT * FROM `jsjkxyjs_visit` WHERE `y` = 16 AND `m` = 3 AND `d` = 29  [ RunTime:0.0350s ]
SQL: SELECT * FROM `jsjkxyjs_visit` WHERE `y` = 16 AND `m` = 3 AND `d` = 30  [ RunTime:0.0350s ]
SQL: SELECT * FROM `jsjkxyjs_visit` WHERE `y` = 16 AND `m` = 3 AND `d` = 31  [ RunTime:0.0350s ]
ERR: 1146:Table 'jsjkxyjs.jsjkxyjs_mysql' doesn't exist
 [ SQL语句 ] : SHOW COLUMNS FROM `jsjkxyjs_mysql`
ERR: 1146:Table 'jsjkxyjs.jsjkxyjs_mysql' doesn't exist
 [ SQL语句 ] : SHOW COLUMNS FROM `jsjkxyjs_mysql`

